[0.160s] DEBUG:colcon:Command line arguments: ['/usr/bin/colcon', 'build']
[0.160s] DEBUG:colcon:Parsed command line arguments: Namespace(log_base=None, log_level=None, verb_name='build', build_base='build', install_base='install', merge_install=False, symlink_install=False, test_result_base=None, continue_on_error=False, executor='parallel', parallel_workers=4, event_handlers=None, ignore_user_meta=False, metas=['./colcon.meta'], base_paths=['.'], packages_ignore=None, packages_ignore_regex=None, paths=None, packages_up_to=None, packages_up_to_regex=None, packages_above=None, packages_above_and_dependencies=None, packages_above_depth=None, packages_select_by_dep=None, packages_skip_by_dep=None, packages_skip_up_to=None, packages_select_build_failed=False, packages_skip_build_finished=False, packages_select_test_failures=False, packages_skip_test_passed=False, packages_select=None, packages_skip=None, packages_select_regex=None, packages_skip_regex=None, packages_start=None, packages_end=None, allow_overriding=[], cmake_args=None, cmake_target=None, cmake_target_skip_unavailable=False, cmake_clean_cache=False, cmake_clean_first=False, cmake_force_configure=False, ament_cmake_args=None, catkin_cmake_args=None, catkin_skip_building_tests=False, mixin_files=None, mixin=None, verb_parser=<colcon_mixin.mixin.mixin_argument.MixinArgumentDecorator object at 0x798c5dcea6b0>, verb_extension=<colcon_core.verb.build.BuildVerb object at 0x798c5dcea140>, main=<bound method BuildVerb.main of <colcon_core.verb.build.BuildVerb object at 0x798c5dcea140>>, mixin_verb=('build',))
[0.404s] Level 1:colcon.colcon_core.package_discovery:discover_packages(colcon_meta) check parameters
[0.404s] Level 1:colcon.colcon_core.package_discovery:discover_packages(recursive) check parameters
[0.404s] Level 1:colcon.colcon_core.package_discovery:discover_packages(ignore) check parameters
[0.405s] Level 1:colcon.colcon_core.package_discovery:discover_packages(path) check parameters
[0.405s] Level 1:colcon.colcon_core.package_discovery:discover_packages(colcon_meta) discover
[0.405s] Level 1:colcon.colcon_core.package_discovery:discover_packages(recursive) discover
[0.405s] INFO:colcon.colcon_core.package_discovery:Crawling recursively for packages in '/home/muztahid/ros_codes/mt_codes/pyserial_test'
[0.405s] Level 1:colcon.colcon_core.package_identification:_identify(.) by extensions ['ignore', 'ignore_ament_install']
[0.406s] Level 1:colcon.colcon_core.package_identification:_identify(.) by extension 'ignore'
[0.406s] Level 1:colcon.colcon_core.package_identification:_identify(.) by extension 'ignore_ament_install'
[0.406s] Level 1:colcon.colcon_core.package_identification:_identify(.) by extensions ['colcon_pkg']
[0.406s] Level 1:colcon.colcon_core.package_identification:_identify(.) by extension 'colcon_pkg'
[0.406s] Level 1:colcon.colcon_core.package_identification:_identify(.) by extensions ['colcon_meta']
[0.406s] Level 1:colcon.colcon_core.package_identification:_identify(.) by extension 'colcon_meta'
[0.406s] Level 1:colcon.colcon_core.package_identification:_identify(.) by extensions ['ros']
[0.406s] Level 1:colcon.colcon_core.package_identification:_identify(.) by extension 'ros'
[0.422s] Level 1:colcon.colcon_core.package_identification:_identify(.) by extensions ['cmake', 'python']
[0.422s] Level 1:colcon.colcon_core.package_identification:_identify(.) by extension 'cmake'
[0.423s] Level 1:colcon.colcon_core.package_identification:_identify(.) by extension 'python'
[0.423s] Level 1:colcon.colcon_core.package_identification:_identify(.) by extensions ['python_setup_py']
[0.423s] Level 1:colcon.colcon_core.package_identification:_identify(.) by extension 'python_setup_py'
[0.423s] Level 1:colcon.colcon_core.package_identification:_identify(build) by extensions ['ignore', 'ignore_ament_install']
[0.423s] Level 1:colcon.colcon_core.package_identification:_identify(build) by extension 'ignore'
[0.423s] Level 1:colcon.colcon_core.package_identification:_identify(build) ignored
[0.423s] Level 1:colcon.colcon_core.package_identification:_identify(install) by extensions ['ignore', 'ignore_ament_install']
[0.424s] Level 1:colcon.colcon_core.package_identification:_identify(install) by extension 'ignore'
[0.424s] Level 1:colcon.colcon_core.package_identification:_identify(install) ignored
[0.424s] Level 1:colcon.colcon_core.package_identification:_identify(log) by extensions ['ignore', 'ignore_ament_install']
[0.424s] Level 1:colcon.colcon_core.package_identification:_identify(log) by extension 'ignore'
[0.424s] Level 1:colcon.colcon_core.package_identification:_identify(log) ignored
[0.424s] Level 1:colcon.colcon_core.package_identification:_identify(src) by extensions ['ignore', 'ignore_ament_install']
[0.424s] Level 1:colcon.colcon_core.package_identification:_identify(src) by extension 'ignore'
[0.425s] Level 1:colcon.colcon_core.package_identification:_identify(src) by extension 'ignore_ament_install'
[0.425s] Level 1:colcon.colcon_core.package_identification:_identify(src) by extensions ['colcon_pkg']
[0.425s] Level 1:colcon.colcon_core.package_identification:_identify(src) by extension 'colcon_pkg'
[0.425s] Level 1:colcon.colcon_core.package_identification:_identify(src) by extensions ['colcon_meta']
[0.425s] Level 1:colcon.colcon_core.package_identification:_identify(src) by extension 'colcon_meta'
[0.425s] Level 1:colcon.colcon_core.package_identification:_identify(src) by extensions ['ros']
[0.425s] Level 1:colcon.colcon_core.package_identification:_identify(src) by extension 'ros'
[0.425s] Level 1:colcon.colcon_core.package_identification:_identify(src) by extensions ['cmake', 'python']
[0.425s] Level 1:colcon.colcon_core.package_identification:_identify(src) by extension 'cmake'
[0.425s] Level 1:colcon.colcon_core.package_identification:_identify(src) by extension 'python'
[0.425s] Level 1:colcon.colcon_core.package_identification:_identify(src) by extensions ['python_setup_py']
[0.426s] Level 1:colcon.colcon_core.package_identification:_identify(src) by extension 'python_setup_py'
[0.426s] Level 1:colcon.colcon_core.package_identification:_identify(src/pysender) by extensions ['ignore', 'ignore_ament_install']
[0.426s] Level 1:colcon.colcon_core.package_identification:_identify(src/pysender) by extension 'ignore'
[0.426s] Level 1:colcon.colcon_core.package_identification:_identify(src/pysender) by extension 'ignore_ament_install'
[0.426s] Level 1:colcon.colcon_core.package_identification:_identify(src/pysender) by extensions ['colcon_pkg']
[0.426s] Level 1:colcon.colcon_core.package_identification:_identify(src/pysender) by extension 'colcon_pkg'
[0.426s] Level 1:colcon.colcon_core.package_identification:_identify(src/pysender) by extensions ['colcon_meta']
[0.426s] Level 1:colcon.colcon_core.package_identification:_identify(src/pysender) by extension 'colcon_meta'
[0.426s] Level 1:colcon.colcon_core.package_identification:_identify(src/pysender) by extensions ['ros']
[0.426s] Level 1:colcon.colcon_core.package_identification:_identify(src/pysender) by extension 'ros'
[0.430s] DEBUG:colcon.colcon_core.package_identification:Package 'src/pysender' with type 'ros.ament_python' and name 'pysender'
[0.430s] Level 1:colcon.colcon_core.package_identification:_identify(src/rover_control_test) by extensions ['ignore', 'ignore_ament_install']
[0.430s] Level 1:colcon.colcon_core.package_identification:_identify(src/rover_control_test) by extension 'ignore'
[0.430s] Level 1:colcon.colcon_core.package_identification:_identify(src/rover_control_test) by extension 'ignore_ament_install'
[0.430s] Level 1:colcon.colcon_core.package_identification:_identify(src/rover_control_test) by extensions ['colcon_pkg']
[0.431s] Level 1:colcon.colcon_core.package_identification:_identify(src/rover_control_test) by extension 'colcon_pkg'
[0.431s] Level 1:colcon.colcon_core.package_identification:_identify(src/rover_control_test) by extensions ['colcon_meta']
[0.431s] Level 1:colcon.colcon_core.package_identification:_identify(src/rover_control_test) by extension 'colcon_meta'
[0.431s] Level 1:colcon.colcon_core.package_identification:_identify(src/rover_control_test) by extensions ['ros']
[0.431s] Level 1:colcon.colcon_core.package_identification:_identify(src/rover_control_test) by extension 'ros'
[0.432s] DEBUG:colcon.colcon_core.package_identification:Package 'src/rover_control_test' with type 'ros.ament_python' and name 'rover_control_test'
[0.432s] Level 1:colcon.colcon_core.package_discovery:discover_packages(recursive) using defaults
[0.432s] Level 1:colcon.colcon_core.package_discovery:discover_packages(ignore) discover
[0.432s] Level 1:colcon.colcon_core.package_discovery:discover_packages(ignore) using defaults
[0.432s] Level 1:colcon.colcon_core.package_discovery:discover_packages(path) discover
[0.432s] Level 1:colcon.colcon_core.package_discovery:discover_packages(path) using defaults
[0.473s] Level 1:colcon.colcon_core.package_discovery:discover_packages(prefix_path) check parameters
[0.473s] Level 1:colcon.colcon_core.package_discovery:discover_packages(prefix_path) discover
[0.475s] DEBUG:colcon.colcon_installed_package_information.package_discovery:Found 2 installed packages in /home/muztahid/ros_codes/mt_codes/pyserial_test/install
[0.476s] DEBUG:colcon.colcon_installed_package_information.package_discovery:Found 1 installed packages in /home/muztahid/ros_codes/joystick_drivers/joy/install
[0.478s] DEBUG:colcon.colcon_installed_package_information.package_discovery:Found 274 installed packages in /opt/ros/humble
[0.480s] Level 1:colcon.colcon_core.package_discovery:discover_packages(prefix_path) using defaults
[0.535s] Level 5:colcon.colcon_core.verb:set package 'pysender' build argument 'cmake_args' from command line to 'None'
[0.535s] Level 5:colcon.colcon_core.verb:set package 'pysender' build argument 'cmake_target' from command line to 'None'
[0.535s] Level 5:colcon.colcon_core.verb:set package 'pysender' build argument 'cmake_target_skip_unavailable' from command line to 'False'
[0.535s] Level 5:colcon.colcon_core.verb:set package 'pysender' build argument 'cmake_clean_cache' from command line to 'False'
[0.535s] Level 5:colcon.colcon_core.verb:set package 'pysender' build argument 'cmake_clean_first' from command line to 'False'
[0.535s] Level 5:colcon.colcon_core.verb:set package 'pysender' build argument 'cmake_force_configure' from command line to 'False'
[0.535s] Level 5:colcon.colcon_core.verb:set package 'pysender' build argument 'ament_cmake_args' from command line to 'None'
[0.535s] Level 5:colcon.colcon_core.verb:set package 'pysender' build argument 'catkin_cmake_args' from command line to 'None'
[0.535s] Level 5:colcon.colcon_core.verb:set package 'pysender' build argument 'catkin_skip_building_tests' from command line to 'False'
[0.535s] DEBUG:colcon.colcon_core.verb:Building package 'pysender' with the following arguments: {'ament_cmake_args': None, 'build_base': '/home/muztahid/ros_codes/mt_codes/pyserial_test/build/pysender', 'catkin_cmake_args': None, 'catkin_skip_building_tests': False, 'cmake_args': None, 'cmake_clean_cache': False, 'cmake_clean_first': False, 'cmake_force_configure': False, 'cmake_target': None, 'cmake_target_skip_unavailable': False, 'install_base': '/home/muztahid/ros_codes/mt_codes/pyserial_test/install/pysender', 'merge_install': False, 'path': '/home/muztahid/ros_codes/mt_codes/pyserial_test/src/pysender', 'symlink_install': False, 'test_result_base': None}
[0.536s] Level 5:colcon.colcon_core.verb:set package 'rover_control_test' build argument 'cmake_args' from command line to 'None'
[0.536s] Level 5:colcon.colcon_core.verb:set package 'rover_control_test' build argument 'cmake_target' from command line to 'None'
[0.536s] Level 5:colcon.colcon_core.verb:set package 'rover_control_test' build argument 'cmake_target_skip_unavailable' from command line to 'False'
[0.536s] Level 5:colcon.colcon_core.verb:set package 'rover_control_test' build argument 'cmake_clean_cache' from command line to 'False'
[0.536s] Level 5:colcon.colcon_core.verb:set package 'rover_control_test' build argument 'cmake_clean_first' from command line to 'False'
[0.536s] Level 5:colcon.colcon_core.verb:set package 'rover_control_test' build argument 'cmake_force_configure' from command line to 'False'
[0.536s] Level 5:colcon.colcon_core.verb:set package 'rover_control_test' build argument 'ament_cmake_args' from command line to 'None'
[0.537s] Level 5:colcon.colcon_core.verb:set package 'rover_control_test' build argument 'catkin_cmake_args' from command line to 'None'
[0.537s] Level 5:colcon.colcon_core.verb:set package 'rover_control_test' build argument 'catkin_skip_building_tests' from command line to 'False'
[0.537s] DEBUG:colcon.colcon_core.verb:Building package 'rover_control_test' with the following arguments: {'ament_cmake_args': None, 'build_base': '/home/muztahid/ros_codes/mt_codes/pyserial_test/build/rover_control_test', 'catkin_cmake_args': None, 'catkin_skip_building_tests': False, 'cmake_args': None, 'cmake_clean_cache': False, 'cmake_clean_first': False, 'cmake_force_configure': False, 'cmake_target': None, 'cmake_target_skip_unavailable': False, 'install_base': '/home/muztahid/ros_codes/mt_codes/pyserial_test/install/rover_control_test', 'merge_install': False, 'path': '/home/muztahid/ros_codes/mt_codes/pyserial_test/src/rover_control_test', 'symlink_install': False, 'test_result_base': None}
[0.537s] INFO:colcon.colcon_core.executor:Executing jobs using 'parallel' executor
[0.538s] DEBUG:colcon.colcon_parallel_executor.executor.parallel:run_until_complete
[0.539s] INFO:colcon.colcon_ros.task.ament_python.build:Building ROS package in '/home/muztahid/ros_codes/mt_codes/pyserial_test/src/pysender' with build type 'ament_python'
[0.539s] Level 1:colcon.colcon_core.shell:create_environment_hook('pysender', 'ament_prefix_path')
[0.542s] INFO:colcon.colcon_core.plugin_system:Skipping extension 'colcon_core.shell.bat': Not used on non-Windows systems
[0.543s] INFO:colcon.colcon_core.shell:Creating environment hook '/home/muztahid/ros_codes/mt_codes/pyserial_test/install/pysender/share/pysender/hook/ament_prefix_path.ps1'
[0.544s] INFO:colcon.colcon_core.shell:Creating environment descriptor '/home/muztahid/ros_codes/mt_codes/pyserial_test/install/pysender/share/pysender/hook/ament_prefix_path.dsv'
[0.545s] INFO:colcon.colcon_core.shell:Creating environment hook '/home/muztahid/ros_codes/mt_codes/pyserial_test/install/pysender/share/pysender/hook/ament_prefix_path.sh'
[0.547s] INFO:colcon.colcon_core.shell:Skip shell extension 'powershell' for command environment: Not usable outside of PowerShell
[0.547s] DEBUG:colcon.colcon_core.shell:Skip shell extension 'dsv' for command environment
[0.556s] INFO:colcon.colcon_ros.task.ament_python.build:Building ROS package in '/home/muztahid/ros_codes/mt_codes/pyserial_test/src/rover_control_test' with build type 'ament_python'
[0.556s] Level 1:colcon.colcon_core.shell:create_environment_hook('rover_control_test', 'ament_prefix_path')
[0.557s] INFO:colcon.colcon_core.shell:Creating environment hook '/home/muztahid/ros_codes/mt_codes/pyserial_test/install/rover_control_test/share/rover_control_test/hook/ament_prefix_path.ps1'
[0.558s] INFO:colcon.colcon_core.shell:Creating environment descriptor '/home/muztahid/ros_codes/mt_codes/pyserial_test/install/rover_control_test/share/rover_control_test/hook/ament_prefix_path.dsv'
[0.559s] INFO:colcon.colcon_core.shell:Creating environment hook '/home/muztahid/ros_codes/mt_codes/pyserial_test/install/rover_control_test/share/rover_control_test/hook/ament_prefix_path.sh'
[0.560s] INFO:colcon.colcon_core.shell:Skip shell extension 'powershell' for command environment: Not usable outside of PowerShell
[0.561s] DEBUG:colcon.colcon_core.shell:Skip shell extension 'dsv' for command environment
[1.021s] INFO:colcon.colcon_core.task.python.build:Building Python package in '/home/muztahid/ros_codes/mt_codes/pyserial_test/src/pysender'
[1.022s] INFO:colcon.colcon_core.shell:Skip shell extension 'powershell' for command environment: Not usable outside of PowerShell
[1.022s] DEBUG:colcon.colcon_core.shell:Skip shell extension 'dsv' for command environment
[1.423s] INFO:colcon.colcon_core.task.python.build:Building Python package in '/home/muztahid/ros_codes/mt_codes/pyserial_test/src/rover_control_test'
[1.423s] INFO:colcon.colcon_core.shell:Skip shell extension 'powershell' for command environment: Not usable outside of PowerShell
[1.423s] DEBUG:colcon.colcon_core.shell:Skip shell extension 'dsv' for command environment
[2.004s] DEBUG:colcon.colcon_core.event_handler.log_command:Invoking command in '/home/muztahid/ros_codes/mt_codes/pyserial_test/build/pysender': PYTHONPATH=/home/muztahid/ros_codes/mt_codes/pyserial_test/build/pysender/prefix_override:/usr/lib/python3/dist-packages/colcon_core/task/python/colcon_distutils_commands:/home/muztahid/ros_codes/mt_codes/pyserial_test/install/pysender/lib/python3.10/site-packages:${PYTHONPATH} /usr/bin/python3 -W ignore:setup.py install is deprecated -W ignore:easy_install command is deprecated setup.py develop --uninstall --editable --build-directory /home/muztahid/ros_codes/mt_codes/pyserial_test/build/pysender/build
[2.019s] DEBUG:colcon.colcon_core.event_handler.log_command:Invoking command in '/home/muztahid/ros_codes/mt_codes/pyserial_test/build/rover_control_test': PYTHONPATH=/home/muztahid/ros_codes/mt_codes/pyserial_test/build/rover_control_test/prefix_override:/usr/lib/python3/dist-packages/colcon_core/task/python/colcon_distutils_commands:/home/muztahid/ros_codes/mt_codes/pyserial_test/install/rover_control_test/lib/python3.10/site-packages:${PYTHONPATH} /usr/bin/python3 -W ignore:setup.py install is deprecated -W ignore:easy_install command is deprecated setup.py develop --uninstall --editable --build-directory /home/muztahid/ros_codes/mt_codes/pyserial_test/build/rover_control_test/build
[2.897s] DEBUG:colcon.colcon_core.event_handler.log_command:Invoked command in '/home/muztahid/ros_codes/mt_codes/pyserial_test/build/rover_control_test' returned '0': PYTHONPATH=/home/muztahid/ros_codes/mt_codes/pyserial_test/build/rover_control_test/prefix_override:/usr/lib/python3/dist-packages/colcon_core/task/python/colcon_distutils_commands:/home/muztahid/ros_codes/mt_codes/pyserial_test/install/rover_control_test/lib/python3.10/site-packages:${PYTHONPATH} /usr/bin/python3 -W ignore:setup.py install is deprecated -W ignore:easy_install command is deprecated setup.py develop --uninstall --editable --build-directory /home/muztahid/ros_codes/mt_codes/pyserial_test/build/rover_control_test/build
[2.901s] DEBUG:colcon.colcon_core.event_handler.log_command:Invoking command in '/home/muztahid/ros_codes/mt_codes/pyserial_test/src/rover_control_test': PYTHONPATH=/home/muztahid/ros_codes/mt_codes/pyserial_test/build/rover_control_test/prefix_override:/usr/lib/python3/dist-packages/colcon_core/task/python/colcon_distutils_commands:/home/muztahid/ros_codes/mt_codes/pyserial_test/install/rover_control_test/lib/python3.10/site-packages:${PYTHONPATH} /usr/bin/python3 -W ignore:setup.py install is deprecated -W ignore:easy_install command is deprecated setup.py egg_info --egg-base ../../build/rover_control_test build --build-base /home/muztahid/ros_codes/mt_codes/pyserial_test/build/rover_control_test/build install --record /home/muztahid/ros_codes/mt_codes/pyserial_test/build/rover_control_test/install.log --single-version-externally-managed install_data --force
[2.905s] DEBUG:colcon.colcon_core.event_handler.log_command:Invoked command in '/home/muztahid/ros_codes/mt_codes/pyserial_test/build/pysender' returned '0': PYTHONPATH=/home/muztahid/ros_codes/mt_codes/pyserial_test/build/pysender/prefix_override:/usr/lib/python3/dist-packages/colcon_core/task/python/colcon_distutils_commands:/home/muztahid/ros_codes/mt_codes/pyserial_test/install/pysender/lib/python3.10/site-packages:${PYTHONPATH} /usr/bin/python3 -W ignore:setup.py install is deprecated -W ignore:easy_install command is deprecated setup.py develop --uninstall --editable --build-directory /home/muztahid/ros_codes/mt_codes/pyserial_test/build/pysender/build
[2.909s] DEBUG:colcon.colcon_core.event_handler.log_command:Invoking command in '/home/muztahid/ros_codes/mt_codes/pyserial_test/src/pysender': PYTHONPATH=/home/muztahid/ros_codes/mt_codes/pyserial_test/build/pysender/prefix_override:/usr/lib/python3/dist-packages/colcon_core/task/python/colcon_distutils_commands:/home/muztahid/ros_codes/mt_codes/pyserial_test/install/pysender/lib/python3.10/site-packages:${PYTHONPATH} /usr/bin/python3 -W ignore:setup.py install is deprecated -W ignore:easy_install command is deprecated setup.py egg_info --egg-base ../../build/pysender build --build-base /home/muztahid/ros_codes/mt_codes/pyserial_test/build/pysender/build install --record /home/muztahid/ros_codes/mt_codes/pyserial_test/build/pysender/install.log --single-version-externally-managed install_data --force
[3.476s] DEBUG:colcon.colcon_core.event_handler.log_command:Invoked command in '/home/muztahid/ros_codes/mt_codes/pyserial_test/src/rover_control_test' returned '0': PYTHONPATH=/home/muztahid/ros_codes/mt_codes/pyserial_test/build/rover_control_test/prefix_override:/usr/lib/python3/dist-packages/colcon_core/task/python/colcon_distutils_commands:/home/muztahid/ros_codes/mt_codes/pyserial_test/install/rover_control_test/lib/python3.10/site-packages:${PYTHONPATH} /usr/bin/python3 -W ignore:setup.py install is deprecated -W ignore:easy_install command is deprecated setup.py egg_info --egg-base ../../build/rover_control_test build --build-base /home/muztahid/ros_codes/mt_codes/pyserial_test/build/rover_control_test/build install --record /home/muztahid/ros_codes/mt_codes/pyserial_test/build/rover_control_test/install.log --single-version-externally-managed install_data --force
[3.481s] Level 1:colcon.colcon_core.environment:checking '/home/muztahid/ros_codes/mt_codes/pyserial_test/install/rover_control_test' for CMake module files
[3.482s] Level 1:colcon.colcon_core.environment:checking '/home/muztahid/ros_codes/mt_codes/pyserial_test/install/rover_control_test' for CMake config files
[3.484s] Level 1:colcon.colcon_core.environment:checking '/home/muztahid/ros_codes/mt_codes/pyserial_test/install/rover_control_test/lib'
[3.484s] Level 1:colcon.colcon_core.environment:checking '/home/muztahid/ros_codes/mt_codes/pyserial_test/install/rover_control_test/bin'
[3.484s] Level 1:colcon.colcon_core.environment:checking '/home/muztahid/ros_codes/mt_codes/pyserial_test/install/rover_control_test/lib/pkgconfig/rover_control_test.pc'
[3.485s] Level 1:colcon.colcon_core.environment:checking '/home/muztahid/ros_codes/mt_codes/pyserial_test/install/rover_control_test/lib/python3.10/site-packages'
[3.485s] Level 1:colcon.colcon_core.shell:create_environment_hook('rover_control_test', 'pythonpath')
[3.485s] INFO:colcon.colcon_core.shell:Creating environment hook '/home/muztahid/ros_codes/mt_codes/pyserial_test/install/rover_control_test/share/rover_control_test/hook/pythonpath.ps1'
[3.486s] INFO:colcon.colcon_core.shell:Creating environment descriptor '/home/muztahid/ros_codes/mt_codes/pyserial_test/install/rover_control_test/share/rover_control_test/hook/pythonpath.dsv'
[3.487s] INFO:colcon.colcon_core.shell:Creating environment hook '/home/muztahid/ros_codes/mt_codes/pyserial_test/install/rover_control_test/share/rover_control_test/hook/pythonpath.sh'
[3.488s] Level 1:colcon.colcon_core.environment:checking '/home/muztahid/ros_codes/mt_codes/pyserial_test/install/rover_control_test/bin'
[3.488s] Level 1:colcon.colcon_core.environment:create_environment_scripts_only(rover_control_test)
[3.489s] INFO:colcon.colcon_core.shell:Creating package script '/home/muztahid/ros_codes/mt_codes/pyserial_test/install/rover_control_test/share/rover_control_test/package.ps1'
[3.491s] INFO:colcon.colcon_core.shell:Creating package descriptor '/home/muztahid/ros_codes/mt_codes/pyserial_test/install/rover_control_test/share/rover_control_test/package.dsv'
[3.492s] INFO:colcon.colcon_core.shell:Creating package script '/home/muztahid/ros_codes/mt_codes/pyserial_test/install/rover_control_test/share/rover_control_test/package.sh'
[3.494s] INFO:colcon.colcon_core.shell:Creating package script '/home/muztahid/ros_codes/mt_codes/pyserial_test/install/rover_control_test/share/rover_control_test/package.bash'
[3.496s] INFO:colcon.colcon_core.shell:Creating package script '/home/muztahid/ros_codes/mt_codes/pyserial_test/install/rover_control_test/share/rover_control_test/package.zsh'
[3.498s] Level 1:colcon.colcon_core.environment:create_file_with_runtime_dependencies(/home/muztahid/ros_codes/mt_codes/pyserial_test/install/rover_control_test/share/colcon-core/packages/rover_control_test)
[3.500s] Level 1:colcon.colcon_core.environment:checking '/home/muztahid/ros_codes/mt_codes/pyserial_test/install/pysender' for CMake module files
[3.501s] Level 1:colcon.colcon_core.environment:checking '/home/muztahid/ros_codes/mt_codes/pyserial_test/install/pysender' for CMake config files
[3.502s] DEBUG:colcon.colcon_core.event_handler.log_command:Invoked command in '/home/muztahid/ros_codes/mt_codes/pyserial_test/src/pysender' returned '0': PYTHONPATH=/home/muztahid/ros_codes/mt_codes/pyserial_test/build/pysender/prefix_override:/usr/lib/python3/dist-packages/colcon_core/task/python/colcon_distutils_commands:/home/muztahid/ros_codes/mt_codes/pyserial_test/install/pysender/lib/python3.10/site-packages:${PYTHONPATH} /usr/bin/python3 -W ignore:setup.py install is deprecated -W ignore:easy_install command is deprecated setup.py egg_info --egg-base ../../build/pysender build --build-base /home/muztahid/ros_codes/mt_codes/pyserial_test/build/pysender/build install --record /home/muztahid/ros_codes/mt_codes/pyserial_test/build/pysender/install.log --single-version-externally-managed install_data --force
[3.503s] Level 1:colcon.colcon_core.environment:checking '/home/muztahid/ros_codes/mt_codes/pyserial_test/install/pysender/lib'
[3.503s] Level 1:colcon.colcon_core.environment:checking '/home/muztahid/ros_codes/mt_codes/pyserial_test/install/pysender/bin'
[3.503s] Level 1:colcon.colcon_core.environment:checking '/home/muztahid/ros_codes/mt_codes/pyserial_test/install/pysender/lib/pkgconfig/pysender.pc'
[3.504s] Level 1:colcon.colcon_core.environment:checking '/home/muztahid/ros_codes/mt_codes/pyserial_test/install/pysender/lib/python3.10/site-packages'
[3.504s] Level 1:colcon.colcon_core.shell:create_environment_hook('pysender', 'pythonpath')
[3.504s] INFO:colcon.colcon_core.shell:Creating environment hook '/home/muztahid/ros_codes/mt_codes/pyserial_test/install/pysender/share/pysender/hook/pythonpath.ps1'
[3.506s] INFO:colcon.colcon_core.shell:Creating environment descriptor '/home/muztahid/ros_codes/mt_codes/pyserial_test/install/pysender/share/pysender/hook/pythonpath.dsv'
[3.507s] INFO:colcon.colcon_core.shell:Creating environment hook '/home/muztahid/ros_codes/mt_codes/pyserial_test/install/pysender/share/pysender/hook/pythonpath.sh'
[3.508s] Level 1:colcon.colcon_core.environment:checking '/home/muztahid/ros_codes/mt_codes/pyserial_test/install/pysender/bin'
[3.508s] Level 1:colcon.colcon_core.environment:create_environment_scripts_only(pysender)
[3.509s] INFO:colcon.colcon_core.shell:Creating package script '/home/muztahid/ros_codes/mt_codes/pyserial_test/install/pysender/share/pysender/package.ps1'
[3.510s] INFO:colcon.colcon_core.shell:Creating package descriptor '/home/muztahid/ros_codes/mt_codes/pyserial_test/install/pysender/share/pysender/package.dsv'
[3.511s] INFO:colcon.colcon_core.shell:Creating package script '/home/muztahid/ros_codes/mt_codes/pyserial_test/install/pysender/share/pysender/package.sh'
[3.511s] INFO:colcon.colcon_core.shell:Creating package script '/home/muztahid/ros_codes/mt_codes/pyserial_test/install/pysender/share/pysender/package.bash'
[3.512s] INFO:colcon.colcon_core.shell:Creating package script '/home/muztahid/ros_codes/mt_codes/pyserial_test/install/pysender/share/pysender/package.zsh'
[3.513s] Level 1:colcon.colcon_core.environment:create_file_with_runtime_dependencies(/home/muztahid/ros_codes/mt_codes/pyserial_test/install/pysender/share/colcon-core/packages/pysender)
[3.513s] DEBUG:colcon.colcon_parallel_executor.executor.parallel:closing loop
[3.514s] DEBUG:colcon.colcon_parallel_executor.executor.parallel:loop closed
[3.514s] DEBUG:colcon.colcon_parallel_executor.executor.parallel:run_until_complete finished with '0'
[3.514s] DEBUG:colcon.colcon_core.event_reactor:joining thread
[3.526s] INFO:colcon.colcon_core.plugin_system:Skipping extension 'colcon_notification.desktop_notification.terminal_notifier': Not used on non-Darwin systems
[3.526s] INFO:colcon.colcon_core.plugin_system:Skipping extension 'colcon_notification.desktop_notification.win32': Not used on non-Windows systems
[3.526s] INFO:colcon.colcon_notification.desktop_notification:Sending desktop notification using 'notify2'
[3.548s] DEBUG:colcon.colcon_core.event_reactor:joined thread
[3.548s] INFO:colcon.colcon_core.shell:Creating prefix script '/home/muztahid/ros_codes/mt_codes/pyserial_test/install/local_setup.ps1'
[3.550s] INFO:colcon.colcon_core.shell:Creating prefix util module '/home/muztahid/ros_codes/mt_codes/pyserial_test/install/_local_setup_util_ps1.py'
[3.553s] INFO:colcon.colcon_core.shell:Creating prefix chain script '/home/muztahid/ros_codes/mt_codes/pyserial_test/install/setup.ps1'
[3.555s] INFO:colcon.colcon_core.shell:Creating prefix script '/home/muztahid/ros_codes/mt_codes/pyserial_test/install/local_setup.sh'
[3.557s] INFO:colcon.colcon_core.shell:Creating prefix util module '/home/muztahid/ros_codes/mt_codes/pyserial_test/install/_local_setup_util_sh.py'
[3.558s] INFO:colcon.colcon_core.shell:Creating prefix chain script '/home/muztahid/ros_codes/mt_codes/pyserial_test/install/setup.sh'
[3.561s] INFO:colcon.colcon_core.shell:Creating prefix script '/home/muztahid/ros_codes/mt_codes/pyserial_test/install/local_setup.bash'
[3.562s] INFO:colcon.colcon_core.shell:Creating prefix chain script '/home/muztahid/ros_codes/mt_codes/pyserial_test/install/setup.bash'
[3.563s] INFO:colcon.colcon_core.shell:Creating prefix script '/home/muztahid/ros_codes/mt_codes/pyserial_test/install/local_setup.zsh'
[3.564s] INFO:colcon.colcon_core.shell:Creating prefix chain script '/home/muztahid/ros_codes/mt_codes/pyserial_test/install/setup.zsh'
