[0.095s] DEBUG:colcon:Command line arguments: ['/usr/bin/colcon', 'list', '-p', '--base-paths', '/home/hasi/pyserial_test']
[0.095s] DEBUG:colcon:Parsed command line arguments: Namespace(log_base=None, log_level=None, verb_name='list', build_base='build', ignore_user_meta=False, metas=['./colcon.meta'], base_paths=['/home/hasi/pyserial_test'], packages_ignore=None, packages_ignore_regex=None, paths=None, packages_up_to=None, packages_up_to_regex=None, packages_above=None, packages_above_and_dependencies=None, packages_above_depth=None, packages_select_by_dep=None, packages_skip_by_dep=None, packages_skip_up_to=None, packages_select_build_failed=False, packages_skip_build_finished=False, packages_select_test_failures=False, packages_skip_test_passed=False, packages_select=None, packages_skip=None, packages_select_regex=None, packages_skip_regex=None, packages_start=None, packages_end=None, allow_overriding=[], topological_order=False, names_only=False, paths_only=True, topological_graph=False, topological_graph_dot=False, topological_graph_density=False, topological_graph_legend=False, topological_graph_dot_cluster=False, topological_graph_dot_include_skipped=False, verb_parser=<colcon_defaults.argument_parser.defaults.DefaultArgumentsDecorator object at 0x7ea7bd169600>, verb_extension=<colcon_package_information.verb.list.ListVerb object at 0x7ea7bd1687c0>, main=<bound method ListVerb.main of <colcon_package_information.verb.list.ListVerb object at 0x7ea7bd1687c0>>)
[0.232s] Level 1:colcon.colcon_core.package_discovery:discover_packages(colcon_meta) check parameters
[0.232s] Level 1:colcon.colcon_core.package_discovery:discover_packages(recursive) check parameters
[0.232s] Level 1:colcon.colcon_core.package_discovery:discover_packages(ignore) check parameters
[0.232s] Level 1:colcon.colcon_core.package_discovery:discover_packages(path) check parameters
[0.232s] Level 1:colcon.colcon_core.package_discovery:discover_packages(recursive) discover
[0.232s] INFO:colcon.colcon_core.package_discovery:Crawling recursively for packages in '/home/hasi/pyserial_test'
[0.232s] Level 1:colcon.colcon_core.package_identification:_identify(/home/hasi/pyserial_test) by extensions ['ignore', 'ignore_ament_install']
[0.232s] Level 1:colcon.colcon_core.package_identification:_identify(/home/hasi/pyserial_test) by extension 'ignore'
[0.232s] Level 1:colcon.colcon_core.package_identification:_identify(/home/hasi/pyserial_test) by extension 'ignore_ament_install'
[0.232s] Level 1:colcon.colcon_core.package_identification:_identify(/home/hasi/pyserial_test) by extensions ['colcon_pkg']
[0.232s] Level 1:colcon.colcon_core.package_identification:_identify(/home/hasi/pyserial_test) by extension 'colcon_pkg'
[0.232s] Level 1:colcon.colcon_core.package_identification:_identify(/home/hasi/pyserial_test) by extensions ['colcon_meta']
[0.232s] Level 1:colcon.colcon_core.package_identification:_identify(/home/hasi/pyserial_test) by extension 'colcon_meta'
[0.232s] Level 1:colcon.colcon_core.package_identification:_identify(/home/hasi/pyserial_test) by extensions ['ros']
[0.232s] Level 1:colcon.colcon_core.package_identification:_identify(/home/hasi/pyserial_test) by extension 'ros'
[0.241s] Level 1:colcon.colcon_core.package_identification:_identify(/home/hasi/pyserial_test) by extensions ['cmake', 'python']
[0.241s] Level 1:colcon.colcon_core.package_identification:_identify(/home/hasi/pyserial_test) by extension 'cmake'
[0.241s] Level 1:colcon.colcon_core.package_identification:_identify(/home/hasi/pyserial_test) by extension 'python'
[0.241s] Level 1:colcon.colcon_core.package_identification:_identify(/home/hasi/pyserial_test) by extensions ['python_setup_py']
[0.241s] Level 1:colcon.colcon_core.package_identification:_identify(/home/hasi/pyserial_test) by extension 'python_setup_py'
[0.241s] Level 1:colcon.colcon_core.package_identification:_identify(/home/hasi/pyserial_test/build) by extensions ['ignore', 'ignore_ament_install']
[0.241s] Level 1:colcon.colcon_core.package_identification:_identify(/home/hasi/pyserial_test/build) by extension 'ignore'
[0.241s] Level 1:colcon.colcon_core.package_identification:_identify(/home/hasi/pyserial_test/build) ignored
[0.241s] Level 1:colcon.colcon_core.package_identification:_identify(/home/hasi/pyserial_test/install) by extensions ['ignore', 'ignore_ament_install']
[0.241s] Level 1:colcon.colcon_core.package_identification:_identify(/home/hasi/pyserial_test/install) by extension 'ignore'
[0.241s] Level 1:colcon.colcon_core.package_identification:_identify(/home/hasi/pyserial_test/install) ignored
[0.241s] Level 1:colcon.colcon_core.package_identification:_identify(/home/hasi/pyserial_test/log) by extensions ['ignore', 'ignore_ament_install']
[0.241s] Level 1:colcon.colcon_core.package_identification:_identify(/home/hasi/pyserial_test/log) by extension 'ignore'
[0.241s] Level 1:colcon.colcon_core.package_identification:_identify(/home/hasi/pyserial_test/log) ignored
[0.241s] Level 1:colcon.colcon_core.package_identification:_identify(/home/hasi/pyserial_test/src) by extensions ['ignore', 'ignore_ament_install']
[0.241s] Level 1:colcon.colcon_core.package_identification:_identify(/home/hasi/pyserial_test/src) by extension 'ignore'
[0.241s] Level 1:colcon.colcon_core.package_identification:_identify(/home/hasi/pyserial_test/src) by extension 'ignore_ament_install'
[0.241s] Level 1:colcon.colcon_core.package_identification:_identify(/home/hasi/pyserial_test/src) by extensions ['colcon_pkg']
[0.241s] Level 1:colcon.colcon_core.package_identification:_identify(/home/hasi/pyserial_test/src) by extension 'colcon_pkg'
[0.241s] Level 1:colcon.colcon_core.package_identification:_identify(/home/hasi/pyserial_test/src) by extensions ['colcon_meta']
[0.241s] Level 1:colcon.colcon_core.package_identification:_identify(/home/hasi/pyserial_test/src) by extension 'colcon_meta'
[0.241s] Level 1:colcon.colcon_core.package_identification:_identify(/home/hasi/pyserial_test/src) by extensions ['ros']
[0.241s] Level 1:colcon.colcon_core.package_identification:_identify(/home/hasi/pyserial_test/src) by extension 'ros'
[0.241s] Level 1:colcon.colcon_core.package_identification:_identify(/home/hasi/pyserial_test/src) by extensions ['cmake', 'python']
[0.241s] Level 1:colcon.colcon_core.package_identification:_identify(/home/hasi/pyserial_test/src) by extension 'cmake'
[0.241s] Level 1:colcon.colcon_core.package_identification:_identify(/home/hasi/pyserial_test/src) by extension 'python'
[0.241s] Level 1:colcon.colcon_core.package_identification:_identify(/home/hasi/pyserial_test/src) by extensions ['python_setup_py']
[0.241s] Level 1:colcon.colcon_core.package_identification:_identify(/home/hasi/pyserial_test/src) by extension 'python_setup_py'
[0.242s] Level 1:colcon.colcon_core.package_identification:_identify(/home/hasi/pyserial_test/src/pysender) by extensions ['ignore', 'ignore_ament_install']
[0.242s] Level 1:colcon.colcon_core.package_identification:_identify(/home/hasi/pyserial_test/src/pysender) by extension 'ignore'
[0.242s] Level 1:colcon.colcon_core.package_identification:_identify(/home/hasi/pyserial_test/src/pysender) by extension 'ignore_ament_install'
[0.242s] Level 1:colcon.colcon_core.package_identification:_identify(/home/hasi/pyserial_test/src/pysender) by extensions ['colcon_pkg']
[0.242s] Level 1:colcon.colcon_core.package_identification:_identify(/home/hasi/pyserial_test/src/pysender) by extension 'colcon_pkg'
[0.242s] Level 1:colcon.colcon_core.package_identification:_identify(/home/hasi/pyserial_test/src/pysender) by extensions ['colcon_meta']
[0.242s] Level 1:colcon.colcon_core.package_identification:_identify(/home/hasi/pyserial_test/src/pysender) by extension 'colcon_meta'
[0.242s] Level 1:colcon.colcon_core.package_identification:_identify(/home/hasi/pyserial_test/src/pysender) by extensions ['ros']
[0.242s] Level 1:colcon.colcon_core.package_identification:_identify(/home/hasi/pyserial_test/src/pysender) by extension 'ros'
[0.243s] DEBUG:colcon.colcon_core.package_identification:Package '/home/hasi/pyserial_test/src/pysender' with type 'ros.ament_python' and name 'pysender'
[0.243s] Level 1:colcon.colcon_core.package_discovery:discover_packages(recursive) using defaults
