[0.175s] DEBUG:colcon:Command line arguments: ['/usr/bin/colcon', 'build']
[0.176s] DEBUG:colcon:Parsed command line arguments: Namespace(log_base=None, log_level=None, verb_name='build', build_base='build', install_base='install', merge_install=False, symlink_install=False, test_result_base=None, continue_on_error=False, executor='parallel', parallel_workers=4, event_handlers=None, ignore_user_meta=False, metas=['./colcon.meta'], base_paths=['.'], packages_ignore=None, packages_ignore_regex=None, paths=None, packages_up_to=None, packages_up_to_regex=None, packages_above=None, packages_above_and_dependencies=None, packages_above_depth=None, packages_select_by_dep=None, packages_skip_by_dep=None, packages_skip_up_to=None, packages_select_build_failed=False, packages_skip_build_finished=False, packages_select_test_failures=False, packages_skip_test_passed=False, packages_select=None, packages_skip=None, packages_select_regex=None, packages_skip_regex=None, packages_start=None, packages_end=None, allow_overriding=[], cmake_args=None, cmake_target=None, cmake_target_skip_unavailable=False, cmake_clean_cache=False, cmake_clean_first=False, cmake_force_configure=False, ament_cmake_args=None, catkin_cmake_args=None, catkin_skip_building_tests=False, mixin_files=None, mixin=None, verb_parser=<colcon_mixin.mixin.mixin_argument.MixinArgumentDecorator object at 0x7b713ad09ff0>, verb_extension=<colcon_core.verb.build.BuildVerb object at 0x7b713ad09a80>, main=<bound method BuildVerb.main of <colcon_core.verb.build.BuildVerb object at 0x7b713ad09a80>>, mixin_verb=('build',))
[0.439s] Level 1:colcon.colcon_core.package_discovery:discover_packages(colcon_meta) check parameters
[0.439s] Level 1:colcon.colcon_core.package_discovery:discover_packages(recursive) check parameters
[0.439s] Level 1:colcon.colcon_core.package_discovery:discover_packages(ignore) check parameters
[0.439s] Level 1:colcon.colcon_core.package_discovery:discover_packages(path) check parameters
[0.439s] Level 1:colcon.colcon_core.package_discovery:discover_packages(colcon_meta) discover
[0.440s] Level 1:colcon.colcon_core.package_discovery:discover_packages(recursive) discover
[0.440s] INFO:colcon.colcon_core.package_discovery:Crawling recursively for packages in '/home/muztahid/ros_codes/mt_codes/pyserial_test'
[0.440s] Level 1:colcon.colcon_core.package_identification:_identify(.) by extensions ['ignore', 'ignore_ament_install']
[0.440s] Level 1:colcon.colcon_core.package_identification:_identify(.) by extension 'ignore'
[0.440s] Level 1:colcon.colcon_core.package_identification:_identify(.) by extension 'ignore_ament_install'
[0.440s] Level 1:colcon.colcon_core.package_identification:_identify(.) by extensions ['colcon_pkg']
[0.440s] Level 1:colcon.colcon_core.package_identification:_identify(.) by extension 'colcon_pkg'
[0.440s] Level 1:colcon.colcon_core.package_identification:_identify(.) by extensions ['colcon_meta']
[0.440s] Level 1:colcon.colcon_core.package_identification:_identify(.) by extension 'colcon_meta'
[0.440s] Level 1:colcon.colcon_core.package_identification:_identify(.) by extensions ['ros']
[0.440s] Level 1:colcon.colcon_core.package_identification:_identify(.) by extension 'ros'
[0.457s] Level 1:colcon.colcon_core.package_identification:_identify(.) by extensions ['cmake', 'python']
[0.457s] Level 1:colcon.colcon_core.package_identification:_identify(.) by extension 'cmake'
[0.457s] Level 1:colcon.colcon_core.package_identification:_identify(.) by extension 'python'
[0.457s] Level 1:colcon.colcon_core.package_identification:_identify(.) by extensions ['python_setup_py']
[0.457s] Level 1:colcon.colcon_core.package_identification:_identify(.) by extension 'python_setup_py'
[0.457s] Level 1:colcon.colcon_core.package_identification:_identify(build) by extensions ['ignore', 'ignore_ament_install']
[0.457s] Level 1:colcon.colcon_core.package_identification:_identify(build) by extension 'ignore'
[0.457s] Level 1:colcon.colcon_core.package_identification:_identify(build) ignored
[0.457s] Level 1:colcon.colcon_core.package_identification:_identify(install) by extensions ['ignore', 'ignore_ament_install']
[0.458s] Level 1:colcon.colcon_core.package_identification:_identify(install) by extension 'ignore'
[0.458s] Level 1:colcon.colcon_core.package_identification:_identify(install) ignored
[0.458s] Level 1:colcon.colcon_core.package_identification:_identify(log) by extensions ['ignore', 'ignore_ament_install']
[0.458s] Level 1:colcon.colcon_core.package_identification:_identify(log) by extension 'ignore'
[0.458s] Level 1:colcon.colcon_core.package_identification:_identify(log) ignored
[0.458s] Level 1:colcon.colcon_core.package_identification:_identify(src) by extensions ['ignore', 'ignore_ament_install']
[0.458s] Level 1:colcon.colcon_core.package_identification:_identify(src) by extension 'ignore'
[0.458s] Level 1:colcon.colcon_core.package_identification:_identify(src) by extension 'ignore_ament_install'
[0.458s] Level 1:colcon.colcon_core.package_identification:_identify(src) by extensions ['colcon_pkg']
[0.458s] Level 1:colcon.colcon_core.package_identification:_identify(src) by extension 'colcon_pkg'
[0.458s] Level 1:colcon.colcon_core.package_identification:_identify(src) by extensions ['colcon_meta']
[0.459s] Level 1:colcon.colcon_core.package_identification:_identify(src) by extension 'colcon_meta'
[0.459s] Level 1:colcon.colcon_core.package_identification:_identify(src) by extensions ['ros']
[0.459s] Level 1:colcon.colcon_core.package_identification:_identify(src) by extension 'ros'
[0.459s] Level 1:colcon.colcon_core.package_identification:_identify(src) by extensions ['cmake', 'python']
[0.459s] Level 1:colcon.colcon_core.package_identification:_identify(src) by extension 'cmake'
[0.459s] Level 1:colcon.colcon_core.package_identification:_identify(src) by extension 'python'
[0.459s] Level 1:colcon.colcon_core.package_identification:_identify(src) by extensions ['python_setup_py']
[0.459s] Level 1:colcon.colcon_core.package_identification:_identify(src) by extension 'python_setup_py'
[0.459s] Level 1:colcon.colcon_core.package_identification:_identify(src/pysender) by extensions ['ignore', 'ignore_ament_install']
[0.459s] Level 1:colcon.colcon_core.package_identification:_identify(src/pysender) by extension 'ignore'
[0.459s] Level 1:colcon.colcon_core.package_identification:_identify(src/pysender) by extension 'ignore_ament_install'
[0.459s] Level 1:colcon.colcon_core.package_identification:_identify(src/pysender) by extensions ['colcon_pkg']
[0.459s] Level 1:colcon.colcon_core.package_identification:_identify(src/pysender) by extension 'colcon_pkg'
[0.460s] Level 1:colcon.colcon_core.package_identification:_identify(src/pysender) by extensions ['colcon_meta']
[0.460s] Level 1:colcon.colcon_core.package_identification:_identify(src/pysender) by extension 'colcon_meta'
[0.460s] Level 1:colcon.colcon_core.package_identification:_identify(src/pysender) by extensions ['ros']
[0.460s] Level 1:colcon.colcon_core.package_identification:_identify(src/pysender) by extension 'ros'
[0.463s] DEBUG:colcon.colcon_core.package_identification:Package 'src/pysender' with type 'ros.ament_python' and name 'pysender'
[0.463s] Level 1:colcon.colcon_core.package_identification:_identify(src/rover_control_test) by extensions ['ignore', 'ignore_ament_install']
[0.464s] Level 1:colcon.colcon_core.package_identification:_identify(src/rover_control_test) by extension 'ignore'
[0.464s] Level 1:colcon.colcon_core.package_identification:_identify(src/rover_control_test) by extension 'ignore_ament_install'
[0.464s] Level 1:colcon.colcon_core.package_identification:_identify(src/rover_control_test) by extensions ['colcon_pkg']
[0.464s] Level 1:colcon.colcon_core.package_identification:_identify(src/rover_control_test) by extension 'colcon_pkg'
[0.464s] Level 1:colcon.colcon_core.package_identification:_identify(src/rover_control_test) by extensions ['colcon_meta']
[0.464s] Level 1:colcon.colcon_core.package_identification:_identify(src/rover_control_test) by extension 'colcon_meta'
[0.464s] Level 1:colcon.colcon_core.package_identification:_identify(src/rover_control_test) by extensions ['ros']
[0.464s] Level 1:colcon.colcon_core.package_identification:_identify(src/rover_control_test) by extension 'ros'
[0.465s] DEBUG:colcon.colcon_core.package_identification:Package 'src/rover_control_test' with type 'ros.ament_python' and name 'rover_control_test'
[0.465s] Level 1:colcon.colcon_core.package_discovery:discover_packages(recursive) using defaults
[0.465s] Level 1:colcon.colcon_core.package_discovery:discover_packages(ignore) discover
[0.465s] Level 1:colcon.colcon_core.package_discovery:discover_packages(ignore) using defaults
[0.465s] Level 1:colcon.colcon_core.package_discovery:discover_packages(path) discover
[0.465s] Level 1:colcon.colcon_core.package_discovery:discover_packages(path) using defaults
[0.514s] Level 1:colcon.colcon_core.package_discovery:discover_packages(prefix_path) check parameters
[0.514s] Level 1:colcon.colcon_core.package_discovery:discover_packages(prefix_path) discover
[0.517s] DEBUG:colcon.colcon_installed_package_information.package_discovery:Found 272 installed packages in /opt/ros/humble
[0.521s] Level 1:colcon.colcon_core.package_discovery:discover_packages(prefix_path) using defaults
[0.575s] Level 5:colcon.colcon_core.verb:set package 'pysender' build argument 'cmake_args' from command line to 'None'
[0.575s] Level 5:colcon.colcon_core.verb:set package 'pysender' build argument 'cmake_target' from command line to 'None'
[0.576s] Level 5:colcon.colcon_core.verb:set package 'pysender' build argument 'cmake_target_skip_unavailable' from command line to 'False'
[0.576s] Level 5:colcon.colcon_core.verb:set package 'pysender' build argument 'cmake_clean_cache' from command line to 'False'
[0.576s] Level 5:colcon.colcon_core.verb:set package 'pysender' build argument 'cmake_clean_first' from command line to 'False'
[0.576s] Level 5:colcon.colcon_core.verb:set package 'pysender' build argument 'cmake_force_configure' from command line to 'False'
[0.576s] Level 5:colcon.colcon_core.verb:set package 'pysender' build argument 'ament_cmake_args' from command line to 'None'
[0.576s] Level 5:colcon.colcon_core.verb:set package 'pysender' build argument 'catkin_cmake_args' from command line to 'None'
[0.576s] Level 5:colcon.colcon_core.verb:set package 'pysender' build argument 'catkin_skip_building_tests' from command line to 'False'
[0.576s] DEBUG:colcon.colcon_core.verb:Building package 'pysender' with the following arguments: {'ament_cmake_args': None, 'build_base': '/home/muztahid/ros_codes/mt_codes/pyserial_test/build/pysender', 'catkin_cmake_args': None, 'catkin_skip_building_tests': False, 'cmake_args': None, 'cmake_clean_cache': False, 'cmake_clean_first': False, 'cmake_force_configure': False, 'cmake_target': None, 'cmake_target_skip_unavailable': False, 'install_base': '/home/muztahid/ros_codes/mt_codes/pyserial_test/install/pysender', 'merge_install': False, 'path': '/home/muztahid/ros_codes/mt_codes/pyserial_test/src/pysender', 'symlink_install': False, 'test_result_base': None}
[0.576s] Level 5:colcon.colcon_core.verb:set package 'rover_control_test' build argument 'cmake_args' from command line to 'None'
[0.576s] Level 5:colcon.colcon_core.verb:set package 'rover_control_test' build argument 'cmake_target' from command line to 'None'
[0.576s] Level 5:colcon.colcon_core.verb:set package 'rover_control_test' build argument 'cmake_target_skip_unavailable' from command line to 'False'
[0.576s] Level 5:colcon.colcon_core.verb:set package 'rover_control_test' build argument 'cmake_clean_cache' from command line to 'False'
[0.576s] Level 5:colcon.colcon_core.verb:set package 'rover_control_test' build argument 'cmake_clean_first' from command line to 'False'
[0.576s] Level 5:colcon.colcon_core.verb:set package 'rover_control_test' build argument 'cmake_force_configure' from command line to 'False'
[0.576s] Level 5:colcon.colcon_core.verb:set package 'rover_control_test' build argument 'ament_cmake_args' from command line to 'None'
[0.576s] Level 5:colcon.colcon_core.verb:set package 'rover_control_test' build argument 'catkin_cmake_args' from command line to 'None'
[0.576s] Level 5:colcon.colcon_core.verb:set package 'rover_control_test' build argument 'catkin_skip_building_tests' from command line to 'False'
[0.577s] DEBUG:colcon.colcon_core.verb:Building package 'rover_control_test' with the following arguments: {'ament_cmake_args': None, 'build_base': '/home/muztahid/ros_codes/mt_codes/pyserial_test/build/rover_control_test', 'catkin_cmake_args': None, 'catkin_skip_building_tests': False, 'cmake_args': None, 'cmake_clean_cache': False, 'cmake_clean_first': False, 'cmake_force_configure': False, 'cmake_target': None, 'cmake_target_skip_unavailable': False, 'install_base': '/home/muztahid/ros_codes/mt_codes/pyserial_test/install/rover_control_test', 'merge_install': False, 'path': '/home/muztahid/ros_codes/mt_codes/pyserial_test/src/rover_control_test', 'symlink_install': False, 'test_result_base': None}
[0.577s] INFO:colcon.colcon_core.executor:Executing jobs using 'parallel' executor
[0.578s] DEBUG:colcon.colcon_parallel_executor.executor.parallel:run_until_complete
[0.578s] INFO:colcon.colcon_ros.task.ament_python.build:Building ROS package in '/home/muztahid/ros_codes/mt_codes/pyserial_test/src/pysender' with build type 'ament_python'
[0.579s] Level 1:colcon.colcon_core.shell:create_environment_hook('pysender', 'ament_prefix_path')
[0.581s] INFO:colcon.colcon_core.plugin_system:Skipping extension 'colcon_core.shell.bat': Not used on non-Windows systems
[0.582s] INFO:colcon.colcon_core.shell:Creating environment hook '/home/muztahid/ros_codes/mt_codes/pyserial_test/install/pysender/share/pysender/hook/ament_prefix_path.ps1'
[0.583s] INFO:colcon.colcon_core.shell:Creating environment descriptor '/home/muztahid/ros_codes/mt_codes/pyserial_test/install/pysender/share/pysender/hook/ament_prefix_path.dsv'
[0.583s] INFO:colcon.colcon_core.shell:Creating environment hook '/home/muztahid/ros_codes/mt_codes/pyserial_test/install/pysender/share/pysender/hook/ament_prefix_path.sh'
[0.585s] INFO:colcon.colcon_core.shell:Skip shell extension 'powershell' for command environment: Not usable outside of PowerShell
[0.585s] DEBUG:colcon.colcon_core.shell:Skip shell extension 'dsv' for command environment
[0.588s] INFO:colcon.colcon_ros.task.ament_python.build:Building ROS package in '/home/muztahid/ros_codes/mt_codes/pyserial_test/src/rover_control_test' with build type 'ament_python'
[0.588s] Level 1:colcon.colcon_core.shell:create_environment_hook('rover_control_test', 'ament_prefix_path')
[0.589s] INFO:colcon.colcon_core.shell:Creating environment hook '/home/muztahid/ros_codes/mt_codes/pyserial_test/install/rover_control_test/share/rover_control_test/hook/ament_prefix_path.ps1'
[0.590s] INFO:colcon.colcon_core.shell:Creating environment descriptor '/home/muztahid/ros_codes/mt_codes/pyserial_test/install/rover_control_test/share/rover_control_test/hook/ament_prefix_path.dsv'
[0.591s] INFO:colcon.colcon_core.shell:Creating environment hook '/home/muztahid/ros_codes/mt_codes/pyserial_test/install/rover_control_test/share/rover_control_test/hook/ament_prefix_path.sh'
[0.591s] INFO:colcon.colcon_core.shell:Skip shell extension 'powershell' for command environment: Not usable outside of PowerShell
[0.592s] DEBUG:colcon.colcon_core.shell:Skip shell extension 'dsv' for command environment
[0.983s] INFO:colcon.colcon_core.task.python.build:Building Python package in '/home/muztahid/ros_codes/mt_codes/pyserial_test/src/pysender'
[0.983s] INFO:colcon.colcon_core.shell:Skip shell extension 'powershell' for command environment: Not usable outside of PowerShell
[0.983s] DEBUG:colcon.colcon_core.shell:Skip shell extension 'dsv' for command environment
[1.368s] INFO:colcon.colcon_core.task.python.build:Building Python package in '/home/muztahid/ros_codes/mt_codes/pyserial_test/src/rover_control_test'
[1.368s] INFO:colcon.colcon_core.shell:Skip shell extension 'powershell' for command environment: Not usable outside of PowerShell
[1.368s] DEBUG:colcon.colcon_core.shell:Skip shell extension 'dsv' for command environment
[1.900s] DEBUG:colcon.colcon_core.event_handler.log_command:Invoking command in '/home/muztahid/ros_codes/mt_codes/pyserial_test/src/rover_control_test': PYTHONPATH=/home/muztahid/ros_codes/mt_codes/pyserial_test/build/rover_control_test/prefix_override:/usr/lib/python3/dist-packages/colcon_core/task/python/colcon_distutils_commands:/home/muztahid/ros_codes/mt_codes/pyserial_test/install/rover_control_test/lib/python3.10/site-packages:${PYTHONPATH} /usr/bin/python3 -W ignore:setup.py install is deprecated -W ignore:easy_install command is deprecated setup.py egg_info --egg-base ../../build/rover_control_test build --build-base /home/muztahid/ros_codes/mt_codes/pyserial_test/build/rover_control_test/build install --record /home/muztahid/ros_codes/mt_codes/pyserial_test/build/rover_control_test/install.log --single-version-externally-managed install_data
[1.908s] DEBUG:colcon.colcon_core.event_handler.log_command:Invoking command in '/home/muztahid/ros_codes/mt_codes/pyserial_test/src/pysender': PYTHONPATH=/home/muztahid/ros_codes/mt_codes/pyserial_test/build/pysender/prefix_override:/usr/lib/python3/dist-packages/colcon_core/task/python/colcon_distutils_commands:/home/muztahid/ros_codes/mt_codes/pyserial_test/install/pysender/lib/python3.10/site-packages:${PYTHONPATH} /usr/bin/python3 -W ignore:setup.py install is deprecated -W ignore:easy_install command is deprecated setup.py egg_info --egg-base ../../build/pysender build --build-base /home/muztahid/ros_codes/mt_codes/pyserial_test/build/pysender/build install --record /home/muztahid/ros_codes/mt_codes/pyserial_test/build/pysender/install.log --single-version-externally-managed install_data
[2.407s] DEBUG:colcon.colcon_core.event_handler.log_command:Invoked command in '/home/muztahid/ros_codes/mt_codes/pyserial_test/src/rover_control_test' returned '0': PYTHONPATH=/home/muztahid/ros_codes/mt_codes/pyserial_test/build/rover_control_test/prefix_override:/usr/lib/python3/dist-packages/colcon_core/task/python/colcon_distutils_commands:/home/muztahid/ros_codes/mt_codes/pyserial_test/install/rover_control_test/lib/python3.10/site-packages:${PYTHONPATH} /usr/bin/python3 -W ignore:setup.py install is deprecated -W ignore:easy_install command is deprecated setup.py egg_info --egg-base ../../build/rover_control_test build --build-base /home/muztahid/ros_codes/mt_codes/pyserial_test/build/rover_control_test/build install --record /home/muztahid/ros_codes/mt_codes/pyserial_test/build/rover_control_test/install.log --single-version-externally-managed install_data
[2.411s] Level 1:colcon.colcon_core.environment:checking '/home/muztahid/ros_codes/mt_codes/pyserial_test/install/rover_control_test' for CMake module files
[2.412s] Level 1:colcon.colcon_core.environment:checking '/home/muztahid/ros_codes/mt_codes/pyserial_test/install/rover_control_test' for CMake config files
[2.413s] Level 1:colcon.colcon_core.environment:checking '/home/muztahid/ros_codes/mt_codes/pyserial_test/install/rover_control_test/lib'
[2.413s] Level 1:colcon.colcon_core.environment:checking '/home/muztahid/ros_codes/mt_codes/pyserial_test/install/rover_control_test/bin'
[2.413s] Level 1:colcon.colcon_core.environment:checking '/home/muztahid/ros_codes/mt_codes/pyserial_test/install/rover_control_test/lib/pkgconfig/rover_control_test.pc'
[2.414s] Level 1:colcon.colcon_core.environment:checking '/home/muztahid/ros_codes/mt_codes/pyserial_test/install/rover_control_test/lib/python3.10/site-packages'
[2.414s] Level 1:colcon.colcon_core.shell:create_environment_hook('rover_control_test', 'pythonpath')
[2.414s] INFO:colcon.colcon_core.shell:Creating environment hook '/home/muztahid/ros_codes/mt_codes/pyserial_test/install/rover_control_test/share/rover_control_test/hook/pythonpath.ps1'
[2.415s] INFO:colcon.colcon_core.shell:Creating environment descriptor '/home/muztahid/ros_codes/mt_codes/pyserial_test/install/rover_control_test/share/rover_control_test/hook/pythonpath.dsv'
[2.416s] INFO:colcon.colcon_core.shell:Creating environment hook '/home/muztahid/ros_codes/mt_codes/pyserial_test/install/rover_control_test/share/rover_control_test/hook/pythonpath.sh'
[2.417s] Level 1:colcon.colcon_core.environment:checking '/home/muztahid/ros_codes/mt_codes/pyserial_test/install/rover_control_test/bin'
[2.417s] Level 1:colcon.colcon_core.environment:create_environment_scripts_only(rover_control_test)
[2.418s] INFO:colcon.colcon_core.shell:Creating package script '/home/muztahid/ros_codes/mt_codes/pyserial_test/install/rover_control_test/share/rover_control_test/package.ps1'
[2.419s] INFO:colcon.colcon_core.shell:Creating package descriptor '/home/muztahid/ros_codes/mt_codes/pyserial_test/install/rover_control_test/share/rover_control_test/package.dsv'
[2.420s] INFO:colcon.colcon_core.shell:Creating package script '/home/muztahid/ros_codes/mt_codes/pyserial_test/install/rover_control_test/share/rover_control_test/package.sh'
[2.421s] INFO:colcon.colcon_core.shell:Creating package script '/home/muztahid/ros_codes/mt_codes/pyserial_test/install/rover_control_test/share/rover_control_test/package.bash'
[2.422s] INFO:colcon.colcon_core.shell:Creating package script '/home/muztahid/ros_codes/mt_codes/pyserial_test/install/rover_control_test/share/rover_control_test/package.zsh'
[2.423s] Level 1:colcon.colcon_core.environment:create_file_with_runtime_dependencies(/home/muztahid/ros_codes/mt_codes/pyserial_test/install/rover_control_test/share/colcon-core/packages/rover_control_test)
[2.425s] Level 1:colcon.colcon_core.environment:checking '/home/muztahid/ros_codes/mt_codes/pyserial_test/install/pysender' for CMake module files
[2.426s] DEBUG:colcon.colcon_core.event_handler.log_command:Invoked command in '/home/muztahid/ros_codes/mt_codes/pyserial_test/src/pysender' returned '0': PYTHONPATH=/home/muztahid/ros_codes/mt_codes/pyserial_test/build/pysender/prefix_override:/usr/lib/python3/dist-packages/colcon_core/task/python/colcon_distutils_commands:/home/muztahid/ros_codes/mt_codes/pyserial_test/install/pysender/lib/python3.10/site-packages:${PYTHONPATH} /usr/bin/python3 -W ignore:setup.py install is deprecated -W ignore:easy_install command is deprecated setup.py egg_info --egg-base ../../build/pysender build --build-base /home/muztahid/ros_codes/mt_codes/pyserial_test/build/pysender/build install --record /home/muztahid/ros_codes/mt_codes/pyserial_test/build/pysender/install.log --single-version-externally-managed install_data
[2.426s] Level 1:colcon.colcon_core.environment:checking '/home/muztahid/ros_codes/mt_codes/pyserial_test/install/pysender' for CMake config files
[2.427s] Level 1:colcon.colcon_core.environment:checking '/home/muztahid/ros_codes/mt_codes/pyserial_test/install/pysender/lib'
[2.427s] Level 1:colcon.colcon_core.environment:checking '/home/muztahid/ros_codes/mt_codes/pyserial_test/install/pysender/bin'
[2.427s] Level 1:colcon.colcon_core.environment:checking '/home/muztahid/ros_codes/mt_codes/pyserial_test/install/pysender/lib/pkgconfig/pysender.pc'
[2.427s] Level 1:colcon.colcon_core.environment:checking '/home/muztahid/ros_codes/mt_codes/pyserial_test/install/pysender/lib/python3.10/site-packages'
[2.428s] Level 1:colcon.colcon_core.shell:create_environment_hook('pysender', 'pythonpath')
[2.428s] INFO:colcon.colcon_core.shell:Creating environment hook '/home/muztahid/ros_codes/mt_codes/pyserial_test/install/pysender/share/pysender/hook/pythonpath.ps1'
[2.428s] INFO:colcon.colcon_core.shell:Creating environment descriptor '/home/muztahid/ros_codes/mt_codes/pyserial_test/install/pysender/share/pysender/hook/pythonpath.dsv'
[2.429s] INFO:colcon.colcon_core.shell:Creating environment hook '/home/muztahid/ros_codes/mt_codes/pyserial_test/install/pysender/share/pysender/hook/pythonpath.sh'
[2.429s] Level 1:colcon.colcon_core.environment:checking '/home/muztahid/ros_codes/mt_codes/pyserial_test/install/pysender/bin'
[2.429s] Level 1:colcon.colcon_core.environment:create_environment_scripts_only(pysender)
[2.430s] INFO:colcon.colcon_core.shell:Creating package script '/home/muztahid/ros_codes/mt_codes/pyserial_test/install/pysender/share/pysender/package.ps1'
[2.430s] INFO:colcon.colcon_core.shell:Creating package descriptor '/home/muztahid/ros_codes/mt_codes/pyserial_test/install/pysender/share/pysender/package.dsv'
[2.431s] INFO:colcon.colcon_core.shell:Creating package script '/home/muztahid/ros_codes/mt_codes/pyserial_test/install/pysender/share/pysender/package.sh'
[2.431s] INFO:colcon.colcon_core.shell:Creating package script '/home/muztahid/ros_codes/mt_codes/pyserial_test/install/pysender/share/pysender/package.bash'
[2.432s] INFO:colcon.colcon_core.shell:Creating package script '/home/muztahid/ros_codes/mt_codes/pyserial_test/install/pysender/share/pysender/package.zsh'
[2.432s] Level 1:colcon.colcon_core.environment:create_file_with_runtime_dependencies(/home/muztahid/ros_codes/mt_codes/pyserial_test/install/pysender/share/colcon-core/packages/pysender)
[2.433s] DEBUG:colcon.colcon_parallel_executor.executor.parallel:closing loop
[2.433s] DEBUG:colcon.colcon_parallel_executor.executor.parallel:loop closed
[2.433s] DEBUG:colcon.colcon_parallel_executor.executor.parallel:run_until_complete finished with '0'
[2.434s] DEBUG:colcon.colcon_core.event_reactor:joining thread
[2.440s] INFO:colcon.colcon_core.plugin_system:Skipping extension 'colcon_notification.desktop_notification.terminal_notifier': Not used on non-Darwin systems
[2.440s] INFO:colcon.colcon_core.plugin_system:Skipping extension 'colcon_notification.desktop_notification.win32': Not used on non-Windows systems
[2.440s] INFO:colcon.colcon_notification.desktop_notification:Sending desktop notification using 'notify2'
[2.463s] DEBUG:colcon.colcon_core.event_reactor:joined thread
[2.463s] INFO:colcon.colcon_core.shell:Creating prefix script '/home/muztahid/ros_codes/mt_codes/pyserial_test/install/local_setup.ps1'
[2.465s] INFO:colcon.colcon_core.shell:Creating prefix util module '/home/muztahid/ros_codes/mt_codes/pyserial_test/install/_local_setup_util_ps1.py'
[2.469s] INFO:colcon.colcon_core.shell:Creating prefix chain script '/home/muztahid/ros_codes/mt_codes/pyserial_test/install/setup.ps1'
[2.471s] INFO:colcon.colcon_core.shell:Creating prefix script '/home/muztahid/ros_codes/mt_codes/pyserial_test/install/local_setup.sh'
[2.472s] INFO:colcon.colcon_core.shell:Creating prefix util module '/home/muztahid/ros_codes/mt_codes/pyserial_test/install/_local_setup_util_sh.py'
[2.473s] INFO:colcon.colcon_core.shell:Creating prefix chain script '/home/muztahid/ros_codes/mt_codes/pyserial_test/install/setup.sh'
[2.474s] INFO:colcon.colcon_core.shell:Creating prefix script '/home/muztahid/ros_codes/mt_codes/pyserial_test/install/local_setup.bash'
[2.475s] INFO:colcon.colcon_core.shell:Creating prefix chain script '/home/muztahid/ros_codes/mt_codes/pyserial_test/install/setup.bash'
[2.476s] INFO:colcon.colcon_core.shell:Creating prefix script '/home/muztahid/ros_codes/mt_codes/pyserial_test/install/local_setup.zsh'
[2.476s] INFO:colcon.colcon_core.shell:Creating prefix chain script '/home/muztahid/ros_codes/mt_codes/pyserial_test/install/setup.zsh'
