[0.219s] DEBUG:colcon:Command line arguments: ['/usr/bin/colcon', 'build', '--symlink']
[0.219s] DEBUG:colcon:Parsed command line arguments: Namespace(log_base=None, log_level=None, verb_name='build', build_base='build', install_base='install', merge_install=False, symlink_install=True, test_result_base=None, continue_on_error=False, executor='parallel', parallel_workers=4, event_handlers=None, ignore_user_meta=False, metas=['./colcon.meta'], base_paths=['.'], packages_ignore=None, packages_ignore_regex=None, paths=None, packages_up_to=None, packages_up_to_regex=None, packages_above=None, packages_above_and_dependencies=None, packages_above_depth=None, packages_select_by_dep=None, packages_skip_by_dep=None, packages_skip_up_to=None, packages_select_build_failed=False, packages_skip_build_finished=False, packages_select_test_failures=False, packages_skip_test_passed=False, packages_select=None, packages_skip=None, packages_select_regex=None, packages_skip_regex=None, packages_start=None, packages_end=None, allow_overriding=[], cmake_args=None, cmake_target=None, cmake_target_skip_unavailable=False, cmake_clean_cache=False, cmake_clean_first=False, cmake_force_configure=False, ament_cmake_args=None, catkin_cmake_args=None, catkin_skip_building_tests=False, mixin_files=None, mixin=None, verb_parser=<colcon_mixin.mixin.mixin_argument.MixinArgumentDecorator object at 0x7a9e0bc2a2c0>, verb_extension=<colcon_core.verb.build.BuildVerb object at 0x7a9e0bd470a0>, main=<bound method BuildVerb.main of <colcon_core.verb.build.BuildVerb object at 0x7a9e0bd470a0>>, mixin_verb=('build',))
[0.604s] Level 1:colcon.colcon_core.package_discovery:discover_packages(colcon_meta) check parameters
[0.605s] Level 1:colcon.colcon_core.package_discovery:discover_packages(recursive) check parameters
[0.605s] Level 1:colcon.colcon_core.package_discovery:discover_packages(ignore) check parameters
[0.605s] Level 1:colcon.colcon_core.package_discovery:discover_packages(path) check parameters
[0.605s] Level 1:colcon.colcon_core.package_discovery:discover_packages(colcon_meta) discover
[0.605s] Level 1:colcon.colcon_core.package_discovery:discover_packages(recursive) discover
[0.605s] INFO:colcon.colcon_core.package_discovery:Crawling recursively for packages in '/media/muztahid/New Volume/Mongoltori/pyserial_test'
[0.606s] Level 1:colcon.colcon_core.package_identification:_identify(.) by extensions ['ignore', 'ignore_ament_install']
[0.606s] Level 1:colcon.colcon_core.package_identification:_identify(.) by extension 'ignore'
[0.606s] Level 1:colcon.colcon_core.package_identification:_identify(.) by extension 'ignore_ament_install'
[0.607s] Level 1:colcon.colcon_core.package_identification:_identify(.) by extensions ['colcon_pkg']
[0.607s] Level 1:colcon.colcon_core.package_identification:_identify(.) by extension 'colcon_pkg'
[0.607s] Level 1:colcon.colcon_core.package_identification:_identify(.) by extensions ['colcon_meta']
[0.607s] Level 1:colcon.colcon_core.package_identification:_identify(.) by extension 'colcon_meta'
[0.607s] Level 1:colcon.colcon_core.package_identification:_identify(.) by extensions ['ros']
[0.607s] Level 1:colcon.colcon_core.package_identification:_identify(.) by extension 'ros'
[0.625s] Level 1:colcon.colcon_core.package_identification:_identify(.) by extensions ['cmake', 'python']
[0.625s] Level 1:colcon.colcon_core.package_identification:_identify(.) by extension 'cmake'
[0.625s] Level 1:colcon.colcon_core.package_identification:_identify(.) by extension 'python'
[0.626s] Level 1:colcon.colcon_core.package_identification:_identify(.) by extensions ['python_setup_py']
[0.626s] Level 1:colcon.colcon_core.package_identification:_identify(.) by extension 'python_setup_py'
[0.626s] Level 1:colcon.colcon_core.package_identification:_identify(build) by extensions ['ignore', 'ignore_ament_install']
[0.626s] Level 1:colcon.colcon_core.package_identification:_identify(build) by extension 'ignore'
[0.627s] Level 1:colcon.colcon_core.package_identification:_identify(build) ignored
[0.627s] Level 1:colcon.colcon_core.package_identification:_identify(install) by extensions ['ignore', 'ignore_ament_install']
[0.627s] Level 1:colcon.colcon_core.package_identification:_identify(install) by extension 'ignore'
[0.628s] Level 1:colcon.colcon_core.package_identification:_identify(install) ignored
[0.628s] Level 1:colcon.colcon_core.package_identification:_identify(log) by extensions ['ignore', 'ignore_ament_install']
[0.629s] Level 1:colcon.colcon_core.package_identification:_identify(log) by extension 'ignore'
[0.629s] Level 1:colcon.colcon_core.package_identification:_identify(log) ignored
[0.629s] Level 1:colcon.colcon_core.package_identification:_identify(src) by extensions ['ignore', 'ignore_ament_install']
[0.629s] Level 1:colcon.colcon_core.package_identification:_identify(src) by extension 'ignore'
[0.630s] Level 1:colcon.colcon_core.package_identification:_identify(src) by extension 'ignore_ament_install'
[0.630s] Level 1:colcon.colcon_core.package_identification:_identify(src) by extensions ['colcon_pkg']
[0.630s] Level 1:colcon.colcon_core.package_identification:_identify(src) by extension 'colcon_pkg'
[0.630s] Level 1:colcon.colcon_core.package_identification:_identify(src) by extensions ['colcon_meta']
[0.630s] Level 1:colcon.colcon_core.package_identification:_identify(src) by extension 'colcon_meta'
[0.630s] Level 1:colcon.colcon_core.package_identification:_identify(src) by extensions ['ros']
[0.631s] Level 1:colcon.colcon_core.package_identification:_identify(src) by extension 'ros'
[0.631s] Level 1:colcon.colcon_core.package_identification:_identify(src) by extensions ['cmake', 'python']
[0.631s] Level 1:colcon.colcon_core.package_identification:_identify(src) by extension 'cmake'
[0.631s] Level 1:colcon.colcon_core.package_identification:_identify(src) by extension 'python'
[0.632s] Level 1:colcon.colcon_core.package_identification:_identify(src) by extensions ['python_setup_py']
[0.632s] Level 1:colcon.colcon_core.package_identification:_identify(src) by extension 'python_setup_py'
[0.632s] Level 1:colcon.colcon_core.package_identification:_identify(src/pysender) by extensions ['ignore', 'ignore_ament_install']
[0.632s] Level 1:colcon.colcon_core.package_identification:_identify(src/pysender) by extension 'ignore'
[0.633s] Level 1:colcon.colcon_core.package_identification:_identify(src/pysender) by extension 'ignore_ament_install'
[0.633s] Level 1:colcon.colcon_core.package_identification:_identify(src/pysender) by extensions ['colcon_pkg']
[0.633s] Level 1:colcon.colcon_core.package_identification:_identify(src/pysender) by extension 'colcon_pkg'
[0.633s] Level 1:colcon.colcon_core.package_identification:_identify(src/pysender) by extensions ['colcon_meta']
[0.634s] Level 1:colcon.colcon_core.package_identification:_identify(src/pysender) by extension 'colcon_meta'
[0.634s] Level 1:colcon.colcon_core.package_identification:_identify(src/pysender) by extensions ['ros']
[0.634s] Level 1:colcon.colcon_core.package_identification:_identify(src/pysender) by extension 'ros'
[0.639s] DEBUG:colcon.colcon_core.package_identification:Package 'src/pysender' with type 'ros.ament_python' and name 'pysender'
[0.639s] Level 1:colcon.colcon_core.package_identification:_identify(src/rover_control_test) by extensions ['ignore', 'ignore_ament_install']
[0.640s] Level 1:colcon.colcon_core.package_identification:_identify(src/rover_control_test) by extension 'ignore'
[0.640s] Level 1:colcon.colcon_core.package_identification:_identify(src/rover_control_test) by extension 'ignore_ament_install'
[0.640s] Level 1:colcon.colcon_core.package_identification:_identify(src/rover_control_test) by extensions ['colcon_pkg']
[0.640s] Level 1:colcon.colcon_core.package_identification:_identify(src/rover_control_test) by extension 'colcon_pkg'
[0.640s] Level 1:colcon.colcon_core.package_identification:_identify(src/rover_control_test) by extensions ['colcon_meta']
[0.640s] Level 1:colcon.colcon_core.package_identification:_identify(src/rover_control_test) by extension 'colcon_meta'
[0.641s] Level 1:colcon.colcon_core.package_identification:_identify(src/rover_control_test) by extensions ['ros']
[0.641s] Level 1:colcon.colcon_core.package_identification:_identify(src/rover_control_test) by extension 'ros'
[0.643s] DEBUG:colcon.colcon_core.package_identification:Package 'src/rover_control_test' with type 'ros.ament_python' and name 'rover_control_test'
[0.643s] Level 1:colcon.colcon_core.package_discovery:discover_packages(recursive) using defaults
[0.643s] Level 1:colcon.colcon_core.package_discovery:discover_packages(ignore) discover
[0.643s] Level 1:colcon.colcon_core.package_discovery:discover_packages(ignore) using defaults
[0.643s] Level 1:colcon.colcon_core.package_discovery:discover_packages(path) discover
[0.643s] Level 1:colcon.colcon_core.package_discovery:discover_packages(path) using defaults
[0.679s] Level 1:colcon.colcon_core.package_discovery:discover_packages(prefix_path) check parameters
[0.679s] Level 1:colcon.colcon_core.package_discovery:discover_packages(prefix_path) discover
[0.695s] DEBUG:colcon.colcon_installed_package_information.package_discovery:Found 270 installed packages in /opt/ros/humble
[0.698s] Level 1:colcon.colcon_core.package_discovery:discover_packages(prefix_path) using defaults
[0.748s] Level 5:colcon.colcon_core.verb:set package 'pysender' build argument 'cmake_args' from command line to 'None'
[0.749s] Level 5:colcon.colcon_core.verb:set package 'pysender' build argument 'cmake_target' from command line to 'None'
[0.749s] Level 5:colcon.colcon_core.verb:set package 'pysender' build argument 'cmake_target_skip_unavailable' from command line to 'False'
[0.749s] Level 5:colcon.colcon_core.verb:set package 'pysender' build argument 'cmake_clean_cache' from command line to 'False'
[0.749s] Level 5:colcon.colcon_core.verb:set package 'pysender' build argument 'cmake_clean_first' from command line to 'False'
[0.749s] Level 5:colcon.colcon_core.verb:set package 'pysender' build argument 'cmake_force_configure' from command line to 'False'
[0.749s] Level 5:colcon.colcon_core.verb:set package 'pysender' build argument 'ament_cmake_args' from command line to 'None'
[0.749s] Level 5:colcon.colcon_core.verb:set package 'pysender' build argument 'catkin_cmake_args' from command line to 'None'
[0.749s] Level 5:colcon.colcon_core.verb:set package 'pysender' build argument 'catkin_skip_building_tests' from command line to 'False'
[0.749s] DEBUG:colcon.colcon_core.verb:Building package 'pysender' with the following arguments: {'ament_cmake_args': None, 'build_base': '/media/muztahid/New Volume/Mongoltori/pyserial_test/build/pysender', 'catkin_cmake_args': None, 'catkin_skip_building_tests': False, 'cmake_args': None, 'cmake_clean_cache': False, 'cmake_clean_first': False, 'cmake_force_configure': False, 'cmake_target': None, 'cmake_target_skip_unavailable': False, 'install_base': '/media/muztahid/New Volume/Mongoltori/pyserial_test/install/pysender', 'merge_install': False, 'path': '/media/muztahid/New Volume/Mongoltori/pyserial_test/src/pysender', 'symlink_install': True, 'test_result_base': None}
[0.750s] Level 5:colcon.colcon_core.verb:set package 'rover_control_test' build argument 'cmake_args' from command line to 'None'
[0.750s] Level 5:colcon.colcon_core.verb:set package 'rover_control_test' build argument 'cmake_target' from command line to 'None'
[0.750s] Level 5:colcon.colcon_core.verb:set package 'rover_control_test' build argument 'cmake_target_skip_unavailable' from command line to 'False'
[0.750s] Level 5:colcon.colcon_core.verb:set package 'rover_control_test' build argument 'cmake_clean_cache' from command line to 'False'
[0.750s] Level 5:colcon.colcon_core.verb:set package 'rover_control_test' build argument 'cmake_clean_first' from command line to 'False'
[0.750s] Level 5:colcon.colcon_core.verb:set package 'rover_control_test' build argument 'cmake_force_configure' from command line to 'False'
[0.751s] Level 5:colcon.colcon_core.verb:set package 'rover_control_test' build argument 'ament_cmake_args' from command line to 'None'
[0.751s] Level 5:colcon.colcon_core.verb:set package 'rover_control_test' build argument 'catkin_cmake_args' from command line to 'None'
[0.751s] Level 5:colcon.colcon_core.verb:set package 'rover_control_test' build argument 'catkin_skip_building_tests' from command line to 'False'
[0.751s] DEBUG:colcon.colcon_core.verb:Building package 'rover_control_test' with the following arguments: {'ament_cmake_args': None, 'build_base': '/media/muztahid/New Volume/Mongoltori/pyserial_test/build/rover_control_test', 'catkin_cmake_args': None, 'catkin_skip_building_tests': False, 'cmake_args': None, 'cmake_clean_cache': False, 'cmake_clean_first': False, 'cmake_force_configure': False, 'cmake_target': None, 'cmake_target_skip_unavailable': False, 'install_base': '/media/muztahid/New Volume/Mongoltori/pyserial_test/install/rover_control_test', 'merge_install': False, 'path': '/media/muztahid/New Volume/Mongoltori/pyserial_test/src/rover_control_test', 'symlink_install': True, 'test_result_base': None}
[0.751s] INFO:colcon.colcon_core.executor:Executing jobs using 'parallel' executor
[0.752s] DEBUG:colcon.colcon_parallel_executor.executor.parallel:run_until_complete
[0.753s] INFO:colcon.colcon_ros.task.ament_python.build:Building ROS package in '/media/muztahid/New Volume/Mongoltori/pyserial_test/src/pysender' with build type 'ament_python'
[0.753s] Level 1:colcon.colcon_core.shell:create_environment_hook('pysender', 'ament_prefix_path')
[0.759s] INFO:colcon.colcon_core.plugin_system:Skipping extension 'colcon_core.shell.bat': Not used on non-Windows systems
[0.759s] INFO:colcon.colcon_core.shell:Creating environment hook '/media/muztahid/New Volume/Mongoltori/pyserial_test/install/pysender/share/pysender/hook/ament_prefix_path.ps1'
[0.762s] INFO:colcon.colcon_core.shell:Creating environment descriptor '/media/muztahid/New Volume/Mongoltori/pyserial_test/install/pysender/share/pysender/hook/ament_prefix_path.dsv'
[0.765s] INFO:colcon.colcon_core.shell:Creating environment hook '/media/muztahid/New Volume/Mongoltori/pyserial_test/install/pysender/share/pysender/hook/ament_prefix_path.sh'
[0.769s] INFO:colcon.colcon_core.shell:Skip shell extension 'powershell' for command environment: Not usable outside of PowerShell
[0.770s] DEBUG:colcon.colcon_core.shell:Skip shell extension 'dsv' for command environment
[0.777s] INFO:colcon.colcon_ros.task.ament_python.build:Building ROS package in '/media/muztahid/New Volume/Mongoltori/pyserial_test/src/rover_control_test' with build type 'ament_python'
[0.778s] Level 1:colcon.colcon_core.shell:create_environment_hook('rover_control_test', 'ament_prefix_path')
[0.778s] INFO:colcon.colcon_core.shell:Creating environment hook '/media/muztahid/New Volume/Mongoltori/pyserial_test/install/rover_control_test/share/rover_control_test/hook/ament_prefix_path.ps1'
[0.781s] INFO:colcon.colcon_core.shell:Creating environment descriptor '/media/muztahid/New Volume/Mongoltori/pyserial_test/install/rover_control_test/share/rover_control_test/hook/ament_prefix_path.dsv'
[0.783s] INFO:colcon.colcon_core.shell:Creating environment hook '/media/muztahid/New Volume/Mongoltori/pyserial_test/install/rover_control_test/share/rover_control_test/hook/ament_prefix_path.sh'
[0.785s] INFO:colcon.colcon_core.shell:Skip shell extension 'powershell' for command environment: Not usable outside of PowerShell
[0.785s] DEBUG:colcon.colcon_core.shell:Skip shell extension 'dsv' for command environment
[1.221s] INFO:colcon.colcon_core.task.python.build:Building Python package in '/media/muztahid/New Volume/Mongoltori/pyserial_test/src/pysender'
[1.222s] INFO:colcon.colcon_core.shell:Skip shell extension 'powershell' for command environment: Not usable outside of PowerShell
[1.222s] DEBUG:colcon.colcon_core.shell:Skip shell extension 'dsv' for command environment
[1.617s] INFO:colcon.colcon_core.task.python.build:Building Python package in '/media/muztahid/New Volume/Mongoltori/pyserial_test/src/rover_control_test'
[1.618s] INFO:colcon.colcon_core.shell:Skip shell extension 'powershell' for command environment: Not usable outside of PowerShell
[1.618s] DEBUG:colcon.colcon_core.shell:Skip shell extension 'dsv' for command environment
[2.325s] DEBUG:colcon.colcon_core.task.python.build:While undoing a previous installation files outside the Python library path are being ignored: /media/muztahid/New Volume/Mongoltori/pyserial_test/install/pysender/share/ament_index/resource_index/packages/pysender
[2.325s] DEBUG:colcon.colcon_core.task.python.build:While undoing a previous installation files outside the Python library path are being ignored: /media/muztahid/New Volume/Mongoltori/pyserial_test/install/pysender/share/pysender/package.xml
[2.330s] DEBUG:colcon.colcon_core.task.python.build:While undoing a previous installation files outside the Python library path are being ignored: /media/muztahid/New Volume/Mongoltori/pyserial_test/install/pysender/lib/pysender/pysender
[2.344s] DEBUG:colcon.colcon_core.event_handler.log_command:Invoking command in '/media/muztahid/New Volume/Mongoltori/pyserial_test/build/pysender': PYTHONPATH=/media/muztahid/New Volume/Mongoltori/pyserial_test/build/pysender/prefix_override:/usr/lib/python3/dist-packages/colcon_core/task/python/colcon_distutils_commands:/media/muztahid/New Volume/Mongoltori/pyserial_test/install/pysender/lib/python3.10/site-packages:${PYTHONPATH} /usr/bin/python3 -W ignore:setup.py install is deprecated -W ignore:easy_install command is deprecated setup.py develop --editable --build-directory /media/muztahid/New Volume/Mongoltori/pyserial_test/build/pysender/build --no-deps symlink_data --force
[2.346s] DEBUG:colcon.colcon_core.task.python.build:While undoing a previous installation files outside the Python library path are being ignored: /media/muztahid/New Volume/Mongoltori/pyserial_test/install/rover_control_test/share/ament_index/resource_index/packages/rover_control_test
[2.347s] DEBUG:colcon.colcon_core.task.python.build:While undoing a previous installation files outside the Python library path are being ignored: /media/muztahid/New Volume/Mongoltori/pyserial_test/install/rover_control_test/share/rover_control_test/package.xml
[2.351s] DEBUG:colcon.colcon_core.task.python.build:While undoing a previous installation files outside the Python library path are being ignored: /media/muztahid/New Volume/Mongoltori/pyserial_test/install/rover_control_test/lib/rover_control_test/rover_control
[2.362s] DEBUG:colcon.colcon_core.event_handler.log_command:Invoking command in '/media/muztahid/New Volume/Mongoltori/pyserial_test/build/rover_control_test': PYTHONPATH=/media/muztahid/New Volume/Mongoltori/pyserial_test/build/rover_control_test/prefix_override:/usr/lib/python3/dist-packages/colcon_core/task/python/colcon_distutils_commands:/media/muztahid/New Volume/Mongoltori/pyserial_test/install/rover_control_test/lib/python3.10/site-packages:${PYTHONPATH} /usr/bin/python3 -W ignore:setup.py install is deprecated -W ignore:easy_install command is deprecated setup.py develop --editable --build-directory /media/muztahid/New Volume/Mongoltori/pyserial_test/build/rover_control_test/build --no-deps symlink_data --force
[3.332s] Level 1:colcon.colcon_core.shell:create_environment_hook('pysender', 'pythonpath_develop')
[3.333s] INFO:colcon.colcon_core.shell:Creating environment hook '/media/muztahid/New Volume/Mongoltori/pyserial_test/build/pysender/share/pysender/hook/pythonpath_develop.ps1'
[3.334s] DEBUG:colcon.colcon_core.event_handler.log_command:Invoked command in '/media/muztahid/New Volume/Mongoltori/pyserial_test/build/pysender' returned '0': PYTHONPATH=/media/muztahid/New Volume/Mongoltori/pyserial_test/build/pysender/prefix_override:/usr/lib/python3/dist-packages/colcon_core/task/python/colcon_distutils_commands:/media/muztahid/New Volume/Mongoltori/pyserial_test/install/pysender/lib/python3.10/site-packages:${PYTHONPATH} /usr/bin/python3 -W ignore:setup.py install is deprecated -W ignore:easy_install command is deprecated setup.py develop --editable --build-directory /media/muztahid/New Volume/Mongoltori/pyserial_test/build/pysender/build --no-deps symlink_data --force
[3.336s] INFO:colcon.colcon_core.shell:Creating environment descriptor '/media/muztahid/New Volume/Mongoltori/pyserial_test/build/pysender/share/pysender/hook/pythonpath_develop.dsv'
[3.337s] INFO:colcon.colcon_core.shell:Creating environment hook '/media/muztahid/New Volume/Mongoltori/pyserial_test/build/pysender/share/pysender/hook/pythonpath_develop.sh'
[3.345s] Level 1:colcon.colcon_core.environment:checking '/media/muztahid/New Volume/Mongoltori/pyserial_test/install/pysender' for CMake module files
[3.350s] Level 1:colcon.colcon_core.environment:checking '/media/muztahid/New Volume/Mongoltori/pyserial_test/install/pysender' for CMake config files
[3.355s] Level 1:colcon.colcon_core.environment:checking '/media/muztahid/New Volume/Mongoltori/pyserial_test/install/pysender/lib'
[3.356s] Level 1:colcon.colcon_core.environment:checking '/media/muztahid/New Volume/Mongoltori/pyserial_test/install/pysender/bin'
[3.356s] Level 1:colcon.colcon_core.environment:checking '/media/muztahid/New Volume/Mongoltori/pyserial_test/install/pysender/lib/pkgconfig/pysender.pc'
[3.357s] Level 1:colcon.colcon_core.environment:checking '/media/muztahid/New Volume/Mongoltori/pyserial_test/install/pysender/lib/python3.10/site-packages'
[3.357s] Level 1:colcon.colcon_core.shell:create_environment_hook('pysender', 'pythonpath')
[3.358s] INFO:colcon.colcon_core.shell:Creating environment hook '/media/muztahid/New Volume/Mongoltori/pyserial_test/install/pysender/share/pysender/hook/pythonpath.ps1'
[3.360s] INFO:colcon.colcon_core.shell:Creating environment descriptor '/media/muztahid/New Volume/Mongoltori/pyserial_test/install/pysender/share/pysender/hook/pythonpath.dsv'
[3.361s] INFO:colcon.colcon_core.shell:Creating environment hook '/media/muztahid/New Volume/Mongoltori/pyserial_test/install/pysender/share/pysender/hook/pythonpath.sh'
[3.363s] Level 1:colcon.colcon_core.environment:checking '/media/muztahid/New Volume/Mongoltori/pyserial_test/install/pysender/bin'
[3.363s] Level 1:colcon.colcon_core.environment:create_environment_scripts_only(pysender)
[3.364s] INFO:colcon.colcon_core.shell:Creating package script '/media/muztahid/New Volume/Mongoltori/pyserial_test/install/pysender/share/pysender/package.ps1'
[3.367s] INFO:colcon.colcon_core.shell:Creating package descriptor '/media/muztahid/New Volume/Mongoltori/pyserial_test/install/pysender/share/pysender/package.dsv'
[3.369s] INFO:colcon.colcon_core.shell:Creating package script '/media/muztahid/New Volume/Mongoltori/pyserial_test/install/pysender/share/pysender/package.sh'
[3.371s] INFO:colcon.colcon_core.shell:Creating package script '/media/muztahid/New Volume/Mongoltori/pyserial_test/install/pysender/share/pysender/package.bash'
[3.374s] INFO:colcon.colcon_core.shell:Creating package script '/media/muztahid/New Volume/Mongoltori/pyserial_test/install/pysender/share/pysender/package.zsh'
[3.377s] Level 1:colcon.colcon_core.environment:create_file_with_runtime_dependencies(/media/muztahid/New Volume/Mongoltori/pyserial_test/install/pysender/share/colcon-core/packages/pysender)
[3.380s] Level 1:colcon.colcon_core.shell:create_environment_hook('rover_control_test', 'pythonpath_develop')
[3.381s] INFO:colcon.colcon_core.shell:Creating environment hook '/media/muztahid/New Volume/Mongoltori/pyserial_test/build/rover_control_test/share/rover_control_test/hook/pythonpath_develop.ps1'
[3.382s] DEBUG:colcon.colcon_core.event_handler.log_command:Invoked command in '/media/muztahid/New Volume/Mongoltori/pyserial_test/build/rover_control_test' returned '0': PYTHONPATH=/media/muztahid/New Volume/Mongoltori/pyserial_test/build/rover_control_test/prefix_override:/usr/lib/python3/dist-packages/colcon_core/task/python/colcon_distutils_commands:/media/muztahid/New Volume/Mongoltori/pyserial_test/install/rover_control_test/lib/python3.10/site-packages:${PYTHONPATH} /usr/bin/python3 -W ignore:setup.py install is deprecated -W ignore:easy_install command is deprecated setup.py develop --editable --build-directory /media/muztahid/New Volume/Mongoltori/pyserial_test/build/rover_control_test/build --no-deps symlink_data --force
[3.384s] INFO:colcon.colcon_core.shell:Creating environment descriptor '/media/muztahid/New Volume/Mongoltori/pyserial_test/build/rover_control_test/share/rover_control_test/hook/pythonpath_develop.dsv'
[3.390s] INFO:colcon.colcon_core.shell:Creating environment hook '/media/muztahid/New Volume/Mongoltori/pyserial_test/build/rover_control_test/share/rover_control_test/hook/pythonpath_develop.sh'
[3.393s] Level 1:colcon.colcon_core.environment:checking '/media/muztahid/New Volume/Mongoltori/pyserial_test/install/rover_control_test' for CMake module files
[3.397s] Level 1:colcon.colcon_core.environment:checking '/media/muztahid/New Volume/Mongoltori/pyserial_test/install/rover_control_test' for CMake config files
[3.401s] Level 1:colcon.colcon_core.environment:checking '/media/muztahid/New Volume/Mongoltori/pyserial_test/install/rover_control_test/lib'
[3.402s] Level 1:colcon.colcon_core.environment:checking '/media/muztahid/New Volume/Mongoltori/pyserial_test/install/rover_control_test/bin'
[3.402s] Level 1:colcon.colcon_core.environment:checking '/media/muztahid/New Volume/Mongoltori/pyserial_test/install/rover_control_test/lib/pkgconfig/rover_control_test.pc'
[3.403s] Level 1:colcon.colcon_core.environment:checking '/media/muztahid/New Volume/Mongoltori/pyserial_test/install/rover_control_test/lib/python3.10/site-packages'
[3.403s] Level 1:colcon.colcon_core.shell:create_environment_hook('rover_control_test', 'pythonpath')
[3.403s] INFO:colcon.colcon_core.shell:Creating environment hook '/media/muztahid/New Volume/Mongoltori/pyserial_test/install/rover_control_test/share/rover_control_test/hook/pythonpath.ps1'
[3.405s] INFO:colcon.colcon_core.shell:Creating environment descriptor '/media/muztahid/New Volume/Mongoltori/pyserial_test/install/rover_control_test/share/rover_control_test/hook/pythonpath.dsv'
[3.407s] INFO:colcon.colcon_core.shell:Creating environment hook '/media/muztahid/New Volume/Mongoltori/pyserial_test/install/rover_control_test/share/rover_control_test/hook/pythonpath.sh'
[3.409s] Level 1:colcon.colcon_core.environment:checking '/media/muztahid/New Volume/Mongoltori/pyserial_test/install/rover_control_test/bin'
[3.409s] Level 1:colcon.colcon_core.environment:create_environment_scripts_only(rover_control_test)
[3.410s] INFO:colcon.colcon_core.shell:Creating package script '/media/muztahid/New Volume/Mongoltori/pyserial_test/install/rover_control_test/share/rover_control_test/package.ps1'
[3.414s] INFO:colcon.colcon_core.shell:Creating package descriptor '/media/muztahid/New Volume/Mongoltori/pyserial_test/install/rover_control_test/share/rover_control_test/package.dsv'
[3.416s] INFO:colcon.colcon_core.shell:Creating package script '/media/muztahid/New Volume/Mongoltori/pyserial_test/install/rover_control_test/share/rover_control_test/package.sh'
[3.418s] INFO:colcon.colcon_core.shell:Creating package script '/media/muztahid/New Volume/Mongoltori/pyserial_test/install/rover_control_test/share/rover_control_test/package.bash'
[3.420s] INFO:colcon.colcon_core.shell:Creating package script '/media/muztahid/New Volume/Mongoltori/pyserial_test/install/rover_control_test/share/rover_control_test/package.zsh'
[3.423s] Level 1:colcon.colcon_core.environment:create_file_with_runtime_dependencies(/media/muztahid/New Volume/Mongoltori/pyserial_test/install/rover_control_test/share/colcon-core/packages/rover_control_test)
[3.426s] DEBUG:colcon.colcon_parallel_executor.executor.parallel:closing loop
[3.426s] DEBUG:colcon.colcon_parallel_executor.executor.parallel:loop closed
[3.426s] DEBUG:colcon.colcon_parallel_executor.executor.parallel:run_until_complete finished with '0'
[3.426s] DEBUG:colcon.colcon_core.event_reactor:joining thread
[3.438s] INFO:colcon.colcon_core.plugin_system:Skipping extension 'colcon_notification.desktop_notification.terminal_notifier': Not used on non-Darwin systems
[3.439s] INFO:colcon.colcon_core.plugin_system:Skipping extension 'colcon_notification.desktop_notification.win32': Not used on non-Windows systems
[3.439s] INFO:colcon.colcon_notification.desktop_notification:Sending desktop notification using 'notify2'
[3.466s] DEBUG:colcon.colcon_core.event_reactor:joined thread
[3.467s] INFO:colcon.colcon_core.shell:Creating prefix script '/media/muztahid/New Volume/Mongoltori/pyserial_test/install/local_setup.ps1'
[3.470s] INFO:colcon.colcon_core.shell:Creating prefix util module '/media/muztahid/New Volume/Mongoltori/pyserial_test/install/_local_setup_util_ps1.py'
[3.475s] INFO:colcon.colcon_core.shell:Creating prefix chain script '/media/muztahid/New Volume/Mongoltori/pyserial_test/install/setup.ps1'
[3.478s] INFO:colcon.colcon_core.shell:Creating prefix script '/media/muztahid/New Volume/Mongoltori/pyserial_test/install/local_setup.sh'
[3.480s] INFO:colcon.colcon_core.shell:Creating prefix util module '/media/muztahid/New Volume/Mongoltori/pyserial_test/install/_local_setup_util_sh.py'
[3.481s] INFO:colcon.colcon_core.shell:Creating prefix chain script '/media/muztahid/New Volume/Mongoltori/pyserial_test/install/setup.sh'
[3.484s] INFO:colcon.colcon_core.shell:Creating prefix script '/media/muztahid/New Volume/Mongoltori/pyserial_test/install/local_setup.bash'
[3.485s] INFO:colcon.colcon_core.shell:Creating prefix chain script '/media/muztahid/New Volume/Mongoltori/pyserial_test/install/setup.bash'
[3.488s] INFO:colcon.colcon_core.shell:Creating prefix script '/media/muztahid/New Volume/Mongoltori/pyserial_test/install/local_setup.zsh'
[3.490s] INFO:colcon.colcon_core.shell:Creating prefix chain script '/media/muztahid/New Volume/Mongoltori/pyserial_test/install/setup.zsh'
