[1.590s] Invoking command in '/home/muztahid/ros_codes/mt_codes/pyserial_test/src/pysender': PYTHONPATH=/home/muztahid/ros_codes/mt_codes/pyserial_test/build/pysender/prefix_override:/usr/lib/python3/dist-packages/colcon_core/task/python/colcon_distutils_commands:/home/muztahid/ros_codes/mt_codes/pyserial_test/install/pysender/lib/python3.10/site-packages:${PYTHONPATH} /usr/bin/python3 -W ignore:setup.py install is deprecated -W ignore:easy_install command is deprecated setup.py egg_info --egg-base ../../build/pysender build --build-base /home/muztahid/ros_codes/mt_codes/pyserial_test/build/pysender/build install --record /home/muztahid/ros_codes/mt_codes/pyserial_test/build/pysender/install.log --single-version-externally-managed install_data
[2.079s] running egg_info
[2.081s] writing ../../build/pysender/pysender.egg-info/PKG-INFO
[2.081s] writing dependency_links to ../../build/pysender/pysender.egg-info/dependency_links.txt
[2.084s] writing entry points to ../../build/pysender/pysender.egg-info/entry_points.txt
[2.084s] writing requirements to ../../build/pysender/pysender.egg-info/requires.txt
[2.084s] writing top-level names to ../../build/pysender/pysender.egg-info/top_level.txt
[2.085s] reading manifest file '../../build/pysender/pysender.egg-info/SOURCES.txt'
[2.087s] writing manifest file '../../build/pysender/pysender.egg-info/SOURCES.txt'
[2.087s] running build
[2.088s] running build_py
[2.089s] running install
[2.089s] running install_lib
[2.091s] running install_data
[2.091s] running install_egg_info
[2.095s] removing '/home/muztahid/ros_codes/mt_codes/pyserial_test/install/pysender/lib/python3.10/site-packages/pysender-0.0.0-py3.10.egg-info' (and everything under it)
[2.095s] Copying ../../build/pysender/pysender.egg-info to /home/muztahid/ros_codes/mt_codes/pyserial_test/install/pysender/lib/python3.10/site-packages/pysender-0.0.0-py3.10.egg-info
[2.098s] running install_scripts
[2.141s] Installing pysender script to /home/muztahid/ros_codes/mt_codes/pyserial_test/install/pysender/lib/pysender
[2.142s] writing list of installed files to '/home/muztahid/ros_codes/mt_codes/pyserial_test/build/pysender/install.log'
[2.185s] Invoked command in '/home/muztahid/ros_codes/mt_codes/pyserial_test/src/pysender' returned '0': PYTHONPATH=/home/muztahid/ros_codes/mt_codes/pyserial_test/build/pysender/prefix_override:/usr/lib/python3/dist-packages/colcon_core/task/python/colcon_distutils_commands:/home/muztahid/ros_codes/mt_codes/pyserial_test/install/pysender/lib/python3.10/site-packages:${PYTHONPATH} /usr/bin/python3 -W ignore:setup.py install is deprecated -W ignore:easy_install command is deprecated setup.py egg_info --egg-base ../../build/pysender build --build-base /home/muztahid/ros_codes/mt_codes/pyserial_test/build/pysender/build install --record /home/muztahid/ros_codes/mt_codes/pyserial_test/build/pysender/install.log --single-version-externally-managed install_data
