[1.472s] Invoking command in '/home/muztahid/ros_codes/mt_codes/pyserial_test/src/pysender': PYTHONPATH=/home/muztahid/ros_codes/mt_codes/pyserial_test/build/pysender/prefix_override:/usr/lib/python3/dist-packages/colcon_core/task/python/colcon_distutils_commands:/home/muztahid/ros_codes/mt_codes/pyserial_test/install/pysender/lib/python3.10/site-packages:${PYTHONPATH} /usr/bin/python3 -W ignore:setup.py install is deprecated -W ignore:easy_install command is deprecated setup.py egg_info --egg-base ../../build/pysender build --build-base /home/muztahid/ros_codes/mt_codes/pyserial_test/build/pysender/build install --record /home/muztahid/ros_codes/mt_codes/pyserial_test/build/pysender/install.log --single-version-externally-managed install_data
[1.927s] running egg_info
[1.927s] writing ../../build/pysender/pysender.egg-info/PKG-INFO
[1.928s] writing dependency_links to ../../build/pysender/pysender.egg-info/dependency_links.txt
[1.928s] writing entry points to ../../build/pysender/pysender.egg-info/entry_points.txt
[1.928s] writing requirements to ../../build/pysender/pysender.egg-info/requires.txt
[1.928s] writing top-level names to ../../build/pysender/pysender.egg-info/top_level.txt
[1.931s] reading manifest file '../../build/pysender/pysender.egg-info/SOURCES.txt'
[1.933s] writing manifest file '../../build/pysender/pysender.egg-info/SOURCES.txt'
[1.933s] running build
[1.933s] running build_py
[1.934s] running install
[1.935s] running install_lib
[1.937s] running install_data
[1.938s] running install_egg_info
[1.943s] removing '/home/muztahid/ros_codes/mt_codes/pyserial_test/install/pysender/lib/python3.10/site-packages/pysender-0.0.0-py3.10.egg-info' (and everything under it)
[1.944s] Copying ../../build/pysender/pysender.egg-info to /home/muztahid/ros_codes/mt_codes/pyserial_test/install/pysender/lib/python3.10/site-packages/pysender-0.0.0-py3.10.egg-info
[1.950s] running install_scripts
[2.003s] Installing pysender script to /home/muztahid/ros_codes/mt_codes/pyserial_test/install/pysender/lib/pysender
[2.003s] writing list of installed files to '/home/muztahid/ros_codes/mt_codes/pyserial_test/build/pysender/install.log'
[2.083s] Invoked command in '/home/muztahid/ros_codes/mt_codes/pyserial_test/src/pysender' returned '0': PYTHONPATH=/home/muztahid/ros_codes/mt_codes/pyserial_test/build/pysender/prefix_override:/usr/lib/python3/dist-packages/colcon_core/task/python/colcon_distutils_commands:/home/muztahid/ros_codes/mt_codes/pyserial_test/install/pysender/lib/python3.10/site-packages:${PYTHONPATH} /usr/bin/python3 -W ignore:setup.py install is deprecated -W ignore:easy_install command is deprecated setup.py egg_info --egg-base ../../build/pysender build --build-base /home/muztahid/ros_codes/mt_codes/pyserial_test/build/pysender/build install --record /home/muztahid/ros_codes/mt_codes/pyserial_test/build/pysender/install.log --single-version-externally-managed install_data
