[0.058s] DEBUG:colcon:Command line arguments: ['/usr/bin/colcon', 'build']
[0.058s] DEBUG:colcon:Parsed command line arguments: Namespace(log_base=None, log_level=None, verb_name='build', build_base='build', install_base='install', merge_install=False, symlink_install=False, test_result_base=None, continue_on_error=False, executor='parallel', parallel_workers=20, event_handlers=None, ignore_user_meta=False, metas=['./colcon.meta'], base_paths=['.'], packages_ignore=None, packages_ignore_regex=None, paths=None, packages_up_to=None, packages_up_to_regex=None, packages_above=None, packages_above_and_dependencies=None, packages_above_depth=None, packages_select_by_dep=None, packages_skip_by_dep=None, packages_skip_up_to=None, packages_select_build_failed=False, packages_skip_build_finished=False, packages_select_test_failures=False, packages_skip_test_passed=False, packages_select=None, packages_skip=None, packages_select_regex=None, packages_skip_regex=None, packages_start=None, packages_end=None, allow_overriding=[], cmake_args=None, cmake_target=None, cmake_target_skip_unavailable=False, cmake_clean_cache=False, cmake_clean_first=False, cmake_force_configure=False, ament_cmake_args=None, catkin_cmake_args=None, catkin_skip_building_tests=False, verb_parser=<colcon_defaults.argument_parser.defaults.DefaultArgumentsDecorator object at 0x777c12f46ec0>, verb_extension=<colcon_core.verb.build.BuildVerb object at 0x777c13094970>, main=<bound method BuildVerb.main of <colcon_core.verb.build.BuildVerb object at 0x777c13094970>>)
[0.170s] Level 1:colcon.colcon_core.package_discovery:discover_packages(colcon_meta) check parameters
[0.170s] Level 1:colcon.colcon_core.package_discovery:discover_packages(recursive) check parameters
[0.170s] Level 1:colcon.colcon_core.package_discovery:discover_packages(ignore) check parameters
[0.170s] Level 1:colcon.colcon_core.package_discovery:discover_packages(path) check parameters
[0.170s] Level 1:colcon.colcon_core.package_discovery:discover_packages(colcon_meta) discover
[0.170s] Level 1:colcon.colcon_core.package_discovery:discover_packages(recursive) discover
[0.170s] INFO:colcon.colcon_core.package_discovery:Crawling recursively for packages in '/home/hasi/pyserial_test'
[0.170s] Level 1:colcon.colcon_core.package_identification:_identify(.) by extensions ['ignore', 'ignore_ament_install']
[0.170s] Level 1:colcon.colcon_core.package_identification:_identify(.) by extension 'ignore'
[0.170s] Level 1:colcon.colcon_core.package_identification:_identify(.) by extension 'ignore_ament_install'
[0.170s] Level 1:colcon.colcon_core.package_identification:_identify(.) by extensions ['colcon_pkg']
[0.170s] Level 1:colcon.colcon_core.package_identification:_identify(.) by extension 'colcon_pkg'
[0.170s] Level 1:colcon.colcon_core.package_identification:_identify(.) by extensions ['colcon_meta']
[0.170s] Level 1:colcon.colcon_core.package_identification:_identify(.) by extension 'colcon_meta'
[0.170s] Level 1:colcon.colcon_core.package_identification:_identify(.) by extensions ['ros']
[0.170s] Level 1:colcon.colcon_core.package_identification:_identify(.) by extension 'ros'
[0.181s] Level 1:colcon.colcon_core.package_identification:_identify(.) by extensions ['cmake', 'python']
[0.181s] Level 1:colcon.colcon_core.package_identification:_identify(.) by extension 'cmake'
[0.181s] Level 1:colcon.colcon_core.package_identification:_identify(.) by extension 'python'
[0.181s] Level 1:colcon.colcon_core.package_identification:_identify(.) by extensions ['python_setup_py']
[0.181s] Level 1:colcon.colcon_core.package_identification:_identify(.) by extension 'python_setup_py'
[0.181s] Level 1:colcon.colcon_core.package_identification:_identify(build) by extensions ['ignore', 'ignore_ament_install']
[0.181s] Level 1:colcon.colcon_core.package_identification:_identify(build) by extension 'ignore'
[0.181s] Level 1:colcon.colcon_core.package_identification:_identify(build) ignored
[0.181s] Level 1:colcon.colcon_core.package_identification:_identify(install) by extensions ['ignore', 'ignore_ament_install']
[0.182s] Level 1:colcon.colcon_core.package_identification:_identify(install) by extension 'ignore'
[0.182s] Level 1:colcon.colcon_core.package_identification:_identify(install) ignored
[0.182s] Level 1:colcon.colcon_core.package_identification:_identify(log) by extensions ['ignore', 'ignore_ament_install']
[0.182s] Level 1:colcon.colcon_core.package_identification:_identify(log) by extension 'ignore'
[0.182s] Level 1:colcon.colcon_core.package_identification:_identify(log) ignored
[0.182s] Level 1:colcon.colcon_core.package_identification:_identify(src) by extensions ['ignore', 'ignore_ament_install']
[0.182s] Level 1:colcon.colcon_core.package_identification:_identify(src) by extension 'ignore'
[0.182s] Level 1:colcon.colcon_core.package_identification:_identify(src) by extension 'ignore_ament_install'
[0.182s] Level 1:colcon.colcon_core.package_identification:_identify(src) by extensions ['colcon_pkg']
[0.182s] Level 1:colcon.colcon_core.package_identification:_identify(src) by extension 'colcon_pkg'
[0.182s] Level 1:colcon.colcon_core.package_identification:_identify(src) by extensions ['colcon_meta']
[0.182s] Level 1:colcon.colcon_core.package_identification:_identify(src) by extension 'colcon_meta'
[0.182s] Level 1:colcon.colcon_core.package_identification:_identify(src) by extensions ['ros']
[0.182s] Level 1:colcon.colcon_core.package_identification:_identify(src) by extension 'ros'
[0.182s] Level 1:colcon.colcon_core.package_identification:_identify(src) by extensions ['cmake', 'python']
[0.182s] Level 1:colcon.colcon_core.package_identification:_identify(src) by extension 'cmake'
[0.182s] Level 1:colcon.colcon_core.package_identification:_identify(src) by extension 'python'
[0.182s] Level 1:colcon.colcon_core.package_identification:_identify(src) by extensions ['python_setup_py']
[0.182s] Level 1:colcon.colcon_core.package_identification:_identify(src) by extension 'python_setup_py'
[0.182s] Level 1:colcon.colcon_core.package_identification:_identify(src/pysender) by extensions ['ignore', 'ignore_ament_install']
[0.182s] Level 1:colcon.colcon_core.package_identification:_identify(src/pysender) by extension 'ignore'
[0.182s] Level 1:colcon.colcon_core.package_identification:_identify(src/pysender) by extension 'ignore_ament_install'
[0.182s] Level 1:colcon.colcon_core.package_identification:_identify(src/pysender) by extensions ['colcon_pkg']
[0.182s] Level 1:colcon.colcon_core.package_identification:_identify(src/pysender) by extension 'colcon_pkg'
[0.182s] Level 1:colcon.colcon_core.package_identification:_identify(src/pysender) by extensions ['colcon_meta']
[0.182s] Level 1:colcon.colcon_core.package_identification:_identify(src/pysender) by extension 'colcon_meta'
[0.182s] Level 1:colcon.colcon_core.package_identification:_identify(src/pysender) by extensions ['ros']
[0.182s] Level 1:colcon.colcon_core.package_identification:_identify(src/pysender) by extension 'ros'
[0.184s] DEBUG:colcon.colcon_core.package_identification:Package 'src/pysender' with type 'ros.ament_python' and name 'pysender'
[0.184s] Level 1:colcon.colcon_core.package_identification:_identify(src/rover_control_test) by extensions ['ignore', 'ignore_ament_install']
[0.184s] Level 1:colcon.colcon_core.package_identification:_identify(src/rover_control_test) by extension 'ignore'
[0.184s] Level 1:colcon.colcon_core.package_identification:_identify(src/rover_control_test) by extension 'ignore_ament_install'
[0.184s] Level 1:colcon.colcon_core.package_identification:_identify(src/rover_control_test) by extensions ['colcon_pkg']
[0.184s] Level 1:colcon.colcon_core.package_identification:_identify(src/rover_control_test) by extension 'colcon_pkg'
[0.184s] Level 1:colcon.colcon_core.package_identification:_identify(src/rover_control_test) by extensions ['colcon_meta']
[0.184s] Level 1:colcon.colcon_core.package_identification:_identify(src/rover_control_test) by extension 'colcon_meta'
[0.184s] Level 1:colcon.colcon_core.package_identification:_identify(src/rover_control_test) by extensions ['ros']
[0.184s] Level 1:colcon.colcon_core.package_identification:_identify(src/rover_control_test) by extension 'ros'
[0.184s] DEBUG:colcon.colcon_core.package_identification:Package 'src/rover_control_test' with type 'ros.ament_python' and name 'rover_control_test'
[0.184s] Level 1:colcon.colcon_core.package_discovery:discover_packages(recursive) using defaults
[0.184s] Level 1:colcon.colcon_core.package_discovery:discover_packages(ignore) discover
[0.184s] Level 1:colcon.colcon_core.package_discovery:discover_packages(ignore) using defaults
[0.184s] Level 1:colcon.colcon_core.package_discovery:discover_packages(path) discover
[0.184s] Level 1:colcon.colcon_core.package_discovery:discover_packages(path) using defaults
[0.195s] Level 1:colcon.colcon_core.package_discovery:discover_packages(prefix_path) check parameters
[0.195s] Level 1:colcon.colcon_core.package_discovery:discover_packages(prefix_path) discover
[0.196s] DEBUG:colcon.colcon_installed_package_information.package_discovery:Found 2 installed packages in /home/hasi/pyserial_test/install
[0.197s] DEBUG:colcon.colcon_installed_package_information.package_discovery:Found 387 installed packages in /opt/ros/humble
[0.198s] Level 1:colcon.colcon_core.package_discovery:discover_packages(prefix_path) using defaults
[0.222s] Level 5:colcon.colcon_core.verb:set package 'pysender' build argument 'cmake_args' from command line to 'None'
[0.222s] Level 5:colcon.colcon_core.verb:set package 'pysender' build argument 'cmake_target' from command line to 'None'
[0.222s] Level 5:colcon.colcon_core.verb:set package 'pysender' build argument 'cmake_target_skip_unavailable' from command line to 'False'
[0.222s] Level 5:colcon.colcon_core.verb:set package 'pysender' build argument 'cmake_clean_cache' from command line to 'False'
[0.222s] Level 5:colcon.colcon_core.verb:set package 'pysender' build argument 'cmake_clean_first' from command line to 'False'
[0.222s] Level 5:colcon.colcon_core.verb:set package 'pysender' build argument 'cmake_force_configure' from command line to 'False'
[0.222s] Level 5:colcon.colcon_core.verb:set package 'pysender' build argument 'ament_cmake_args' from command line to 'None'
[0.222s] Level 5:colcon.colcon_core.verb:set package 'pysender' build argument 'catkin_cmake_args' from command line to 'None'
[0.222s] Level 5:colcon.colcon_core.verb:set package 'pysender' build argument 'catkin_skip_building_tests' from command line to 'False'
[0.222s] DEBUG:colcon.colcon_core.verb:Building package 'pysender' with the following arguments: {'ament_cmake_args': None, 'build_base': '/home/hasi/pyserial_test/build/pysender', 'catkin_cmake_args': None, 'catkin_skip_building_tests': False, 'cmake_args': None, 'cmake_clean_cache': False, 'cmake_clean_first': False, 'cmake_force_configure': False, 'cmake_target': None, 'cmake_target_skip_unavailable': False, 'install_base': '/home/hasi/pyserial_test/install/pysender', 'merge_install': False, 'path': '/home/hasi/pyserial_test/src/pysender', 'symlink_install': False, 'test_result_base': None}
[0.223s] Level 5:colcon.colcon_core.verb:set package 'rover_control_test' build argument 'cmake_args' from command line to 'None'
[0.223s] Level 5:colcon.colcon_core.verb:set package 'rover_control_test' build argument 'cmake_target' from command line to 'None'
[0.223s] Level 5:colcon.colcon_core.verb:set package 'rover_control_test' build argument 'cmake_target_skip_unavailable' from command line to 'False'
[0.223s] Level 5:colcon.colcon_core.verb:set package 'rover_control_test' build argument 'cmake_clean_cache' from command line to 'False'
[0.223s] Level 5:colcon.colcon_core.verb:set package 'rover_control_test' build argument 'cmake_clean_first' from command line to 'False'
[0.223s] Level 5:colcon.colcon_core.verb:set package 'rover_control_test' build argument 'cmake_force_configure' from command line to 'False'
[0.223s] Level 5:colcon.colcon_core.verb:set package 'rover_control_test' build argument 'ament_cmake_args' from command line to 'None'
[0.223s] Level 5:colcon.colcon_core.verb:set package 'rover_control_test' build argument 'catkin_cmake_args' from command line to 'None'
[0.223s] Level 5:colcon.colcon_core.verb:set package 'rover_control_test' build argument 'catkin_skip_building_tests' from command line to 'False'
[0.223s] DEBUG:colcon.colcon_core.verb:Building package 'rover_control_test' with the following arguments: {'ament_cmake_args': None, 'build_base': '/home/hasi/pyserial_test/build/rover_control_test', 'catkin_cmake_args': None, 'catkin_skip_building_tests': False, 'cmake_args': None, 'cmake_clean_cache': False, 'cmake_clean_first': False, 'cmake_force_configure': False, 'cmake_target': None, 'cmake_target_skip_unavailable': False, 'install_base': '/home/hasi/pyserial_test/install/rover_control_test', 'merge_install': False, 'path': '/home/hasi/pyserial_test/src/rover_control_test', 'symlink_install': False, 'test_result_base': None}
[0.223s] INFO:colcon.colcon_core.executor:Executing jobs using 'parallel' executor
[0.224s] DEBUG:colcon.colcon_parallel_executor.executor.parallel:run_until_complete
[0.224s] INFO:colcon.colcon_ros.task.ament_python.build:Building ROS package in '/home/hasi/pyserial_test/src/pysender' with build type 'ament_python'
[0.224s] Level 1:colcon.colcon_core.shell:create_environment_hook('pysender', 'ament_prefix_path')
[0.225s] INFO:colcon.colcon_core.plugin_system:Skipping extension 'colcon_core.shell.bat': Not used on non-Windows systems
[0.225s] INFO:colcon.colcon_core.shell:Creating environment hook '/home/hasi/pyserial_test/install/pysender/share/pysender/hook/ament_prefix_path.ps1'
[0.225s] INFO:colcon.colcon_core.shell:Creating environment descriptor '/home/hasi/pyserial_test/install/pysender/share/pysender/hook/ament_prefix_path.dsv'
[0.226s] INFO:colcon.colcon_core.shell:Creating environment hook '/home/hasi/pyserial_test/install/pysender/share/pysender/hook/ament_prefix_path.sh'
[0.226s] INFO:colcon.colcon_core.shell:Skip shell extension 'powershell' for command environment: Not usable outside of PowerShell
[0.226s] DEBUG:colcon.colcon_core.shell:Skip shell extension 'dsv' for command environment
[0.228s] INFO:colcon.colcon_ros.task.ament_python.build:Building ROS package in '/home/hasi/pyserial_test/src/rover_control_test' with build type 'ament_python'
[0.228s] Level 1:colcon.colcon_core.shell:create_environment_hook('rover_control_test', 'ament_prefix_path')
[0.228s] INFO:colcon.colcon_core.shell:Creating environment hook '/home/hasi/pyserial_test/install/rover_control_test/share/rover_control_test/hook/ament_prefix_path.ps1'
[0.228s] INFO:colcon.colcon_core.shell:Creating environment descriptor '/home/hasi/pyserial_test/install/rover_control_test/share/rover_control_test/hook/ament_prefix_path.dsv'
[0.229s] INFO:colcon.colcon_core.shell:Creating environment hook '/home/hasi/pyserial_test/install/rover_control_test/share/rover_control_test/hook/ament_prefix_path.sh'
[0.229s] INFO:colcon.colcon_core.shell:Skip shell extension 'powershell' for command environment: Not usable outside of PowerShell
[0.229s] DEBUG:colcon.colcon_core.shell:Skip shell extension 'dsv' for command environment
[0.407s] INFO:colcon.colcon_core.task.python.build:Building Python package in '/home/hasi/pyserial_test/src/pysender'
[0.408s] INFO:colcon.colcon_core.shell:Skip shell extension 'powershell' for command environment: Not usable outside of PowerShell
[0.408s] DEBUG:colcon.colcon_core.shell:Skip shell extension 'dsv' for command environment
[0.578s] INFO:colcon.colcon_core.task.python.build:Building Python package in '/home/hasi/pyserial_test/src/rover_control_test'
[0.578s] INFO:colcon.colcon_core.shell:Skip shell extension 'powershell' for command environment: Not usable outside of PowerShell
[0.578s] DEBUG:colcon.colcon_core.shell:Skip shell extension 'dsv' for command environment
[0.852s] DEBUG:colcon.colcon_core.event_handler.log_command:Invoking command in '/home/hasi/pyserial_test/src/pysender': PYTHONPATH=/home/hasi/pyserial_test/build/pysender/prefix_override:/usr/lib/python3/dist-packages/colcon_core/task/python/colcon_distutils_commands:/home/hasi/pyserial_test/install/pysender/lib/python3.10/site-packages:${PYTHONPATH} /usr/bin/python3 -W ignore:setup.py install is deprecated -W ignore:easy_install command is deprecated setup.py egg_info --egg-base ../../build/pysender build --build-base /home/hasi/pyserial_test/build/pysender/build install --record /home/hasi/pyserial_test/build/pysender/install.log --single-version-externally-managed install_data
[0.852s] DEBUG:colcon.colcon_core.event_handler.log_command:Invoking command in '/home/hasi/pyserial_test/src/rover_control_test': PYTHONPATH=/home/hasi/pyserial_test/build/rover_control_test/prefix_override:/usr/lib/python3/dist-packages/colcon_core/task/python/colcon_distutils_commands:/home/hasi/pyserial_test/install/rover_control_test/lib/python3.10/site-packages:${PYTHONPATH} /usr/bin/python3 -W ignore:setup.py install is deprecated -W ignore:easy_install command is deprecated setup.py egg_info --egg-base ../../build/rover_control_test build --build-base /home/hasi/pyserial_test/build/rover_control_test/build install --record /home/hasi/pyserial_test/build/rover_control_test/install.log --single-version-externally-managed install_data
[1.058s] DEBUG:colcon.colcon_core.event_handler.log_command:Invoked command in '/home/hasi/pyserial_test/src/pysender' returned '0': PYTHONPATH=/home/hasi/pyserial_test/build/pysender/prefix_override:/usr/lib/python3/dist-packages/colcon_core/task/python/colcon_distutils_commands:/home/hasi/pyserial_test/install/pysender/lib/python3.10/site-packages:${PYTHONPATH} /usr/bin/python3 -W ignore:setup.py install is deprecated -W ignore:easy_install command is deprecated setup.py egg_info --egg-base ../../build/pysender build --build-base /home/hasi/pyserial_test/build/pysender/build install --record /home/hasi/pyserial_test/build/pysender/install.log --single-version-externally-managed install_data
[1.059s] Level 1:colcon.colcon_core.environment:checking '/home/hasi/pyserial_test/install/pysender' for CMake module files
[1.060s] Level 1:colcon.colcon_core.environment:checking '/home/hasi/pyserial_test/install/pysender' for CMake config files
[1.060s] Level 1:colcon.colcon_core.environment:checking '/home/hasi/pyserial_test/install/pysender/lib'
[1.060s] Level 1:colcon.colcon_core.environment:checking '/home/hasi/pyserial_test/install/pysender/bin'
[1.060s] Level 1:colcon.colcon_core.environment:checking '/home/hasi/pyserial_test/install/pysender/lib/pkgconfig/pysender.pc'
[1.060s] Level 1:colcon.colcon_core.environment:checking '/home/hasi/pyserial_test/install/pysender/lib/python3.10/site-packages'
[1.061s] Level 1:colcon.colcon_core.shell:create_environment_hook('pysender', 'pythonpath')
[1.061s] INFO:colcon.colcon_core.shell:Creating environment hook '/home/hasi/pyserial_test/install/pysender/share/pysender/hook/pythonpath.ps1'
[1.061s] INFO:colcon.colcon_core.shell:Creating environment descriptor '/home/hasi/pyserial_test/install/pysender/share/pysender/hook/pythonpath.dsv'
[1.061s] INFO:colcon.colcon_core.shell:Creating environment hook '/home/hasi/pyserial_test/install/pysender/share/pysender/hook/pythonpath.sh'
[1.062s] Level 1:colcon.colcon_core.environment:checking '/home/hasi/pyserial_test/install/pysender/bin'
[1.062s] Level 1:colcon.colcon_core.environment:create_environment_scripts_only(pysender)
[1.062s] INFO:colcon.colcon_core.shell:Creating package script '/home/hasi/pyserial_test/install/pysender/share/pysender/package.ps1'
[1.062s] INFO:colcon.colcon_core.shell:Creating package descriptor '/home/hasi/pyserial_test/install/pysender/share/pysender/package.dsv'
[1.063s] INFO:colcon.colcon_core.shell:Creating package script '/home/hasi/pyserial_test/install/pysender/share/pysender/package.sh'
[1.063s] INFO:colcon.colcon_core.shell:Creating package script '/home/hasi/pyserial_test/install/pysender/share/pysender/package.bash'
[1.064s] INFO:colcon.colcon_core.shell:Creating package script '/home/hasi/pyserial_test/install/pysender/share/pysender/package.zsh'
[1.064s] Level 1:colcon.colcon_core.environment:create_file_with_runtime_dependencies(/home/hasi/pyserial_test/install/pysender/share/colcon-core/packages/pysender)
[1.065s] Level 1:colcon.colcon_core.environment:checking '/home/hasi/pyserial_test/install/rover_control_test' for CMake module files
[1.066s] DEBUG:colcon.colcon_core.event_handler.log_command:Invoked command in '/home/hasi/pyserial_test/src/rover_control_test' returned '0': PYTHONPATH=/home/hasi/pyserial_test/build/rover_control_test/prefix_override:/usr/lib/python3/dist-packages/colcon_core/task/python/colcon_distutils_commands:/home/hasi/pyserial_test/install/rover_control_test/lib/python3.10/site-packages:${PYTHONPATH} /usr/bin/python3 -W ignore:setup.py install is deprecated -W ignore:easy_install command is deprecated setup.py egg_info --egg-base ../../build/rover_control_test build --build-base /home/hasi/pyserial_test/build/rover_control_test/build install --record /home/hasi/pyserial_test/build/rover_control_test/install.log --single-version-externally-managed install_data
[1.066s] Level 1:colcon.colcon_core.environment:checking '/home/hasi/pyserial_test/install/rover_control_test' for CMake config files
[1.066s] Level 1:colcon.colcon_core.environment:checking '/home/hasi/pyserial_test/install/rover_control_test/lib'
[1.066s] Level 1:colcon.colcon_core.environment:checking '/home/hasi/pyserial_test/install/rover_control_test/bin'
[1.066s] Level 1:colcon.colcon_core.environment:checking '/home/hasi/pyserial_test/install/rover_control_test/lib/pkgconfig/rover_control_test.pc'
[1.067s] Level 1:colcon.colcon_core.environment:checking '/home/hasi/pyserial_test/install/rover_control_test/lib/python3.10/site-packages'
[1.067s] Level 1:colcon.colcon_core.shell:create_environment_hook('rover_control_test', 'pythonpath')
[1.067s] INFO:colcon.colcon_core.shell:Creating environment hook '/home/hasi/pyserial_test/install/rover_control_test/share/rover_control_test/hook/pythonpath.ps1'
[1.067s] INFO:colcon.colcon_core.shell:Creating environment descriptor '/home/hasi/pyserial_test/install/rover_control_test/share/rover_control_test/hook/pythonpath.dsv'
[1.067s] INFO:colcon.colcon_core.shell:Creating environment hook '/home/hasi/pyserial_test/install/rover_control_test/share/rover_control_test/hook/pythonpath.sh'
[1.068s] Level 1:colcon.colcon_core.environment:checking '/home/hasi/pyserial_test/install/rover_control_test/bin'
[1.068s] Level 1:colcon.colcon_core.environment:create_environment_scripts_only(rover_control_test)
[1.068s] INFO:colcon.colcon_core.shell:Creating package script '/home/hasi/pyserial_test/install/rover_control_test/share/rover_control_test/package.ps1'
[1.068s] INFO:colcon.colcon_core.shell:Creating package descriptor '/home/hasi/pyserial_test/install/rover_control_test/share/rover_control_test/package.dsv'
[1.068s] INFO:colcon.colcon_core.shell:Creating package script '/home/hasi/pyserial_test/install/rover_control_test/share/rover_control_test/package.sh'
[1.069s] INFO:colcon.colcon_core.shell:Creating package script '/home/hasi/pyserial_test/install/rover_control_test/share/rover_control_test/package.bash'
[1.069s] INFO:colcon.colcon_core.shell:Creating package script '/home/hasi/pyserial_test/install/rover_control_test/share/rover_control_test/package.zsh'
[1.069s] Level 1:colcon.colcon_core.environment:create_file_with_runtime_dependencies(/home/hasi/pyserial_test/install/rover_control_test/share/colcon-core/packages/rover_control_test)
[1.069s] DEBUG:colcon.colcon_parallel_executor.executor.parallel:closing loop
[1.069s] DEBUG:colcon.colcon_parallel_executor.executor.parallel:loop closed
[1.069s] DEBUG:colcon.colcon_parallel_executor.executor.parallel:run_until_complete finished with '0'
[1.070s] DEBUG:colcon.colcon_core.event_reactor:joining thread
[1.073s] INFO:colcon.colcon_core.plugin_system:Skipping extension 'colcon_notification.desktop_notification.terminal_notifier': Not used on non-Darwin systems
[1.073s] INFO:colcon.colcon_core.plugin_system:Skipping extension 'colcon_notification.desktop_notification.win32': Not used on non-Windows systems
[1.073s] INFO:colcon.colcon_notification.desktop_notification:Sending desktop notification using 'notify2'
[1.083s] DEBUG:colcon.colcon_core.event_reactor:joined thread
[1.084s] INFO:colcon.colcon_core.shell:Creating prefix script '/home/hasi/pyserial_test/install/local_setup.ps1'
[1.084s] INFO:colcon.colcon_core.shell:Creating prefix util module '/home/hasi/pyserial_test/install/_local_setup_util_ps1.py'
[1.085s] INFO:colcon.colcon_core.shell:Creating prefix chain script '/home/hasi/pyserial_test/install/setup.ps1'
[1.086s] INFO:colcon.colcon_core.shell:Creating prefix script '/home/hasi/pyserial_test/install/local_setup.sh'
[1.086s] INFO:colcon.colcon_core.shell:Creating prefix util module '/home/hasi/pyserial_test/install/_local_setup_util_sh.py'
[1.087s] INFO:colcon.colcon_core.shell:Creating prefix chain script '/home/hasi/pyserial_test/install/setup.sh'
[1.087s] INFO:colcon.colcon_core.shell:Creating prefix script '/home/hasi/pyserial_test/install/local_setup.bash'
[1.088s] INFO:colcon.colcon_core.shell:Creating prefix chain script '/home/hasi/pyserial_test/install/setup.bash'
[1.088s] INFO:colcon.colcon_core.shell:Creating prefix script '/home/hasi/pyserial_test/install/local_setup.zsh'
[1.088s] INFO:colcon.colcon_core.shell:Creating prefix chain script '/home/hasi/pyserial_test/install/setup.zsh'
