[1.329s] Invoking command in '/home/muztahid/ros_codes/mt_codes/pyserial_test/src/pysender': PYTHONPATH=/home/muztahid/ros_codes/mt_codes/pyserial_test/build/pysender/prefix_override:/usr/lib/python3/dist-packages/colcon_core/task/python/colcon_distutils_commands:/home/muztahid/ros_codes/mt_codes/pyserial_test/install/pysender/lib/python3.10/site-packages:${PYTHONPATH} /usr/bin/python3 -W ignore:setup.py install is deprecated -W ignore:easy_install command is deprecated setup.py egg_info --egg-base ../../build/pysender build --build-base /home/muztahid/ros_codes/mt_codes/pyserial_test/build/pysender/build install --record /home/muztahid/ros_codes/mt_codes/pyserial_test/build/pysender/install.log --single-version-externally-managed install_data
[1.729s] running egg_info
[1.730s] creating ../../build/pysender/pysender.egg-info
[1.730s] writing ../../build/pysender/pysender.egg-info/PKG-INFO
[1.731s] writing dependency_links to ../../build/pysender/pysender.egg-info/dependency_links.txt
[1.731s] writing entry points to ../../build/pysender/pysender.egg-info/entry_points.txt
[1.733s] writing requirements to ../../build/pysender/pysender.egg-info/requires.txt
[1.734s] writing top-level names to ../../build/pysender/pysender.egg-info/top_level.txt
[1.735s] writing manifest file '../../build/pysender/pysender.egg-info/SOURCES.txt'
[1.736s] reading manifest file '../../build/pysender/pysender.egg-info/SOURCES.txt'
[1.740s] writing manifest file '../../build/pysender/pysender.egg-info/SOURCES.txt'
[1.741s] running build
[1.741s] running build_py
[1.741s] creating /home/muztahid/ros_codes/mt_codes/pyserial_test/build/pysender/build
[1.742s] creating /home/muztahid/ros_codes/mt_codes/pyserial_test/build/pysender/build/lib
[1.742s] creating /home/muztahid/ros_codes/mt_codes/pyserial_test/build/pysender/build/lib/pysender
[1.742s] copying pysender/pysender.py -> /home/muztahid/ros_codes/mt_codes/pyserial_test/build/pysender/build/lib/pysender
[1.742s] copying pysender/__init__.py -> /home/muztahid/ros_codes/mt_codes/pyserial_test/build/pysender/build/lib/pysender
[1.742s] running install
[1.743s] running install_lib
[1.743s] creating /home/muztahid/ros_codes/mt_codes/pyserial_test/install/pysender/lib/python3.10/site-packages/pysender
[1.743s] copying /home/muztahid/ros_codes/mt_codes/pyserial_test/build/pysender/build/lib/pysender/pysender.py -> /home/muztahid/ros_codes/mt_codes/pyserial_test/install/pysender/lib/python3.10/site-packages/pysender
[1.743s] copying /home/muztahid/ros_codes/mt_codes/pyserial_test/build/pysender/build/lib/pysender/__init__.py -> /home/muztahid/ros_codes/mt_codes/pyserial_test/install/pysender/lib/python3.10/site-packages/pysender
[1.744s] byte-compiling /home/muztahid/ros_codes/mt_codes/pyserial_test/install/pysender/lib/python3.10/site-packages/pysender/pysender.py to pysender.cpython-310.pyc
[1.744s] byte-compiling /home/muztahid/ros_codes/mt_codes/pyserial_test/install/pysender/lib/python3.10/site-packages/pysender/__init__.py to __init__.cpython-310.pyc
[1.745s] running install_data
[1.745s] creating /home/muztahid/ros_codes/mt_codes/pyserial_test/install/pysender/share/ament_index
[1.745s] creating /home/muztahid/ros_codes/mt_codes/pyserial_test/install/pysender/share/ament_index/resource_index
[1.745s] creating /home/muztahid/ros_codes/mt_codes/pyserial_test/install/pysender/share/ament_index/resource_index/packages
[1.745s] copying resource/pysender -> /home/muztahid/ros_codes/mt_codes/pyserial_test/install/pysender/share/ament_index/resource_index/packages
[1.746s] copying package.xml -> /home/muztahid/ros_codes/mt_codes/pyserial_test/install/pysender/share/pysender
[1.746s] running install_egg_info
[1.748s] Copying ../../build/pysender/pysender.egg-info to /home/muztahid/ros_codes/mt_codes/pyserial_test/install/pysender/lib/python3.10/site-packages/pysender-0.0.0-py3.10.egg-info
[1.750s] running install_scripts
[1.780s] Installing pysender script to /home/muztahid/ros_codes/mt_codes/pyserial_test/install/pysender/lib/pysender
[1.781s] writing list of installed files to '/home/muztahid/ros_codes/mt_codes/pyserial_test/build/pysender/install.log'
[1.847s] Invoked command in '/home/muztahid/ros_codes/mt_codes/pyserial_test/src/pysender' returned '0': PYTHONPATH=/home/muztahid/ros_codes/mt_codes/pyserial_test/build/pysender/prefix_override:/usr/lib/python3/dist-packages/colcon_core/task/python/colcon_distutils_commands:/home/muztahid/ros_codes/mt_codes/pyserial_test/install/pysender/lib/python3.10/site-packages:${PYTHONPATH} /usr/bin/python3 -W ignore:setup.py install is deprecated -W ignore:easy_install command is deprecated setup.py egg_info --egg-base ../../build/pysender build --build-base /home/muztahid/ros_codes/mt_codes/pyserial_test/build/pysender/build install --record /home/muztahid/ros_codes/mt_codes/pyserial_test/build/pysender/install.log --single-version-externally-managed install_data
