[0.165s] DEBUG:colcon:Command line arguments: ['/usr/bin/colcon', 'build', '--symlink']
[0.166s] DEBUG:colcon:Parsed command line arguments: Namespace(log_base=None, log_level=None, verb_name='build', build_base='build', install_base='install', merge_install=False, symlink_install=True, test_result_base=None, continue_on_error=False, executor='parallel', parallel_workers=4, event_handlers=None, ignore_user_meta=False, metas=['./colcon.meta'], base_paths=['.'], packages_ignore=None, packages_ignore_regex=None, paths=None, packages_up_to=None, packages_up_to_regex=None, packages_above=None, packages_above_and_dependencies=None, packages_above_depth=None, packages_select_by_dep=None, packages_skip_by_dep=None, packages_skip_up_to=None, packages_select_build_failed=False, packages_skip_build_finished=False, packages_select_test_failures=False, packages_skip_test_passed=False, packages_select=None, packages_skip=None, packages_select_regex=None, packages_skip_regex=None, packages_start=None, packages_end=None, allow_overriding=[], cmake_args=None, cmake_target=None, cmake_target_skip_unavailable=False, cmake_clean_cache=False, cmake_clean_first=False, cmake_force_configure=False, ament_cmake_args=None, catkin_cmake_args=None, catkin_skip_building_tests=False, mixin_files=None, mixin=None, verb_parser=<colcon_mixin.mixin.mixin_argument.MixinArgumentDecorator object at 0x7075067ae800>, verb_extension=<colcon_core.verb.build.BuildVerb object at 0x7075067ae290>, main=<bound method BuildVerb.main of <colcon_core.verb.build.BuildVerb object at 0x7075067ae290>>, mixin_verb=('build',))
[0.431s] Level 1:colcon.colcon_core.package_discovery:discover_packages(colcon_meta) check parameters
[0.431s] Level 1:colcon.colcon_core.package_discovery:discover_packages(recursive) check parameters
[0.431s] Level 1:colcon.colcon_core.package_discovery:discover_packages(ignore) check parameters
[0.431s] Level 1:colcon.colcon_core.package_discovery:discover_packages(path) check parameters
[0.431s] Level 1:colcon.colcon_core.package_discovery:discover_packages(colcon_meta) discover
[0.432s] Level 1:colcon.colcon_core.package_discovery:discover_packages(recursive) discover
[0.432s] INFO:colcon.colcon_core.package_discovery:Crawling recursively for packages in '/home/muztahid/ros_codes/mt_codes/pyserial_test'
[0.432s] Level 1:colcon.colcon_core.package_identification:_identify(.) by extensions ['ignore', 'ignore_ament_install']
[0.432s] Level 1:colcon.colcon_core.package_identification:_identify(.) by extension 'ignore'
[0.432s] Level 1:colcon.colcon_core.package_identification:_identify(.) by extension 'ignore_ament_install'
[0.432s] Level 1:colcon.colcon_core.package_identification:_identify(.) by extensions ['colcon_pkg']
[0.432s] Level 1:colcon.colcon_core.package_identification:_identify(.) by extension 'colcon_pkg'
[0.432s] Level 1:colcon.colcon_core.package_identification:_identify(.) by extensions ['colcon_meta']
[0.432s] Level 1:colcon.colcon_core.package_identification:_identify(.) by extension 'colcon_meta'
[0.433s] Level 1:colcon.colcon_core.package_identification:_identify(.) by extensions ['ros']
[0.433s] Level 1:colcon.colcon_core.package_identification:_identify(.) by extension 'ros'
[0.448s] Level 1:colcon.colcon_core.package_identification:_identify(.) by extensions ['cmake', 'python']
[0.448s] Level 1:colcon.colcon_core.package_identification:_identify(.) by extension 'cmake'
[0.449s] Level 1:colcon.colcon_core.package_identification:_identify(.) by extension 'python'
[0.449s] Level 1:colcon.colcon_core.package_identification:_identify(.) by extensions ['python_setup_py']
[0.449s] Level 1:colcon.colcon_core.package_identification:_identify(.) by extension 'python_setup_py'
[0.449s] Level 1:colcon.colcon_core.package_identification:_identify(build) by extensions ['ignore', 'ignore_ament_install']
[0.449s] Level 1:colcon.colcon_core.package_identification:_identify(build) by extension 'ignore'
[0.449s] Level 1:colcon.colcon_core.package_identification:_identify(build) ignored
[0.449s] Level 1:colcon.colcon_core.package_identification:_identify(install) by extensions ['ignore', 'ignore_ament_install']
[0.450s] Level 1:colcon.colcon_core.package_identification:_identify(install) by extension 'ignore'
[0.450s] Level 1:colcon.colcon_core.package_identification:_identify(install) ignored
[0.450s] Level 1:colcon.colcon_core.package_identification:_identify(log) by extensions ['ignore', 'ignore_ament_install']
[0.450s] Level 1:colcon.colcon_core.package_identification:_identify(log) by extension 'ignore'
[0.450s] Level 1:colcon.colcon_core.package_identification:_identify(log) ignored
[0.450s] Level 1:colcon.colcon_core.package_identification:_identify(src) by extensions ['ignore', 'ignore_ament_install']
[0.450s] Level 1:colcon.colcon_core.package_identification:_identify(src) by extension 'ignore'
[0.450s] Level 1:colcon.colcon_core.package_identification:_identify(src) by extension 'ignore_ament_install'
[0.450s] Level 1:colcon.colcon_core.package_identification:_identify(src) by extensions ['colcon_pkg']
[0.451s] Level 1:colcon.colcon_core.package_identification:_identify(src) by extension 'colcon_pkg'
[0.451s] Level 1:colcon.colcon_core.package_identification:_identify(src) by extensions ['colcon_meta']
[0.451s] Level 1:colcon.colcon_core.package_identification:_identify(src) by extension 'colcon_meta'
[0.451s] Level 1:colcon.colcon_core.package_identification:_identify(src) by extensions ['ros']
[0.451s] Level 1:colcon.colcon_core.package_identification:_identify(src) by extension 'ros'
[0.451s] Level 1:colcon.colcon_core.package_identification:_identify(src) by extensions ['cmake', 'python']
[0.451s] Level 1:colcon.colcon_core.package_identification:_identify(src) by extension 'cmake'
[0.451s] Level 1:colcon.colcon_core.package_identification:_identify(src) by extension 'python'
[0.451s] Level 1:colcon.colcon_core.package_identification:_identify(src) by extensions ['python_setup_py']
[0.451s] Level 1:colcon.colcon_core.package_identification:_identify(src) by extension 'python_setup_py'
[0.451s] Level 1:colcon.colcon_core.package_identification:_identify(src/pysender) by extensions ['ignore', 'ignore_ament_install']
[0.451s] Level 1:colcon.colcon_core.package_identification:_identify(src/pysender) by extension 'ignore'
[0.451s] Level 1:colcon.colcon_core.package_identification:_identify(src/pysender) by extension 'ignore_ament_install'
[0.452s] Level 1:colcon.colcon_core.package_identification:_identify(src/pysender) by extensions ['colcon_pkg']
[0.452s] Level 1:colcon.colcon_core.package_identification:_identify(src/pysender) by extension 'colcon_pkg'
[0.452s] Level 1:colcon.colcon_core.package_identification:_identify(src/pysender) by extensions ['colcon_meta']
[0.452s] Level 1:colcon.colcon_core.package_identification:_identify(src/pysender) by extension 'colcon_meta'
[0.452s] Level 1:colcon.colcon_core.package_identification:_identify(src/pysender) by extensions ['ros']
[0.452s] Level 1:colcon.colcon_core.package_identification:_identify(src/pysender) by extension 'ros'
[0.456s] DEBUG:colcon.colcon_core.package_identification:Package 'src/pysender' with type 'ros.ament_python' and name 'pysender'
[0.456s] Level 1:colcon.colcon_core.package_identification:_identify(src/rover_control_test) by extensions ['ignore', 'ignore_ament_install']
[0.456s] Level 1:colcon.colcon_core.package_identification:_identify(src/rover_control_test) by extension 'ignore'
[0.457s] Level 1:colcon.colcon_core.package_identification:_identify(src/rover_control_test) by extension 'ignore_ament_install'
[0.457s] Level 1:colcon.colcon_core.package_identification:_identify(src/rover_control_test) by extensions ['colcon_pkg']
[0.457s] Level 1:colcon.colcon_core.package_identification:_identify(src/rover_control_test) by extension 'colcon_pkg'
[0.457s] Level 1:colcon.colcon_core.package_identification:_identify(src/rover_control_test) by extensions ['colcon_meta']
[0.457s] Level 1:colcon.colcon_core.package_identification:_identify(src/rover_control_test) by extension 'colcon_meta'
[0.457s] Level 1:colcon.colcon_core.package_identification:_identify(src/rover_control_test) by extensions ['ros']
[0.457s] Level 1:colcon.colcon_core.package_identification:_identify(src/rover_control_test) by extension 'ros'
[0.458s] DEBUG:colcon.colcon_core.package_identification:Package 'src/rover_control_test' with type 'ros.ament_python' and name 'rover_control_test'
[0.458s] Level 1:colcon.colcon_core.package_discovery:discover_packages(recursive) using defaults
[0.458s] Level 1:colcon.colcon_core.package_discovery:discover_packages(ignore) discover
[0.458s] Level 1:colcon.colcon_core.package_discovery:discover_packages(ignore) using defaults
[0.458s] Level 1:colcon.colcon_core.package_discovery:discover_packages(path) discover
[0.458s] Level 1:colcon.colcon_core.package_discovery:discover_packages(path) using defaults
[0.499s] Level 1:colcon.colcon_core.package_discovery:discover_packages(prefix_path) check parameters
[0.499s] Level 1:colcon.colcon_core.package_discovery:discover_packages(prefix_path) discover
[0.502s] DEBUG:colcon.colcon_installed_package_information.package_discovery:Found 2 installed packages in /home/muztahid/ros_codes/mt_codes/pyserial_test/install
[0.503s] DEBUG:colcon.colcon_installed_package_information.package_discovery:Found 1 installed packages in /home/muztahid/ros_codes/joystick_drivers/joy/install
[0.505s] DEBUG:colcon.colcon_installed_package_information.package_discovery:Found 274 installed packages in /opt/ros/humble
[0.507s] Level 1:colcon.colcon_core.package_discovery:discover_packages(prefix_path) using defaults
[0.558s] Level 5:colcon.colcon_core.verb:set package 'pysender' build argument 'cmake_args' from command line to 'None'
[0.558s] Level 5:colcon.colcon_core.verb:set package 'pysender' build argument 'cmake_target' from command line to 'None'
[0.558s] Level 5:colcon.colcon_core.verb:set package 'pysender' build argument 'cmake_target_skip_unavailable' from command line to 'False'
[0.558s] Level 5:colcon.colcon_core.verb:set package 'pysender' build argument 'cmake_clean_cache' from command line to 'False'
[0.559s] Level 5:colcon.colcon_core.verb:set package 'pysender' build argument 'cmake_clean_first' from command line to 'False'
[0.559s] Level 5:colcon.colcon_core.verb:set package 'pysender' build argument 'cmake_force_configure' from command line to 'False'
[0.559s] Level 5:colcon.colcon_core.verb:set package 'pysender' build argument 'ament_cmake_args' from command line to 'None'
[0.559s] Level 5:colcon.colcon_core.verb:set package 'pysender' build argument 'catkin_cmake_args' from command line to 'None'
[0.559s] Level 5:colcon.colcon_core.verb:set package 'pysender' build argument 'catkin_skip_building_tests' from command line to 'False'
[0.559s] DEBUG:colcon.colcon_core.verb:Building package 'pysender' with the following arguments: {'ament_cmake_args': None, 'build_base': '/home/muztahid/ros_codes/mt_codes/pyserial_test/build/pysender', 'catkin_cmake_args': None, 'catkin_skip_building_tests': False, 'cmake_args': None, 'cmake_clean_cache': False, 'cmake_clean_first': False, 'cmake_force_configure': False, 'cmake_target': None, 'cmake_target_skip_unavailable': False, 'install_base': '/home/muztahid/ros_codes/mt_codes/pyserial_test/install/pysender', 'merge_install': False, 'path': '/home/muztahid/ros_codes/mt_codes/pyserial_test/src/pysender', 'symlink_install': True, 'test_result_base': None}
[0.559s] Level 5:colcon.colcon_core.verb:set package 'rover_control_test' build argument 'cmake_args' from command line to 'None'
[0.560s] Level 5:colcon.colcon_core.verb:set package 'rover_control_test' build argument 'cmake_target' from command line to 'None'
[0.560s] Level 5:colcon.colcon_core.verb:set package 'rover_control_test' build argument 'cmake_target_skip_unavailable' from command line to 'False'
[0.560s] Level 5:colcon.colcon_core.verb:set package 'rover_control_test' build argument 'cmake_clean_cache' from command line to 'False'
[0.560s] Level 5:colcon.colcon_core.verb:set package 'rover_control_test' build argument 'cmake_clean_first' from command line to 'False'
[0.560s] Level 5:colcon.colcon_core.verb:set package 'rover_control_test' build argument 'cmake_force_configure' from command line to 'False'
[0.560s] Level 5:colcon.colcon_core.verb:set package 'rover_control_test' build argument 'ament_cmake_args' from command line to 'None'
[0.560s] Level 5:colcon.colcon_core.verb:set package 'rover_control_test' build argument 'catkin_cmake_args' from command line to 'None'
[0.560s] Level 5:colcon.colcon_core.verb:set package 'rover_control_test' build argument 'catkin_skip_building_tests' from command line to 'False'
[0.560s] DEBUG:colcon.colcon_core.verb:Building package 'rover_control_test' with the following arguments: {'ament_cmake_args': None, 'build_base': '/home/muztahid/ros_codes/mt_codes/pyserial_test/build/rover_control_test', 'catkin_cmake_args': None, 'catkin_skip_building_tests': False, 'cmake_args': None, 'cmake_clean_cache': False, 'cmake_clean_first': False, 'cmake_force_configure': False, 'cmake_target': None, 'cmake_target_skip_unavailable': False, 'install_base': '/home/muztahid/ros_codes/mt_codes/pyserial_test/install/rover_control_test', 'merge_install': False, 'path': '/home/muztahid/ros_codes/mt_codes/pyserial_test/src/rover_control_test', 'symlink_install': True, 'test_result_base': None}
[0.560s] INFO:colcon.colcon_core.executor:Executing jobs using 'parallel' executor
[0.562s] DEBUG:colcon.colcon_parallel_executor.executor.parallel:run_until_complete
[0.562s] INFO:colcon.colcon_ros.task.ament_python.build:Building ROS package in '/home/muztahid/ros_codes/mt_codes/pyserial_test/src/pysender' with build type 'ament_python'
[0.563s] Level 1:colcon.colcon_core.shell:create_environment_hook('pysender', 'ament_prefix_path')
[0.566s] INFO:colcon.colcon_core.plugin_system:Skipping extension 'colcon_core.shell.bat': Not used on non-Windows systems
[0.566s] INFO:colcon.colcon_core.shell:Creating environment hook '/home/muztahid/ros_codes/mt_codes/pyserial_test/install/pysender/share/pysender/hook/ament_prefix_path.ps1'
[0.567s] INFO:colcon.colcon_core.shell:Creating environment descriptor '/home/muztahid/ros_codes/mt_codes/pyserial_test/install/pysender/share/pysender/hook/ament_prefix_path.dsv'
[0.568s] INFO:colcon.colcon_core.shell:Creating environment hook '/home/muztahid/ros_codes/mt_codes/pyserial_test/install/pysender/share/pysender/hook/ament_prefix_path.sh'
[0.570s] INFO:colcon.colcon_core.shell:Skip shell extension 'powershell' for command environment: Not usable outside of PowerShell
[0.571s] DEBUG:colcon.colcon_core.shell:Skip shell extension 'dsv' for command environment
[0.579s] INFO:colcon.colcon_ros.task.ament_python.build:Building ROS package in '/home/muztahid/ros_codes/mt_codes/pyserial_test/src/rover_control_test' with build type 'ament_python'
[0.579s] Level 1:colcon.colcon_core.shell:create_environment_hook('rover_control_test', 'ament_prefix_path')
[0.580s] INFO:colcon.colcon_core.shell:Creating environment hook '/home/muztahid/ros_codes/mt_codes/pyserial_test/install/rover_control_test/share/rover_control_test/hook/ament_prefix_path.ps1'
[0.581s] INFO:colcon.colcon_core.shell:Creating environment descriptor '/home/muztahid/ros_codes/mt_codes/pyserial_test/install/rover_control_test/share/rover_control_test/hook/ament_prefix_path.dsv'
[0.582s] INFO:colcon.colcon_core.shell:Creating environment hook '/home/muztahid/ros_codes/mt_codes/pyserial_test/install/rover_control_test/share/rover_control_test/hook/ament_prefix_path.sh'
[0.584s] INFO:colcon.colcon_core.shell:Skip shell extension 'powershell' for command environment: Not usable outside of PowerShell
[0.584s] DEBUG:colcon.colcon_core.shell:Skip shell extension 'dsv' for command environment
[1.042s] INFO:colcon.colcon_core.task.python.build:Building Python package in '/home/muztahid/ros_codes/mt_codes/pyserial_test/src/pysender'
[1.043s] INFO:colcon.colcon_core.shell:Skip shell extension 'powershell' for command environment: Not usable outside of PowerShell
[1.043s] DEBUG:colcon.colcon_core.shell:Skip shell extension 'dsv' for command environment
[1.470s] INFO:colcon.colcon_core.task.python.build:Building Python package in '/home/muztahid/ros_codes/mt_codes/pyserial_test/src/rover_control_test'
[1.470s] INFO:colcon.colcon_core.shell:Skip shell extension 'powershell' for command environment: Not usable outside of PowerShell
[1.470s] DEBUG:colcon.colcon_core.shell:Skip shell extension 'dsv' for command environment
[2.068s] DEBUG:colcon.colcon_core.task.python.build:While undoing a previous installation files outside the Python library path are being ignored: /home/muztahid/ros_codes/mt_codes/pyserial_test/install/rover_control_test/share/ament_index/resource_index/packages/rover_control_test
[2.068s] DEBUG:colcon.colcon_core.task.python.build:While undoing a previous installation files outside the Python library path are being ignored: /home/muztahid/ros_codes/mt_codes/pyserial_test/install/rover_control_test/share/rover_control_test/package.xml
[2.078s] DEBUG:colcon.colcon_core.task.python.build:While undoing a previous installation files outside the Python library path are being ignored: /home/muztahid/ros_codes/mt_codes/pyserial_test/install/rover_control_test/lib/rover_control_test/keyboard_control
[2.078s] DEBUG:colcon.colcon_core.task.python.build:While undoing a previous installation files outside the Python library path are being ignored: /home/muztahid/ros_codes/mt_codes/pyserial_test/install/rover_control_test/lib/rover_control_test/rover_control
[2.082s] DEBUG:colcon.colcon_core.event_handler.log_command:Invoking command in '/home/muztahid/ros_codes/mt_codes/pyserial_test/build/rover_control_test': PYTHONPATH=/home/muztahid/ros_codes/mt_codes/pyserial_test/build/rover_control_test/prefix_override:/usr/lib/python3/dist-packages/colcon_core/task/python/colcon_distutils_commands:/home/muztahid/ros_codes/mt_codes/pyserial_test/install/rover_control_test/lib/python3.10/site-packages:${PYTHONPATH} /usr/bin/python3 -W ignore:setup.py install is deprecated -W ignore:easy_install command is deprecated setup.py develop --editable --build-directory /home/muztahid/ros_codes/mt_codes/pyserial_test/build/rover_control_test/build --no-deps symlink_data --force
[2.135s] DEBUG:colcon.colcon_core.task.python.build:While undoing a previous installation files outside the Python library path are being ignored: /home/muztahid/ros_codes/mt_codes/pyserial_test/install/pysender/share/ament_index/resource_index/packages/pysender
[2.135s] DEBUG:colcon.colcon_core.task.python.build:While undoing a previous installation files outside the Python library path are being ignored: /home/muztahid/ros_codes/mt_codes/pyserial_test/install/pysender/share/pysender/package.xml
[2.136s] DEBUG:colcon.colcon_core.task.python.build:While undoing a previous installation files outside the Python library path are being ignored: /home/muztahid/ros_codes/mt_codes/pyserial_test/install/pysender/lib/pysender/pysender
[2.147s] DEBUG:colcon.colcon_core.event_handler.log_command:Invoking command in '/home/muztahid/ros_codes/mt_codes/pyserial_test/build/pysender': PYTHONPATH=/home/muztahid/ros_codes/mt_codes/pyserial_test/build/pysender/prefix_override:/usr/lib/python3/dist-packages/colcon_core/task/python/colcon_distutils_commands:/home/muztahid/ros_codes/mt_codes/pyserial_test/install/pysender/lib/python3.10/site-packages:${PYTHONPATH} /usr/bin/python3 -W ignore:setup.py install is deprecated -W ignore:easy_install command is deprecated setup.py develop --editable --build-directory /home/muztahid/ros_codes/mt_codes/pyserial_test/build/pysender/build --no-deps symlink_data --force
[2.924s] Level 1:colcon.colcon_core.shell:create_environment_hook('rover_control_test', 'pythonpath_develop')
[2.925s] INFO:colcon.colcon_core.shell:Creating environment hook '/home/muztahid/ros_codes/mt_codes/pyserial_test/build/rover_control_test/share/rover_control_test/hook/pythonpath_develop.ps1'
[2.925s] DEBUG:colcon.colcon_core.event_handler.log_command:Invoked command in '/home/muztahid/ros_codes/mt_codes/pyserial_test/build/rover_control_test' returned '0': PYTHONPATH=/home/muztahid/ros_codes/mt_codes/pyserial_test/build/rover_control_test/prefix_override:/usr/lib/python3/dist-packages/colcon_core/task/python/colcon_distutils_commands:/home/muztahid/ros_codes/mt_codes/pyserial_test/install/rover_control_test/lib/python3.10/site-packages:${PYTHONPATH} /usr/bin/python3 -W ignore:setup.py install is deprecated -W ignore:easy_install command is deprecated setup.py develop --editable --build-directory /home/muztahid/ros_codes/mt_codes/pyserial_test/build/rover_control_test/build --no-deps symlink_data --force
[2.926s] INFO:colcon.colcon_core.shell:Creating environment descriptor '/home/muztahid/ros_codes/mt_codes/pyserial_test/build/rover_control_test/share/rover_control_test/hook/pythonpath_develop.dsv'
[2.927s] INFO:colcon.colcon_core.shell:Creating environment hook '/home/muztahid/ros_codes/mt_codes/pyserial_test/build/rover_control_test/share/rover_control_test/hook/pythonpath_develop.sh'
[2.931s] Level 1:colcon.colcon_core.environment:checking '/home/muztahid/ros_codes/mt_codes/pyserial_test/install/rover_control_test' for CMake module files
[2.932s] Level 1:colcon.colcon_core.environment:checking '/home/muztahid/ros_codes/mt_codes/pyserial_test/install/rover_control_test' for CMake config files
[2.933s] Level 1:colcon.colcon_core.environment:checking '/home/muztahid/ros_codes/mt_codes/pyserial_test/install/rover_control_test/lib'
[2.934s] Level 1:colcon.colcon_core.environment:checking '/home/muztahid/ros_codes/mt_codes/pyserial_test/install/rover_control_test/bin'
[2.934s] Level 1:colcon.colcon_core.environment:checking '/home/muztahid/ros_codes/mt_codes/pyserial_test/install/rover_control_test/lib/pkgconfig/rover_control_test.pc'
[2.934s] Level 1:colcon.colcon_core.environment:checking '/home/muztahid/ros_codes/mt_codes/pyserial_test/install/rover_control_test/lib/python3.10/site-packages'
[2.934s] Level 1:colcon.colcon_core.shell:create_environment_hook('rover_control_test', 'pythonpath')
[2.935s] INFO:colcon.colcon_core.shell:Creating environment hook '/home/muztahid/ros_codes/mt_codes/pyserial_test/install/rover_control_test/share/rover_control_test/hook/pythonpath.ps1'
[2.936s] INFO:colcon.colcon_core.shell:Creating environment descriptor '/home/muztahid/ros_codes/mt_codes/pyserial_test/install/rover_control_test/share/rover_control_test/hook/pythonpath.dsv'
[2.936s] INFO:colcon.colcon_core.shell:Creating environment hook '/home/muztahid/ros_codes/mt_codes/pyserial_test/install/rover_control_test/share/rover_control_test/hook/pythonpath.sh'
[2.938s] Level 1:colcon.colcon_core.environment:checking '/home/muztahid/ros_codes/mt_codes/pyserial_test/install/rover_control_test/bin'
[2.938s] Level 1:colcon.colcon_core.environment:create_environment_scripts_only(rover_control_test)
[2.939s] INFO:colcon.colcon_core.shell:Creating package script '/home/muztahid/ros_codes/mt_codes/pyserial_test/install/rover_control_test/share/rover_control_test/package.ps1'
[2.940s] INFO:colcon.colcon_core.shell:Creating package descriptor '/home/muztahid/ros_codes/mt_codes/pyserial_test/install/rover_control_test/share/rover_control_test/package.dsv'
[2.942s] INFO:colcon.colcon_core.shell:Creating package script '/home/muztahid/ros_codes/mt_codes/pyserial_test/install/rover_control_test/share/rover_control_test/package.sh'
[2.944s] INFO:colcon.colcon_core.shell:Creating package script '/home/muztahid/ros_codes/mt_codes/pyserial_test/install/rover_control_test/share/rover_control_test/package.bash'
[2.945s] INFO:colcon.colcon_core.shell:Creating package script '/home/muztahid/ros_codes/mt_codes/pyserial_test/install/rover_control_test/share/rover_control_test/package.zsh'
[2.948s] Level 1:colcon.colcon_core.environment:create_file_with_runtime_dependencies(/home/muztahid/ros_codes/mt_codes/pyserial_test/install/rover_control_test/share/colcon-core/packages/rover_control_test)
[2.962s] Level 1:colcon.colcon_core.shell:create_environment_hook('pysender', 'pythonpath_develop')
[2.963s] INFO:colcon.colcon_core.shell:Creating environment hook '/home/muztahid/ros_codes/mt_codes/pyserial_test/build/pysender/share/pysender/hook/pythonpath_develop.ps1'
[2.964s] DEBUG:colcon.colcon_core.event_handler.log_command:Invoked command in '/home/muztahid/ros_codes/mt_codes/pyserial_test/build/pysender' returned '0': PYTHONPATH=/home/muztahid/ros_codes/mt_codes/pyserial_test/build/pysender/prefix_override:/usr/lib/python3/dist-packages/colcon_core/task/python/colcon_distutils_commands:/home/muztahid/ros_codes/mt_codes/pyserial_test/install/pysender/lib/python3.10/site-packages:${PYTHONPATH} /usr/bin/python3 -W ignore:setup.py install is deprecated -W ignore:easy_install command is deprecated setup.py develop --editable --build-directory /home/muztahid/ros_codes/mt_codes/pyserial_test/build/pysender/build --no-deps symlink_data --force
[2.965s] INFO:colcon.colcon_core.shell:Creating environment descriptor '/home/muztahid/ros_codes/mt_codes/pyserial_test/build/pysender/share/pysender/hook/pythonpath_develop.dsv'
[2.966s] INFO:colcon.colcon_core.shell:Creating environment hook '/home/muztahid/ros_codes/mt_codes/pyserial_test/build/pysender/share/pysender/hook/pythonpath_develop.sh'
[2.968s] Level 1:colcon.colcon_core.environment:checking '/home/muztahid/ros_codes/mt_codes/pyserial_test/install/pysender' for CMake module files
[2.968s] Level 1:colcon.colcon_core.environment:checking '/home/muztahid/ros_codes/mt_codes/pyserial_test/install/pysender' for CMake config files
[2.969s] Level 1:colcon.colcon_core.environment:checking '/home/muztahid/ros_codes/mt_codes/pyserial_test/install/pysender/lib'
[2.970s] Level 1:colcon.colcon_core.environment:checking '/home/muztahid/ros_codes/mt_codes/pyserial_test/install/pysender/bin'
[2.970s] Level 1:colcon.colcon_core.environment:checking '/home/muztahid/ros_codes/mt_codes/pyserial_test/install/pysender/lib/pkgconfig/pysender.pc'
[2.970s] Level 1:colcon.colcon_core.environment:checking '/home/muztahid/ros_codes/mt_codes/pyserial_test/install/pysender/lib/python3.10/site-packages'
[2.971s] Level 1:colcon.colcon_core.shell:create_environment_hook('pysender', 'pythonpath')
[2.971s] INFO:colcon.colcon_core.shell:Creating environment hook '/home/muztahid/ros_codes/mt_codes/pyserial_test/install/pysender/share/pysender/hook/pythonpath.ps1'
[2.972s] INFO:colcon.colcon_core.shell:Creating environment descriptor '/home/muztahid/ros_codes/mt_codes/pyserial_test/install/pysender/share/pysender/hook/pythonpath.dsv'
[2.973s] INFO:colcon.colcon_core.shell:Creating environment hook '/home/muztahid/ros_codes/mt_codes/pyserial_test/install/pysender/share/pysender/hook/pythonpath.sh'
[2.975s] Level 1:colcon.colcon_core.environment:checking '/home/muztahid/ros_codes/mt_codes/pyserial_test/install/pysender/bin'
[2.975s] Level 1:colcon.colcon_core.environment:create_environment_scripts_only(pysender)
[2.975s] INFO:colcon.colcon_core.shell:Creating package script '/home/muztahid/ros_codes/mt_codes/pyserial_test/install/pysender/share/pysender/package.ps1'
[2.977s] INFO:colcon.colcon_core.shell:Creating package descriptor '/home/muztahid/ros_codes/mt_codes/pyserial_test/install/pysender/share/pysender/package.dsv'
[2.979s] INFO:colcon.colcon_core.shell:Creating package script '/home/muztahid/ros_codes/mt_codes/pyserial_test/install/pysender/share/pysender/package.sh'
[2.981s] INFO:colcon.colcon_core.shell:Creating package script '/home/muztahid/ros_codes/mt_codes/pyserial_test/install/pysender/share/pysender/package.bash'
[2.983s] INFO:colcon.colcon_core.shell:Creating package script '/home/muztahid/ros_codes/mt_codes/pyserial_test/install/pysender/share/pysender/package.zsh'
[2.985s] Level 1:colcon.colcon_core.environment:create_file_with_runtime_dependencies(/home/muztahid/ros_codes/mt_codes/pyserial_test/install/pysender/share/colcon-core/packages/pysender)
[2.987s] DEBUG:colcon.colcon_parallel_executor.executor.parallel:closing loop
[2.987s] DEBUG:colcon.colcon_parallel_executor.executor.parallel:loop closed
[2.987s] DEBUG:colcon.colcon_parallel_executor.executor.parallel:run_until_complete finished with '0'
[2.987s] DEBUG:colcon.colcon_core.event_reactor:joining thread
[3.002s] INFO:colcon.colcon_core.plugin_system:Skipping extension 'colcon_notification.desktop_notification.terminal_notifier': Not used on non-Darwin systems
[3.002s] INFO:colcon.colcon_core.plugin_system:Skipping extension 'colcon_notification.desktop_notification.win32': Not used on non-Windows systems
[3.002s] INFO:colcon.colcon_notification.desktop_notification:Sending desktop notification using 'notify2'
[3.040s] DEBUG:colcon.colcon_core.event_reactor:joined thread
[3.041s] INFO:colcon.colcon_core.shell:Creating prefix script '/home/muztahid/ros_codes/mt_codes/pyserial_test/install/local_setup.ps1'
[3.044s] INFO:colcon.colcon_core.shell:Creating prefix util module '/home/muztahid/ros_codes/mt_codes/pyserial_test/install/_local_setup_util_ps1.py'
[3.047s] INFO:colcon.colcon_core.shell:Creating prefix chain script '/home/muztahid/ros_codes/mt_codes/pyserial_test/install/setup.ps1'
[3.049s] INFO:colcon.colcon_core.shell:Creating prefix script '/home/muztahid/ros_codes/mt_codes/pyserial_test/install/local_setup.sh'
[3.051s] INFO:colcon.colcon_core.shell:Creating prefix util module '/home/muztahid/ros_codes/mt_codes/pyserial_test/install/_local_setup_util_sh.py'
[3.052s] INFO:colcon.colcon_core.shell:Creating prefix chain script '/home/muztahid/ros_codes/mt_codes/pyserial_test/install/setup.sh'
[3.054s] INFO:colcon.colcon_core.shell:Creating prefix script '/home/muztahid/ros_codes/mt_codes/pyserial_test/install/local_setup.bash'
[3.055s] INFO:colcon.colcon_core.shell:Creating prefix chain script '/home/muztahid/ros_codes/mt_codes/pyserial_test/install/setup.bash'
[3.057s] INFO:colcon.colcon_core.shell:Creating prefix script '/home/muztahid/ros_codes/mt_codes/pyserial_test/install/local_setup.zsh'
[3.059s] INFO:colcon.colcon_core.shell:Creating prefix chain script '/home/muztahid/ros_codes/mt_codes/pyserial_test/install/setup.zsh'
