running develop
running egg_info
creating pysender.egg-info
writing pysender.egg-info/PKG-INFO
writing dependency_links to pysender.egg-info/dependency_links.txt
writing entry points to pysender.egg-info/entry_points.txt
writing requirements to pysender.egg-info/requires.txt
writing top-level names to pysender.egg-info/top_level.txt
writing manifest file 'pysender.egg-info/SOURCES.txt'
reading manifest file 'pysender.egg-info/SOURCES.txt'
writing manifest file 'pysender.egg-info/SOURCES.txt'
running build_ext
Creating /home/hasi/pyserial_test/install/pysender/lib/python3.10/site-packages/pysender.egg-link (link to .)

Installed /home/hasi/pyserial_test/build/pysender
running symlink_data
creating /home/hasi/pyserial_test/install/pysender/share/ament_index
creating /home/hasi/pyserial_test/install/pysender/share/ament_index/resource_index
creating /home/hasi/pyserial_test/install/pysender/share/ament_index/resource_index/packages
symbolically linking /home/hasi/pyserial_test/build/pysender/resource/pysender -> /home/hasi/pyserial_test/install/pysender/share/ament_index/resource_index/packages
symbolically linking /home/hasi/pyserial_test/build/pysender/package.xml -> /home/hasi/pyserial_test/install/pysender/share/pysender
