[0.400s] Invoking command in '/home/hasi/pyserial_test/build/pysender': PYTHONPATH=/home/hasi/pyserial_test/build/pysender/prefix_override:/usr/lib/python3/dist-packages/colcon_core/task/python/colcon_distutils_commands:/home/hasi/pyserial_test/install/pysender/lib/python3.10/site-packages:${PYTHONPATH} /usr/bin/python3 -W ignore:setup.py install is deprecated -W ignore:easy_install command is deprecated setup.py develop --editable --build-directory /home/hasi/pyserial_test/build/pysender/build --no-deps symlink_data
[0.589s] running develop
[0.698s] running egg_info
[0.698s] creating pysender.egg-info
[0.699s] writing pysender.egg-info/PKG-INFO
[0.699s] writing dependency_links to pysender.egg-info/dependency_links.txt
[0.699s] writing entry points to pysender.egg-info/entry_points.txt
[0.699s] writing requirements to pysender.egg-info/requires.txt
[0.699s] writing top-level names to pysender.egg-info/top_level.txt
[0.699s] writing manifest file 'pysender.egg-info/SOURCES.txt'
[0.700s] reading manifest file 'pysender.egg-info/SOURCES.txt'
[0.700s] writing manifest file 'pysender.egg-info/SOURCES.txt'
[0.701s] running build_ext
[0.701s] Creating /home/hasi/pyserial_test/install/pysender/lib/python3.10/site-packages/pysender.egg-link (link to .)
[0.701s] 
[0.701s] Installed /home/hasi/pyserial_test/build/pysender
[0.701s] running symlink_data
[0.701s] creating /home/hasi/pyserial_test/install/pysender/share/ament_index
[0.701s] creating /home/hasi/pyserial_test/install/pysender/share/ament_index/resource_index
[0.701s] creating /home/hasi/pyserial_test/install/pysender/share/ament_index/resource_index/packages
[0.701s] symbolically linking /home/hasi/pyserial_test/build/pysender/resource/pysender -> /home/hasi/pyserial_test/install/pysender/share/ament_index/resource_index/packages
[0.702s] symbolically linking /home/hasi/pyserial_test/build/pysender/package.xml -> /home/hasi/pyserial_test/install/pysender/share/pysender
[0.717s] Invoked command in '/home/hasi/pyserial_test/build/pysender' returned '0': PYTHONPATH=/home/hasi/pyserial_test/build/pysender/prefix_override:/usr/lib/python3/dist-packages/colcon_core/task/python/colcon_distutils_commands:/home/hasi/pyserial_test/install/pysender/lib/python3.10/site-packages:${PYTHONPATH} /usr/bin/python3 -W ignore:setup.py install is deprecated -W ignore:easy_install command is deprecated setup.py develop --editable --build-directory /home/hasi/pyserial_test/build/pysender/build --no-deps symlink_data
