[0.138s] DEBUG:colcon:Command line arguments: ['/usr/bin/colcon', 'build']
[0.139s] DEBUG:colcon:Parsed command line arguments: Namespace(log_base=None, log_level=None, verb_name='build', build_base='build', install_base='install', merge_install=False, symlink_install=False, test_result_base=None, continue_on_error=False, executor='parallel', parallel_workers=4, event_handlers=None, ignore_user_meta=False, metas=['./colcon.meta'], base_paths=['.'], packages_ignore=None, packages_ignore_regex=None, paths=None, packages_up_to=None, packages_up_to_regex=None, packages_above=None, packages_above_and_dependencies=None, packages_above_depth=None, packages_select_by_dep=None, packages_skip_by_dep=None, packages_skip_up_to=None, packages_select_build_failed=False, packages_skip_build_finished=False, packages_select_test_failures=False, packages_skip_test_passed=False, packages_select=None, packages_skip=None, packages_select_regex=None, packages_skip_regex=None, packages_start=None, packages_end=None, allow_overriding=[], cmake_args=None, cmake_target=None, cmake_target_skip_unavailable=False, cmake_clean_cache=False, cmake_clean_first=False, cmake_force_configure=False, ament_cmake_args=None, catkin_cmake_args=None, catkin_skip_building_tests=False, mixin_files=None, mixin=None, verb_parser=<colcon_mixin.mixin.mixin_argument.MixinArgumentDecorator object at 0x7b9fe1115720>, verb_extension=<colcon_core.verb.build.BuildVerb object at 0x7b9fe122e620>, main=<bound method BuildVerb.main of <colcon_core.verb.build.BuildVerb object at 0x7b9fe122e620>>, mixin_verb=('build',))
[0.308s] Level 1:colcon.colcon_core.package_discovery:discover_packages(colcon_meta) check parameters
[0.308s] Level 1:colcon.colcon_core.package_discovery:discover_packages(recursive) check parameters
[0.308s] Level 1:colcon.colcon_core.package_discovery:discover_packages(ignore) check parameters
[0.308s] Level 1:colcon.colcon_core.package_discovery:discover_packages(path) check parameters
[0.308s] Level 1:colcon.colcon_core.package_discovery:discover_packages(colcon_meta) discover
[0.308s] Level 1:colcon.colcon_core.package_discovery:discover_packages(recursive) discover
[0.308s] INFO:colcon.colcon_core.package_discovery:Crawling recursively for packages in '/media/muztahid/New Volume/Mongoltori/pyserial_test'
[0.309s] Level 1:colcon.colcon_core.package_identification:_identify(.) by extensions ['ignore', 'ignore_ament_install']
[0.309s] Level 1:colcon.colcon_core.package_identification:_identify(.) by extension 'ignore'
[0.309s] Level 1:colcon.colcon_core.package_identification:_identify(.) by extension 'ignore_ament_install'
[0.309s] Level 1:colcon.colcon_core.package_identification:_identify(.) by extensions ['colcon_pkg']
[0.310s] Level 1:colcon.colcon_core.package_identification:_identify(.) by extension 'colcon_pkg'
[0.310s] Level 1:colcon.colcon_core.package_identification:_identify(.) by extensions ['colcon_meta']
[0.310s] Level 1:colcon.colcon_core.package_identification:_identify(.) by extension 'colcon_meta'
[0.310s] Level 1:colcon.colcon_core.package_identification:_identify(.) by extensions ['ros']
[0.310s] Level 1:colcon.colcon_core.package_identification:_identify(.) by extension 'ros'
[0.325s] Level 1:colcon.colcon_core.package_identification:_identify(.) by extensions ['cmake', 'python']
[0.325s] Level 1:colcon.colcon_core.package_identification:_identify(.) by extension 'cmake'
[0.325s] Level 1:colcon.colcon_core.package_identification:_identify(.) by extension 'python'
[0.326s] Level 1:colcon.colcon_core.package_identification:_identify(.) by extensions ['python_setup_py']
[0.326s] Level 1:colcon.colcon_core.package_identification:_identify(.) by extension 'python_setup_py'
[0.326s] Level 1:colcon.colcon_core.package_identification:_identify(build) by extensions ['ignore', 'ignore_ament_install']
[0.326s] Level 1:colcon.colcon_core.package_identification:_identify(build) by extension 'ignore'
[0.327s] Level 1:colcon.colcon_core.package_identification:_identify(build) ignored
[0.327s] Level 1:colcon.colcon_core.package_identification:_identify(install) by extensions ['ignore', 'ignore_ament_install']
[0.327s] Level 1:colcon.colcon_core.package_identification:_identify(install) by extension 'ignore'
[0.327s] Level 1:colcon.colcon_core.package_identification:_identify(install) ignored
[0.328s] Level 1:colcon.colcon_core.package_identification:_identify(log) by extensions ['ignore', 'ignore_ament_install']
[0.329s] Level 1:colcon.colcon_core.package_identification:_identify(log) by extension 'ignore'
[0.329s] Level 1:colcon.colcon_core.package_identification:_identify(log) ignored
[0.329s] Level 1:colcon.colcon_core.package_identification:_identify(src) by extensions ['ignore', 'ignore_ament_install']
[0.329s] Level 1:colcon.colcon_core.package_identification:_identify(src) by extension 'ignore'
[0.330s] Level 1:colcon.colcon_core.package_identification:_identify(src) by extension 'ignore_ament_install'
[0.330s] Level 1:colcon.colcon_core.package_identification:_identify(src) by extensions ['colcon_pkg']
[0.330s] Level 1:colcon.colcon_core.package_identification:_identify(src) by extension 'colcon_pkg'
[0.330s] Level 1:colcon.colcon_core.package_identification:_identify(src) by extensions ['colcon_meta']
[0.330s] Level 1:colcon.colcon_core.package_identification:_identify(src) by extension 'colcon_meta'
[0.330s] Level 1:colcon.colcon_core.package_identification:_identify(src) by extensions ['ros']
[0.331s] Level 1:colcon.colcon_core.package_identification:_identify(src) by extension 'ros'
[0.331s] Level 1:colcon.colcon_core.package_identification:_identify(src) by extensions ['cmake', 'python']
[0.331s] Level 1:colcon.colcon_core.package_identification:_identify(src) by extension 'cmake'
[0.331s] Level 1:colcon.colcon_core.package_identification:_identify(src) by extension 'python'
[0.331s] Level 1:colcon.colcon_core.package_identification:_identify(src) by extensions ['python_setup_py']
[0.332s] Level 1:colcon.colcon_core.package_identification:_identify(src) by extension 'python_setup_py'
[0.332s] Level 1:colcon.colcon_core.package_identification:_identify(src/log) by extensions ['ignore', 'ignore_ament_install']
[0.333s] Level 1:colcon.colcon_core.package_identification:_identify(src/log) by extension 'ignore'
[0.333s] Level 1:colcon.colcon_core.package_identification:_identify(src/log) ignored
[0.333s] Level 1:colcon.colcon_core.package_identification:_identify(src/pysender) by extensions ['ignore', 'ignore_ament_install']
[0.334s] Level 1:colcon.colcon_core.package_identification:_identify(src/pysender) by extension 'ignore'
[0.334s] Level 1:colcon.colcon_core.package_identification:_identify(src/pysender) by extension 'ignore_ament_install'
[0.334s] Level 1:colcon.colcon_core.package_identification:_identify(src/pysender) by extensions ['colcon_pkg']
[0.334s] Level 1:colcon.colcon_core.package_identification:_identify(src/pysender) by extension 'colcon_pkg'
[0.334s] Level 1:colcon.colcon_core.package_identification:_identify(src/pysender) by extensions ['colcon_meta']
[0.335s] Level 1:colcon.colcon_core.package_identification:_identify(src/pysender) by extension 'colcon_meta'
[0.335s] Level 1:colcon.colcon_core.package_identification:_identify(src/pysender) by extensions ['ros']
[0.335s] Level 1:colcon.colcon_core.package_identification:_identify(src/pysender) by extension 'ros'
[0.339s] DEBUG:colcon.colcon_core.package_identification:Package 'src/pysender' with type 'ros.ament_python' and name 'pysender'
[0.340s] Level 1:colcon.colcon_core.package_identification:_identify(src/rover_control_test) by extensions ['ignore', 'ignore_ament_install']
[0.340s] Level 1:colcon.colcon_core.package_identification:_identify(src/rover_control_test) by extension 'ignore'
[0.340s] Level 1:colcon.colcon_core.package_identification:_identify(src/rover_control_test) by extension 'ignore_ament_install'
[0.340s] Level 1:colcon.colcon_core.package_identification:_identify(src/rover_control_test) by extensions ['colcon_pkg']
[0.340s] Level 1:colcon.colcon_core.package_identification:_identify(src/rover_control_test) by extension 'colcon_pkg'
[0.341s] Level 1:colcon.colcon_core.package_identification:_identify(src/rover_control_test) by extensions ['colcon_meta']
[0.341s] Level 1:colcon.colcon_core.package_identification:_identify(src/rover_control_test) by extension 'colcon_meta'
[0.341s] Level 1:colcon.colcon_core.package_identification:_identify(src/rover_control_test) by extensions ['ros']
[0.341s] Level 1:colcon.colcon_core.package_identification:_identify(src/rover_control_test) by extension 'ros'
[0.343s] DEBUG:colcon.colcon_core.package_identification:Package 'src/rover_control_test' with type 'ros.ament_python' and name 'rover_control_test'
[0.343s] Level 1:colcon.colcon_core.package_discovery:discover_packages(recursive) using defaults
[0.344s] Level 1:colcon.colcon_core.package_discovery:discover_packages(ignore) discover
[0.344s] Level 1:colcon.colcon_core.package_discovery:discover_packages(ignore) using defaults
[0.344s] Level 1:colcon.colcon_core.package_discovery:discover_packages(path) discover
[0.344s] Level 1:colcon.colcon_core.package_discovery:discover_packages(path) using defaults
[0.373s] Level 1:colcon.colcon_core.package_discovery:discover_packages(prefix_path) check parameters
[0.373s] Level 1:colcon.colcon_core.package_discovery:discover_packages(prefix_path) discover
[0.375s] Level 1:colcon.colcon_core.package_discovery:discover_packages(prefix_path) using defaults
[0.376s] Level 5:colcon.colcon_core.verb:set package 'pysender' build argument 'cmake_args' from command line to 'None'
[0.376s] Level 5:colcon.colcon_core.verb:set package 'pysender' build argument 'cmake_target' from command line to 'None'
[0.376s] Level 5:colcon.colcon_core.verb:set package 'pysender' build argument 'cmake_target_skip_unavailable' from command line to 'False'
[0.376s] Level 5:colcon.colcon_core.verb:set package 'pysender' build argument 'cmake_clean_cache' from command line to 'False'
[0.377s] Level 5:colcon.colcon_core.verb:set package 'pysender' build argument 'cmake_clean_first' from command line to 'False'
[0.377s] Level 5:colcon.colcon_core.verb:set package 'pysender' build argument 'cmake_force_configure' from command line to 'False'
[0.377s] Level 5:colcon.colcon_core.verb:set package 'pysender' build argument 'ament_cmake_args' from command line to 'None'
[0.377s] Level 5:colcon.colcon_core.verb:set package 'pysender' build argument 'catkin_cmake_args' from command line to 'None'
[0.377s] Level 5:colcon.colcon_core.verb:set package 'pysender' build argument 'catkin_skip_building_tests' from command line to 'False'
[0.377s] DEBUG:colcon.colcon_core.verb:Building package 'pysender' with the following arguments: {'ament_cmake_args': None, 'build_base': '/media/muztahid/New Volume/Mongoltori/pyserial_test/build/pysender', 'catkin_cmake_args': None, 'catkin_skip_building_tests': False, 'cmake_args': None, 'cmake_clean_cache': False, 'cmake_clean_first': False, 'cmake_force_configure': False, 'cmake_target': None, 'cmake_target_skip_unavailable': False, 'install_base': '/media/muztahid/New Volume/Mongoltori/pyserial_test/install/pysender', 'merge_install': False, 'path': '/media/muztahid/New Volume/Mongoltori/pyserial_test/src/pysender', 'symlink_install': False, 'test_result_base': None}
[0.378s] Level 5:colcon.colcon_core.verb:set package 'rover_control_test' build argument 'cmake_args' from command line to 'None'
[0.378s] Level 5:colcon.colcon_core.verb:set package 'rover_control_test' build argument 'cmake_target' from command line to 'None'
[0.378s] Level 5:colcon.colcon_core.verb:set package 'rover_control_test' build argument 'cmake_target_skip_unavailable' from command line to 'False'
[0.378s] Level 5:colcon.colcon_core.verb:set package 'rover_control_test' build argument 'cmake_clean_cache' from command line to 'False'
[0.378s] Level 5:colcon.colcon_core.verb:set package 'rover_control_test' build argument 'cmake_clean_first' from command line to 'False'
[0.378s] Level 5:colcon.colcon_core.verb:set package 'rover_control_test' build argument 'cmake_force_configure' from command line to 'False'
[0.379s] Level 5:colcon.colcon_core.verb:set package 'rover_control_test' build argument 'ament_cmake_args' from command line to 'None'
[0.379s] Level 5:colcon.colcon_core.verb:set package 'rover_control_test' build argument 'catkin_cmake_args' from command line to 'None'
[0.379s] Level 5:colcon.colcon_core.verb:set package 'rover_control_test' build argument 'catkin_skip_building_tests' from command line to 'False'
[0.379s] DEBUG:colcon.colcon_core.verb:Building package 'rover_control_test' with the following arguments: {'ament_cmake_args': None, 'build_base': '/media/muztahid/New Volume/Mongoltori/pyserial_test/build/rover_control_test', 'catkin_cmake_args': None, 'catkin_skip_building_tests': False, 'cmake_args': None, 'cmake_clean_cache': False, 'cmake_clean_first': False, 'cmake_force_configure': False, 'cmake_target': None, 'cmake_target_skip_unavailable': False, 'install_base': '/media/muztahid/New Volume/Mongoltori/pyserial_test/install/rover_control_test', 'merge_install': False, 'path': '/media/muztahid/New Volume/Mongoltori/pyserial_test/src/rover_control_test', 'symlink_install': False, 'test_result_base': None}
[0.379s] INFO:colcon.colcon_core.executor:Executing jobs using 'parallel' executor
[0.381s] DEBUG:colcon.colcon_parallel_executor.executor.parallel:run_until_complete
[0.381s] INFO:colcon.colcon_ros.task.ament_python.build:Building ROS package in '/media/muztahid/New Volume/Mongoltori/pyserial_test/src/pysender' with build type 'ament_python'
[0.382s] Level 1:colcon.colcon_core.shell:create_environment_hook('pysender', 'ament_prefix_path')
[0.385s] INFO:colcon.colcon_core.plugin_system:Skipping extension 'colcon_core.shell.bat': Not used on non-Windows systems
[0.386s] INFO:colcon.colcon_core.shell:Creating environment hook '/media/muztahid/New Volume/Mongoltori/pyserial_test/install/pysender/share/pysender/hook/ament_prefix_path.ps1'
[0.389s] INFO:colcon.colcon_core.shell:Creating environment descriptor '/media/muztahid/New Volume/Mongoltori/pyserial_test/install/pysender/share/pysender/hook/ament_prefix_path.dsv'
[0.390s] INFO:colcon.colcon_core.shell:Creating environment hook '/media/muztahid/New Volume/Mongoltori/pyserial_test/install/pysender/share/pysender/hook/ament_prefix_path.sh'
[0.391s] INFO:colcon.colcon_core.shell:Skip shell extension 'powershell' for command environment: Not usable outside of PowerShell
[0.392s] DEBUG:colcon.colcon_core.shell:Skip shell extension 'dsv' for command environment
[0.394s] INFO:colcon.colcon_ros.task.ament_python.build:Building ROS package in '/media/muztahid/New Volume/Mongoltori/pyserial_test/src/rover_control_test' with build type 'ament_python'
[0.394s] Level 1:colcon.colcon_core.shell:create_environment_hook('rover_control_test', 'ament_prefix_path')
[0.395s] INFO:colcon.colcon_core.shell:Creating environment hook '/media/muztahid/New Volume/Mongoltori/pyserial_test/install/rover_control_test/share/rover_control_test/hook/ament_prefix_path.ps1'
[0.397s] INFO:colcon.colcon_core.shell:Creating environment descriptor '/media/muztahid/New Volume/Mongoltori/pyserial_test/install/rover_control_test/share/rover_control_test/hook/ament_prefix_path.dsv'
[0.400s] INFO:colcon.colcon_core.shell:Creating environment hook '/media/muztahid/New Volume/Mongoltori/pyserial_test/install/rover_control_test/share/rover_control_test/hook/ament_prefix_path.sh'
[0.401s] INFO:colcon.colcon_core.shell:Skip shell extension 'powershell' for command environment: Not usable outside of PowerShell
[0.401s] DEBUG:colcon.colcon_core.shell:Skip shell extension 'dsv' for command environment
[0.693s] INFO:colcon.colcon_core.task.python.build:Building Python package in '/media/muztahid/New Volume/Mongoltori/pyserial_test/src/pysender'
[0.693s] INFO:colcon.colcon_core.shell:Skip shell extension 'powershell' for command environment: Not usable outside of PowerShell
[0.693s] DEBUG:colcon.colcon_core.shell:Skip shell extension 'dsv' for command environment
[0.979s] INFO:colcon.colcon_core.task.python.build:Building Python package in '/media/muztahid/New Volume/Mongoltori/pyserial_test/src/rover_control_test'
[0.979s] INFO:colcon.colcon_core.shell:Skip shell extension 'powershell' for command environment: Not usable outside of PowerShell
[0.980s] DEBUG:colcon.colcon_core.shell:Skip shell extension 'dsv' for command environment
[1.476s] DEBUG:colcon.colcon_core.event_handler.log_command:Invoking command in '/media/muztahid/New Volume/Mongoltori/pyserial_test/src/pysender': PYTHONPATH=/media/muztahid/New Volume/Mongoltori/pyserial_test/build/pysender/prefix_override:/usr/lib/python3/dist-packages/colcon_core/task/python/colcon_distutils_commands:/media/muztahid/New Volume/Mongoltori/pyserial_test/install/pysender/lib/python3.10/site-packages: /usr/bin/python3 -W ignore:setup.py install is deprecated -W ignore:easy_install command is deprecated setup.py egg_info --egg-base ../../build/pysender build --build-base /media/muztahid/New Volume/Mongoltori/pyserial_test/build/pysender/build install --record /media/muztahid/New Volume/Mongoltori/pyserial_test/build/pysender/install.log --single-version-externally-managed install_data
[1.482s] DEBUG:colcon.colcon_core.event_handler.log_command:Invoking command in '/media/muztahid/New Volume/Mongoltori/pyserial_test/src/rover_control_test': PYTHONPATH=/media/muztahid/New Volume/Mongoltori/pyserial_test/build/rover_control_test/prefix_override:/usr/lib/python3/dist-packages/colcon_core/task/python/colcon_distutils_commands:/media/muztahid/New Volume/Mongoltori/pyserial_test/install/rover_control_test/lib/python3.10/site-packages: /usr/bin/python3 -W ignore:setup.py install is deprecated -W ignore:easy_install command is deprecated setup.py egg_info --egg-base ../../build/rover_control_test build --build-base /media/muztahid/New Volume/Mongoltori/pyserial_test/build/rover_control_test/build install --record /media/muztahid/New Volume/Mongoltori/pyserial_test/build/rover_control_test/install.log --single-version-externally-managed install_data
[1.958s] DEBUG:colcon.colcon_core.event_handler.log_command:Invoked command in '/media/muztahid/New Volume/Mongoltori/pyserial_test/src/rover_control_test' returned '0': PYTHONPATH=/media/muztahid/New Volume/Mongoltori/pyserial_test/build/rover_control_test/prefix_override:/usr/lib/python3/dist-packages/colcon_core/task/python/colcon_distutils_commands:/media/muztahid/New Volume/Mongoltori/pyserial_test/install/rover_control_test/lib/python3.10/site-packages: /usr/bin/python3 -W ignore:setup.py install is deprecated -W ignore:easy_install command is deprecated setup.py egg_info --egg-base ../../build/rover_control_test build --build-base /media/muztahid/New Volume/Mongoltori/pyserial_test/build/rover_control_test/build install --record /media/muztahid/New Volume/Mongoltori/pyserial_test/build/rover_control_test/install.log --single-version-externally-managed install_data
[1.961s] Level 1:colcon.colcon_core.environment:checking '/media/muztahid/New Volume/Mongoltori/pyserial_test/install/rover_control_test' for CMake module files
[1.964s] Level 1:colcon.colcon_core.environment:checking '/media/muztahid/New Volume/Mongoltori/pyserial_test/install/rover_control_test' for CMake config files
[1.969s] Level 1:colcon.colcon_core.environment:checking '/media/muztahid/New Volume/Mongoltori/pyserial_test/install/rover_control_test/lib'
[1.970s] Level 1:colcon.colcon_core.environment:checking '/media/muztahid/New Volume/Mongoltori/pyserial_test/install/rover_control_test/bin'
[1.970s] Level 1:colcon.colcon_core.environment:checking '/media/muztahid/New Volume/Mongoltori/pyserial_test/install/rover_control_test/lib/pkgconfig/rover_control_test.pc'
[1.971s] Level 1:colcon.colcon_core.environment:checking '/media/muztahid/New Volume/Mongoltori/pyserial_test/install/rover_control_test/lib/python3.10/site-packages'
[1.971s] Level 1:colcon.colcon_core.shell:create_environment_hook('rover_control_test', 'pythonpath')
[1.972s] INFO:colcon.colcon_core.shell:Creating environment hook '/media/muztahid/New Volume/Mongoltori/pyserial_test/install/rover_control_test/share/rover_control_test/hook/pythonpath.ps1'
[1.973s] INFO:colcon.colcon_core.shell:Creating environment descriptor '/media/muztahid/New Volume/Mongoltori/pyserial_test/install/rover_control_test/share/rover_control_test/hook/pythonpath.dsv'
[1.975s] INFO:colcon.colcon_core.shell:Creating environment hook '/media/muztahid/New Volume/Mongoltori/pyserial_test/install/rover_control_test/share/rover_control_test/hook/pythonpath.sh'
[1.977s] Level 1:colcon.colcon_core.environment:checking '/media/muztahid/New Volume/Mongoltori/pyserial_test/install/rover_control_test/bin'
[1.977s] Level 1:colcon.colcon_core.environment:create_environment_scripts_only(rover_control_test)
[1.978s] INFO:colcon.colcon_core.shell:Creating package script '/media/muztahid/New Volume/Mongoltori/pyserial_test/install/rover_control_test/share/rover_control_test/package.ps1'
[1.980s] INFO:colcon.colcon_core.shell:Creating package descriptor '/media/muztahid/New Volume/Mongoltori/pyserial_test/install/rover_control_test/share/rover_control_test/package.dsv'
[1.982s] INFO:colcon.colcon_core.shell:Creating package script '/media/muztahid/New Volume/Mongoltori/pyserial_test/install/rover_control_test/share/rover_control_test/package.sh'
[1.984s] INFO:colcon.colcon_core.shell:Creating package script '/media/muztahid/New Volume/Mongoltori/pyserial_test/install/rover_control_test/share/rover_control_test/package.bash'
[1.987s] INFO:colcon.colcon_core.shell:Creating package script '/media/muztahid/New Volume/Mongoltori/pyserial_test/install/rover_control_test/share/rover_control_test/package.zsh'
[1.990s] Level 1:colcon.colcon_core.environment:create_file_with_runtime_dependencies(/media/muztahid/New Volume/Mongoltori/pyserial_test/install/rover_control_test/share/colcon-core/packages/rover_control_test)
[1.994s] Level 1:colcon.colcon_core.environment:checking '/media/muztahid/New Volume/Mongoltori/pyserial_test/install/pysender' for CMake module files
[1.995s] DEBUG:colcon.colcon_core.event_handler.log_command:Invoked command in '/media/muztahid/New Volume/Mongoltori/pyserial_test/src/pysender' returned '0': PYTHONPATH=/media/muztahid/New Volume/Mongoltori/pyserial_test/build/pysender/prefix_override:/usr/lib/python3/dist-packages/colcon_core/task/python/colcon_distutils_commands:/media/muztahid/New Volume/Mongoltori/pyserial_test/install/pysender/lib/python3.10/site-packages: /usr/bin/python3 -W ignore:setup.py install is deprecated -W ignore:easy_install command is deprecated setup.py egg_info --egg-base ../../build/pysender build --build-base /media/muztahid/New Volume/Mongoltori/pyserial_test/build/pysender/build install --record /media/muztahid/New Volume/Mongoltori/pyserial_test/build/pysender/install.log --single-version-externally-managed install_data
[1.998s] Level 1:colcon.colcon_core.environment:checking '/media/muztahid/New Volume/Mongoltori/pyserial_test/install/pysender' for CMake config files
[2.003s] Level 1:colcon.colcon_core.environment:checking '/media/muztahid/New Volume/Mongoltori/pyserial_test/install/pysender/lib'
[2.003s] Level 1:colcon.colcon_core.environment:checking '/media/muztahid/New Volume/Mongoltori/pyserial_test/install/pysender/bin'
[2.003s] Level 1:colcon.colcon_core.environment:checking '/media/muztahid/New Volume/Mongoltori/pyserial_test/install/pysender/lib/pkgconfig/pysender.pc'
[2.004s] Level 1:colcon.colcon_core.environment:checking '/media/muztahid/New Volume/Mongoltori/pyserial_test/install/pysender/lib/python3.10/site-packages'
[2.004s] Level 1:colcon.colcon_core.shell:create_environment_hook('pysender', 'pythonpath')
[2.004s] INFO:colcon.colcon_core.shell:Creating environment hook '/media/muztahid/New Volume/Mongoltori/pyserial_test/install/pysender/share/pysender/hook/pythonpath.ps1'
[2.005s] INFO:colcon.colcon_core.shell:Creating environment descriptor '/media/muztahid/New Volume/Mongoltori/pyserial_test/install/pysender/share/pysender/hook/pythonpath.dsv'
[2.007s] INFO:colcon.colcon_core.shell:Creating environment hook '/media/muztahid/New Volume/Mongoltori/pyserial_test/install/pysender/share/pysender/hook/pythonpath.sh'
[2.008s] Level 1:colcon.colcon_core.environment:checking '/media/muztahid/New Volume/Mongoltori/pyserial_test/install/pysender/bin'
[2.008s] Level 1:colcon.colcon_core.environment:create_environment_scripts_only(pysender)
[2.008s] INFO:colcon.colcon_core.shell:Creating package script '/media/muztahid/New Volume/Mongoltori/pyserial_test/install/pysender/share/pysender/package.ps1'
[2.010s] INFO:colcon.colcon_core.shell:Creating package descriptor '/media/muztahid/New Volume/Mongoltori/pyserial_test/install/pysender/share/pysender/package.dsv'
[2.011s] INFO:colcon.colcon_core.shell:Creating package script '/media/muztahid/New Volume/Mongoltori/pyserial_test/install/pysender/share/pysender/package.sh'
[2.012s] INFO:colcon.colcon_core.shell:Creating package script '/media/muztahid/New Volume/Mongoltori/pyserial_test/install/pysender/share/pysender/package.bash'
[2.013s] INFO:colcon.colcon_core.shell:Creating package script '/media/muztahid/New Volume/Mongoltori/pyserial_test/install/pysender/share/pysender/package.zsh'
[2.014s] Level 1:colcon.colcon_core.environment:create_file_with_runtime_dependencies(/media/muztahid/New Volume/Mongoltori/pyserial_test/install/pysender/share/colcon-core/packages/pysender)
[2.015s] DEBUG:colcon.colcon_parallel_executor.executor.parallel:closing loop
[2.016s] DEBUG:colcon.colcon_parallel_executor.executor.parallel:loop closed
[2.016s] DEBUG:colcon.colcon_parallel_executor.executor.parallel:run_until_complete finished with '0'
[2.016s] DEBUG:colcon.colcon_core.event_reactor:joining thread
[2.024s] INFO:colcon.colcon_core.plugin_system:Skipping extension 'colcon_notification.desktop_notification.terminal_notifier': Not used on non-Darwin systems
[2.024s] INFO:colcon.colcon_core.plugin_system:Skipping extension 'colcon_notification.desktop_notification.win32': Not used on non-Windows systems
[2.024s] INFO:colcon.colcon_notification.desktop_notification:Sending desktop notification using 'notify2'
[2.057s] DEBUG:colcon.colcon_core.event_reactor:joined thread
[2.057s] INFO:colcon.colcon_core.shell:Creating prefix script '/media/muztahid/New Volume/Mongoltori/pyserial_test/install/local_setup.ps1'
[2.060s] INFO:colcon.colcon_core.shell:Creating prefix util module '/media/muztahid/New Volume/Mongoltori/pyserial_test/install/_local_setup_util_ps1.py'
[2.062s] INFO:colcon.colcon_core.shell:Creating prefix chain script '/media/muztahid/New Volume/Mongoltori/pyserial_test/install/setup.ps1'
[2.068s] INFO:colcon.colcon_core.shell:Creating prefix script '/media/muztahid/New Volume/Mongoltori/pyserial_test/install/local_setup.sh'
[2.069s] INFO:colcon.colcon_core.shell:Creating prefix util module '/media/muztahid/New Volume/Mongoltori/pyserial_test/install/_local_setup_util_sh.py'
[2.071s] INFO:colcon.colcon_core.shell:Creating prefix chain script '/media/muztahid/New Volume/Mongoltori/pyserial_test/install/setup.sh'
[2.073s] INFO:colcon.colcon_core.shell:Creating prefix script '/media/muztahid/New Volume/Mongoltori/pyserial_test/install/local_setup.bash'
[2.074s] INFO:colcon.colcon_core.shell:Creating prefix chain script '/media/muztahid/New Volume/Mongoltori/pyserial_test/install/setup.bash'
[2.077s] INFO:colcon.colcon_core.shell:Creating prefix script '/media/muztahid/New Volume/Mongoltori/pyserial_test/install/local_setup.zsh'
[2.079s] INFO:colcon.colcon_core.shell:Creating prefix chain script '/media/muztahid/New Volume/Mongoltori/pyserial_test/install/setup.zsh'
