[0.627s] Invoking command in '/home/hasi/pyserial_test/src/pysender': PYTHONPATH=/home/hasi/pyserial_test/build/pysender/prefix_override:/usr/lib/python3/dist-packages/colcon_core/task/python/colcon_distutils_commands:/home/hasi/pyserial_test/install/pysender/lib/python3.10/site-packages:${PYTHONPATH} /usr/bin/python3 -W ignore:setup.py install is deprecated -W ignore:easy_install command is deprecated setup.py egg_info --egg-base ../../build/pysender build --build-base /home/hasi/pyserial_test/build/pysender/build install --record /home/hasi/pyserial_test/build/pysender/install.log --single-version-externally-managed install_data
[0.797s] running egg_info
[0.798s] writing ../../build/pysender/pysender.egg-info/PKG-INFO
[0.798s] writing dependency_links to ../../build/pysender/pysender.egg-info/dependency_links.txt
[0.798s] writing entry points to ../../build/pysender/pysender.egg-info/entry_points.txt
[0.798s] writing requirements to ../../build/pysender/pysender.egg-info/requires.txt
[0.798s] writing top-level names to ../../build/pysender/pysender.egg-info/top_level.txt
[0.799s] reading manifest file '../../build/pysender/pysender.egg-info/SOURCES.txt'
[0.799s] writing manifest file '../../build/pysender/pysender.egg-info/SOURCES.txt'
[0.800s] running build
[0.800s] running build_py
[0.800s] running install
[0.800s] running install_lib
[0.801s] running install_data
[0.801s] running install_egg_info
[0.802s] removing '/home/hasi/pyserial_test/install/pysender/lib/python3.10/site-packages/pysender-0.0.0-py3.10.egg-info' (and everything under it)
[0.802s] Copying ../../build/pysender/pysender.egg-info to /home/hasi/pyserial_test/install/pysender/lib/python3.10/site-packages/pysender-0.0.0-py3.10.egg-info
[0.802s] running install_scripts
[0.816s] Installing pysender script to /home/hasi/pyserial_test/install/pysender/lib/pysender
[0.816s] writing list of installed files to '/home/hasi/pyserial_test/build/pysender/install.log'
[0.834s] Invoked command in '/home/hasi/pyserial_test/src/pysender' returned '0': PYTHONPATH=/home/hasi/pyserial_test/build/pysender/prefix_override:/usr/lib/python3/dist-packages/colcon_core/task/python/colcon_distutils_commands:/home/hasi/pyserial_test/install/pysender/lib/python3.10/site-packages:${PYTHONPATH} /usr/bin/python3 -W ignore:setup.py install is deprecated -W ignore:easy_install command is deprecated setup.py egg_info --egg-base ../../build/pysender build --build-base /home/hasi/pyserial_test/build/pysender/build install --record /home/hasi/pyserial_test/build/pysender/install.log --single-version-externally-managed install_data
