[1.557s] Invoking command in '/media/muztahid/New Volume/Mongoltori/pyserial_test/src/pysender': PYTHONPATH=/media/muztahid/New Volume/Mongoltori/pyserial_test/build/pysender/prefix_override:/usr/lib/python3/dist-packages/colcon_core/task/python/colcon_distutils_commands:/media/muztahid/New Volume/Mongoltori/pyserial_test/install/pysender/lib/python3.10/site-packages:${PYTHONPATH} /usr/bin/python3 -W ignore:setup.py install is deprecated -W ignore:easy_install command is deprecated setup.py egg_info --egg-base ../../build/pysender build --build-base /media/muztahid/New Volume/Mongoltori/pyserial_test/build/pysender/build install --record /media/muztahid/New Volume/Mongoltori/pyserial_test/build/pysender/install.log --single-version-externally-managed install_data
[2.072s] running egg_info
[2.073s] writing ../../build/pysender/pysender.egg-info/PKG-INFO
[2.074s] writing dependency_links to ../../build/pysender/pysender.egg-info/dependency_links.txt
[2.076s] writing entry points to ../../build/pysender/pysender.egg-info/entry_points.txt
[2.077s] writing requirements to ../../build/pysender/pysender.egg-info/requires.txt
[2.078s] writing top-level names to ../../build/pysender/pysender.egg-info/top_level.txt
[2.086s] reading manifest file '../../build/pysender/pysender.egg-info/SOURCES.txt'
[2.094s] writing manifest file '../../build/pysender/pysender.egg-info/SOURCES.txt'
[2.095s] running build
[2.095s] running build_py
[2.098s] running install
[2.099s] running install_lib
[2.108s] running install_data
[2.111s] running install_egg_info
[2.116s] removing '/media/muztahid/New Volume/Mongoltori/pyserial_test/install/pysender/lib/python3.10/site-packages/pysender-0.0.0-py3.10.egg-info' (and everything under it)
[2.124s] Copying ../../build/pysender/pysender.egg-info to /media/muztahid/New Volume/Mongoltori/pyserial_test/install/pysender/lib/python3.10/site-packages/pysender-0.0.0-py3.10.egg-info
[2.150s] running install_scripts
[2.191s] Installing pysender script to /media/muztahid/New Volume/Mongoltori/pyserial_test/install/pysender/lib/pysender
[2.193s] writing list of installed files to '/media/muztahid/New Volume/Mongoltori/pyserial_test/build/pysender/install.log'
[2.276s] Invoked command in '/media/muztahid/New Volume/Mongoltori/pyserial_test/src/pysender' returned '0': PYTHONPATH=/media/muztahid/New Volume/Mongoltori/pyserial_test/build/pysender/prefix_override:/usr/lib/python3/dist-packages/colcon_core/task/python/colcon_distutils_commands:/media/muztahid/New Volume/Mongoltori/pyserial_test/install/pysender/lib/python3.10/site-packages:${PYTHONPATH} /usr/bin/python3 -W ignore:setup.py install is deprecated -W ignore:easy_install command is deprecated setup.py egg_info --egg-base ../../build/pysender build --build-base /media/muztahid/New Volume/Mongoltori/pyserial_test/build/pysender/build install --record /media/muztahid/New Volume/Mongoltori/pyserial_test/build/pysender/install.log --single-version-externally-managed install_data
